#
# There is insufficient memory for the Java Runtime Environment to continue.
# Native memory allocation (malloc) failed to allocate 262160 bytes for Chunk::new
# Possible reasons:
#   The system is out of physical RAM or swap space
#   The process is running with CompressedOops enabled, and the Java Heap may be blocking the growth of the native heap
# Possible solutions:
#   Reduce memory load on the system
#   Increase physical memory or swap space
#   Check if swap backing store is full
#   Decrease Java heap size (-Xmx/-Xms)
#   Decrease number of Java threads
#   Decrease Java thread stack sizes (-Xss)
#   Set larger code cache with -XX:ReservedCodeCacheSize=
#   JVM is running with Unscaled Compressed Oops mode in which the Java heap is
#     placed in the first 4GB address space. The Java Heap base address is the
#     maximum limit for the native heap growth. Please use -XX:HeapBaseMinAddress
#     to set the Java Heap base and to place the Java Heap above 4GB virtual address.
# This output file may be truncated or incomplete.
#
#  Out of Memory Error (./open/src/hotspot/share/memory/arena.cpp:195), pid=23628, tid=24804
#
# JRE version: Java(TM) SE Runtime Environment (15.0.2+7) (build 15.0.2+7-27)
# Java VM: Java HotSpot(TM) 64-Bit Server VM (15.0.2+7-27, mixed mode, sharing, tiered, compressed oops, g1 gc, windows-amd64)
# No core dump will be written. Minidumps are not enabled by default on client versions of Windows
#

---------------  S U M M A R Y ------------

Command Line: -Denv.class.path=C:\Program Files\Java\jdk-12.0.1\lib; -Dapplication.home=C:\Program Files\Java\jdk-15.0.2 --add-modules=ALL-DEFAULT -Xms8m -Djdk.module.main=jdk.compiler jdk.compiler/com.sun.tools.javac.Main -d D:\java\Travel Management System\build\classes -classpath D:\java\Travel Management System\build\classes;C:\mysql-connector-java-8.0.21\mysql-connector-java-8.0.21.jar -sourcepath D:\java\Travel Management System\src -target 15 -encoding UTF-8 -g -processorpath C:\mysql-connector-java-8.0.21\mysql-connector-java-8.0.21.jar;D:\java\Travel Management System\build\empty -s D:\java\Travel Management System\build\generated-sources\ap-source-output -source 15 D:\java\Travel Management System\src\travel\management\system\ForgotPassword.java

Host: Intel(R) Core(TM) i5-8300H CPU @ 2.30GHz, 8 cores, 7G,  Windows 10 , 64 bit Build 19041 (10.0.19041.804)
Time: Wed Mar  3 14:15:32 2021 India Standard Time elapsed time: 1.185069 seconds (0d 0h 0m 1s)

---------------  T H R E A D  ---------------

Current thread (0x00000200ff65f3e0):  JavaThread "C2 CompilerThread0" daemon [_thread_in_native, id=24804, stack(0x000000382e400000,0x000000382e500000)]


Current CompileTask:
C2:   1185 1472       4       com.sun.tools.javac.jvm.PoolReader::resolve (341 bytes)

Stack: [0x000000382e400000,0x000000382e500000]
Native frames: (J=compiled Java code, j=interpreted, Vv=VM code, C=native code)
V  [jvm.dll+0x62ae9a]
V  [jvm.dll+0x7817a9]
V  [jvm.dll+0x782f03]
V  [jvm.dll+0x783563]
V  [jvm.dll+0x216325]
V  [jvm.dll+0x97f3a]
V  [jvm.dll+0x9861c]
V  [jvm.dll+0x650f22]
V  [jvm.dll+0x651273]
V  [jvm.dll+0x652d83]
V  [jvm.dll+0x6517ae]
V  [jvm.dll+0x1ec0dc]
V  [jvm.dll+0x1e9867]
V  [jvm.dll+0x178567]
V  [jvm.dll+0x1f9225]
V  [jvm.dll+0x1f72cc]
V  [jvm.dll+0x74495d]
V  [jvm.dll+0x73d75a]
V  [jvm.dll+0x629c56]
C  [ucrtbase.dll+0x21bb2]
C  [KERNEL32.DLL+0x17034]
C  [ntdll.dll+0x4d241]


---------------  P R O C E S S  ---------------

Threads class SMR info:
_java_thread_list=0x00000200934fd9f0, length=13, elements={
0x00000200f3b62700, 0x00000200f3c3c030, 0x00000200f3c3cb10, 0x00000200ff659290,
0x00000200ff65bc60, 0x00000200ff65d630, 0x00000200ff65f3e0, 0x00000200ff66ac20,
0x00000200ff673a40, 0x0000020093026950, 0x000002009303dfd0, 0x00000200930a51b0,
0x0000020093a22700
}

Java Threads: ( => current thread )
  0x00000200f3b62700 JavaThread "main" [_thread_blocked, id=21428, stack(0x000000382d800000,0x000000382d900000)]
  0x00000200f3c3c030 JavaThread "Reference Handler" daemon [_thread_blocked, id=25556, stack(0x000000382df00000,0x000000382e000000)]
  0x00000200f3c3cb10 JavaThread "Finalizer" daemon [_thread_blocked, id=24456, stack(0x000000382e000000,0x000000382e100000)]
  0x00000200ff659290 JavaThread "Signal Dispatcher" daemon [_thread_blocked, id=25056, stack(0x000000382e100000,0x000000382e200000)]
  0x00000200ff65bc60 JavaThread "Attach Listener" daemon [_thread_blocked, id=25028, stack(0x000000382e200000,0x000000382e300000)]
  0x00000200ff65d630 JavaThread "Service Thread" daemon [_thread_blocked, id=24020, stack(0x000000382e300000,0x000000382e400000)]
=>0x00000200ff65f3e0 JavaThread "C2 CompilerThread0" daemon [_thread_in_native, id=24804, stack(0x000000382e400000,0x000000382e500000)]
  0x00000200ff66ac20 JavaThread "C1 CompilerThread0" daemon [_thread_blocked, id=24800, stack(0x000000382e500000,0x000000382e600000)]
  0x00000200ff673a40 JavaThread "Sweeper thread" daemon [_thread_blocked, id=23984, stack(0x000000382e600000,0x000000382e700000)]
  0x0000020093026950 JavaThread "Common-Cleaner" daemon [_thread_blocked, id=23964, stack(0x000000382e700000,0x000000382e800000)]
  0x000002009303dfd0 JavaThread "C2 CompilerThread1" daemon [_thread_in_native, id=24580, stack(0x000000382e800000,0x000000382e900000)]
  0x00000200930a51b0 JavaThread "Notification Thread" daemon [_thread_blocked, id=24584, stack(0x000000382e900000,0x000000382ea00000)]
  0x0000020093a22700 JavaThread "C2 CompilerThread2" daemon [_thread_blocked, id=10856, stack(0x000000382ed00000,0x000000382ee00000)]

Other Threads:
  0x00000200f3c38890 VMThread "VM Thread" [stack: 0x000000382de00000,0x000000382df00000] [id=24608]
  0x00000200930a7690 WatcherThread [stack: 0x000000382ea00000,0x000000382eb00000] [id=24588]
  0x00000200f3ba42c0 GCTaskThread "GC Thread#0" [stack: 0x000000382d900000,0x000000382da00000] [id=20168]
  0x00000200930b13a0 GCTaskThread "GC Thread#1" [stack: 0x000000382eb00000,0x000000382ec00000] [id=23848]
  0x00000200f3bb50e0 ConcurrentGCThread "G1 Main Marker" [stack: 0x000000382da00000,0x000000382db00000] [id=19748]
  0x00000200f3bb7390 ConcurrentGCThread "G1 Conc#0" [stack: 0x000000382db00000,0x000000382dc00000] [id=14872]
  0x00000200930b3050 ConcurrentGCThread "G1 Conc#1" [stack: 0x000000382ec00000,0x000000382ed00000] [id=11620]
  0x00000200f3c0b870 ConcurrentGCThread "G1 Refine#0" [stack: 0x000000382dc00000,0x000000382dd00000] [id=25324]
  0x00000200f3c0c390 ConcurrentGCThread "G1 Young RemSet Sampling" [stack: 0x000000382dd00000,0x000000382de00000] [id=25328]

Threads with active compile tasks:
C2 CompilerThread0     2369 1472       4       com.sun.tools.javac.jvm.PoolReader::resolve (341 bytes)
C2 CompilerThread1     2369 1480       4       com.sun.tools.javac.util.ListBuffer::append (66 bytes)

VM state: not at safepoint (normal execution)

VM Mutex/Monitor currently owned by a thread: None

Heap address: 0x0000000081e00000, size: 2018 MB, Compressed Oops mode: 32-bit
CDS archive(s) mapped at: [0x0000000800000000-0x0000000800b50000-0x0000000800b50000), size 11862016, SharedBaseAddress: 0x0000000800000000, ArchiveRelocationMode: 0.
Compressed class space mapped at: 0x0000000800b50000-0x0000000840b50000, size: 1073741824
Narrow klass base: 0x0000000800000000, Narrow klass shift: 3, Narrow klass range: 0x100000000

GC Precious Log:
 CPUs: 8 total, 8 available
 Memory: 8066M
 Large Page Support: Disabled
 NUMA Support: Disabled
 Compressed Oops: Enabled (32-bit)
 Heap Region Size: 1M
 Heap Min Capacity: 8M
 Heap Initial Capacity: 8M
 Heap Max Capacity: 2018M
 Pre-touch: Disabled
 Parallel Workers: 8
 Concurrent Workers: 2
 Concurrent Refinement Workers: 8
 Periodic GC: Disabled

Heap:
 garbage-first heap   total 20480K, used 11542K [0x0000000081e00000, 0x0000000100000000)
  region size 1024K, 4 young (4096K), 1 survivors (1024K)
 Metaspace       used 10077K, capacity 12267K, committed 12416K, reserved 1060864K
  class space    used 1154K, capacity 1362K, committed 1408K, reserved 1048576K

Heap Regions: E=young(eden), S=young(survivor), O=old, HS=humongous(starts), HC=humongous(continues), CS=collection set, F=free, OA=open archive, CA=closed archive, TAMS=top-at-mark-start (previous, next)
|   0|0x0000000081e00000, 0x0000000081f00000, 0x0000000081f00000|100%| O|  |TAMS 0x0000000081f00000, 0x0000000081e00000| Untracked 
|   1|0x0000000081f00000, 0x0000000082000000, 0x0000000082000000|100%| O|  |TAMS 0x0000000082000000, 0x0000000081f00000| Untracked 
|   2|0x0000000082000000, 0x0000000082100000, 0x0000000082100000|100%| O|  |TAMS 0x0000000082100000, 0x0000000082000000| Untracked 
|   3|0x0000000082100000, 0x0000000082200000, 0x0000000082200000|100%| O|  |TAMS 0x0000000082200000, 0x0000000082100000| Untracked 
|   4|0x0000000082200000, 0x0000000082300000, 0x0000000082300000|100%| O|  |TAMS 0x0000000082236200, 0x0000000082200000| Untracked 
|   5|0x0000000082300000, 0x0000000082400000, 0x0000000082400000|100%| O|  |TAMS 0x0000000082300000, 0x0000000082300000| Untracked 
|   6|0x0000000082400000, 0x0000000082500000, 0x0000000082500000|100%| O|  |TAMS 0x0000000082400000, 0x0000000082400000| Untracked 
|   7|0x0000000082500000, 0x0000000082600000, 0x0000000082600000|100%| O|  |TAMS 0x0000000082500000, 0x0000000082500000| Untracked 
|   8|0x0000000082600000, 0x00000000826b7e00, 0x0000000082700000| 71%| O|  |TAMS 0x0000000082600000, 0x0000000082600000| Untracked 
|   9|0x0000000082700000, 0x0000000082700000, 0x0000000082800000|  0%| F|  |TAMS 0x0000000082700000, 0x0000000082700000| Untracked 
|  10|0x0000000082800000, 0x0000000082800000, 0x0000000082900000|  0%| F|  |TAMS 0x0000000082800000, 0x0000000082800000| Untracked 
|  11|0x0000000082900000, 0x0000000082900000, 0x0000000082a00000|  0%| F|  |TAMS 0x0000000082900000, 0x0000000082900000| Untracked 
|  12|0x0000000082a00000, 0x0000000082a00000, 0x0000000082b00000|  0%| F|  |TAMS 0x0000000082a00000, 0x0000000082a00000| Untracked 
|  13|0x0000000082b00000, 0x0000000082b00000, 0x0000000082c00000|  0%| F|  |TAMS 0x0000000082b00000, 0x0000000082b00000| Untracked 
|  14|0x0000000082c00000, 0x0000000082c8db00, 0x0000000082d00000| 55%| S|CS|TAMS 0x0000000082c00000, 0x0000000082c00000| Complete 
|  15|0x0000000082d00000, 0x0000000082d00000, 0x0000000082e00000|  0%| F|  |TAMS 0x0000000082d00000, 0x0000000082d00000| Untracked 
|  16|0x0000000082e00000, 0x0000000082e00000, 0x0000000082f00000|  0%| F|  |TAMS 0x0000000082e00000, 0x0000000082e00000| Untracked 
|  17|0x0000000082f00000, 0x0000000082f3d680, 0x0000000083000000| 23%| E|  |TAMS 0x0000000082f00000, 0x0000000082f00000| Complete 
|  18|0x0000000083000000, 0x0000000083100000, 0x0000000083100000|100%| E|CS|TAMS 0x0000000083000000, 0x0000000083000000| Complete 
|  19|0x0000000083100000, 0x0000000083200000, 0x0000000083200000|100%| E|CS|TAMS 0x0000000083100000, 0x0000000083100000| Complete 

Card table byte_map: [0x00000200fc4d0000,0x00000200fc8d0000] _byte_map_base: 0x00000200fc0c1000

Marking Bits (Prev, Next): (CMBitMap*) 0x00000200f3ba4a80, (CMBitMap*) 0x00000200f3ba4a40
 Prev Bits: [0x000002008f000000, 0x0000020090f88000)
 Next Bits: [0x00000200fccd0000, 0x00000200fec58000)

Polling page: 0x00000200f1d10000

Metaspace:

Usage:
  Non-class:     10.65 MB capacity,     8.71 MB ( 82%) used,     1.92 MB ( 18%) free+waste,    11.25 KB ( <1%) overhead. 
      Class:      1.33 MB capacity,     1.13 MB ( 85%) used,   203.20 KB ( 15%) free+waste,     4.50 KB ( <1%) overhead. 
       Both:     11.98 MB capacity,     9.84 MB ( 82%) used,     2.12 MB ( 18%) free+waste,    15.75 KB ( <1%) overhead. 

Virtual space:
  Non-class space:       12.00 MB reserved,      10.75 MB ( 90%) committed 
      Class space:        1.00 GB reserved,       1.38 MB ( <1%) committed 
             Both:        1.01 GB reserved,      12.12 MB (  1%) committed 

Chunk freelists:
   Non-Class:  39.00 KB
       Class:  14.00 KB
        Both:  53.00 KB

MaxMetaspaceSize: 17179869184.00 GB
CompressedClassSpaceSize: 1.00 GB

CodeHeap 'non-profiled nmethods': size=120000Kb used=598Kb max_used=598Kb free=119401Kb
 bounds [0x0000020087ad0000, 0x0000020087d40000, 0x000002008f000000]
CodeHeap 'profiled nmethods': size=120000Kb used=2913Kb max_used=2913Kb free=117086Kb
 bounds [0x00000200805a0000, 0x0000020080880000, 0x0000020087ad0000]
CodeHeap 'non-nmethods': size=5760Kb used=1166Kb max_used=1204Kb free=4594Kb
 bounds [0x0000020080000000, 0x0000020080270000, 0x00000200805a0000]
 total_blobs=2046 nmethods=1625 adapters=333
 compilation: enabled
              stopped_count=0, restarted_count=0
 full_count=0

Compilation events (20 events):
Event: 1.146 Thread 0x00000200ff66ac20 1549       3       com.sun.tools.javac.code.Types$13::visitClassType (136 bytes)
Event: 1.147 Thread 0x00000200ff66ac20 nmethod 1549 0x0000020080841410 code [0x00000200808416e0, 0x0000020080842858]
Event: 1.147 Thread 0x00000200ff66ac20 1553       3       com.sun.tools.javac.code.Symbol::isConstructor (26 bytes)
Event: 1.147 Thread 0x00000200ff66ac20 nmethod 1553 0x0000020080842e10 code [0x0000020080842fa0, 0x0000020080843118]
Event: 1.147 Thread 0x00000200ff66ac20 1554       3       com.sun.tools.javac.code.Types::isSameType (16 bytes)
Event: 1.147 Thread 0x00000200ff66ac20 nmethod 1554 0x0000020080843210 code [0x00000200808433c0, 0x0000020080843728]
Event: 1.147 Thread 0x00000200ff66ac20 1555       3       java.util.HashMap::remove (26 bytes)
Event: 1.148 Thread 0x000002009303dfd0 nmethod 1508 0x0000020087b53290 code [0x0000020087b53420, 0x0000020087b535c8]
Event: 1.148 Thread 0x00000200ff66ac20 nmethod 1555 0x0000020080843890 code [0x0000020080843a60, 0x0000020080843db8]
Event: 1.148 Thread 0x000002009303dfd0 1556       4       com.sun.tools.javac.code.Type$ClassType::accept (9 bytes)
Event: 1.148 Thread 0x00000200ff66ac20 1547       1       com.sun.tools.javac.code.Type::isSuperBound (2 bytes)
Event: 1.148 Thread 0x00000200ff66ac20 nmethod 1547 0x0000020087b53790 code [0x0000020087b53920, 0x0000020087b539d8]
Event: 1.148 Thread 0x00000200ff66ac20 1557       3       java.util.HashSet::remove (20 bytes)
Event: 1.148 Thread 0x00000200ff66ac20 nmethod 1557 0x0000020080843f10 code [0x00000200808440c0, 0x00000200808442e8]
Event: 1.148 Thread 0x00000200ff66ac20 1542       1       com.sun.tools.javac.code.Type$JCPrimitiveType::isPrimitive (2 bytes)
Event: 1.148 Thread 0x00000200ff66ac20 nmethod 1542 0x0000020087b53a90 code [0x0000020087b53c20, 0x0000020087b53cd8]
Event: 1.148 Thread 0x000002009303dfd0 nmethod 1556 0x0000020087b53d90 code [0x0000020087b53f00, 0x0000020087b53f98]
Event: 1.148 Thread 0x000002009303dfd0 1480       4       com.sun.tools.javac.util.ListBuffer::append (66 bytes)
Event: 1.157 Thread 0x00000200ff66ac20 1558       3       jdk.internal.jimage.ImageReader$SharedImageReader::visitLocation (73 bytes)
Event: 1.158 Thread 0x00000200ff66ac20 nmethod 1558 0x0000020080844390 code [0x0000020080844620, 0x00000200808453f8]

GC Heap History (20 events):
Event: 0.692 GC heap before
{Heap before GC invocations=5 (full 0):
 garbage-first heap   total 10240K, used 4661K [0x0000000081e00000, 0x0000000100000000)
  region size 1024K, 3 young (3072K), 1 survivors (1024K)
 Metaspace       used 8096K, capacity 10997K, committed 11264K, reserved 1058816K
  class space    used 942K, capacity 1195K, committed 1280K, reserved 1048576K
}
Event: 0.697 GC heap after
{Heap after GC invocations=6 (full 0):
 garbage-first heap   total 10240K, used 3442K [0x0000000081e00000, 0x0000000100000000)
  region size 1024K, 1 young (1024K), 1 survivors (1024K)
 Metaspace       used 8096K, capacity 10997K, committed 11264K, reserved 1058816K
  class space    used 942K, capacity 1195K, committed 1280K, reserved 1048576K
}
Event: 0.793 GC heap before
{Heap before GC invocations=6 (full 0):
 garbage-first heap   total 10240K, used 5490K [0x0000000081e00000, 0x0000000100000000)
  region size 1024K, 3 young (3072K), 1 survivors (1024K)
 Metaspace       used 8790K, capacity 11326K, committed 11520K, reserved 1058816K
  class space    used 1029K, capacity 1262K, committed 1280K, reserved 1048576K
}
Event: 0.798 GC heap after
{Heap after GC invocations=7 (full 0):
 garbage-first heap   total 10240K, used 4259K [0x0000000081e00000, 0x0000000100000000)
  region size 1024K, 1 young (1024K), 1 survivors (1024K)
 Metaspace       used 8790K, capacity 11326K, committed 11520K, reserved 1058816K
  class space    used 1029K, capacity 1262K, committed 1280K, reserved 1048576K
}
Event: 0.811 GC heap before
{Heap before GC invocations=7 (full 0):
 garbage-first heap   total 10240K, used 5283K [0x0000000081e00000, 0x0000000100000000)
  region size 1024K, 2 young (2048K), 1 survivors (1024K)
 Metaspace       used 8812K, capacity 11326K, committed 11520K, reserved 1058816K
  class space    used 1029K, capacity 1262K, committed 1280K, reserved 1048576K
}
Event: 0.813 GC heap after
{Heap after GC invocations=8 (full 0):
 garbage-first heap   total 10240K, used 4583K [0x0000000081e00000, 0x0000000100000000)
  region size 1024K, 1 young (1024K), 1 survivors (1024K)
 Metaspace       used 8812K, capacity 11326K, committed 11520K, reserved 1058816K
  class space    used 1029K, capacity 1262K, committed 1280K, reserved 1048576K
}
Event: 0.817 GC heap before
{Heap before GC invocations=8 (full 0):
 garbage-first heap   total 10240K, used 5607K [0x0000000081e00000, 0x0000000100000000)
  region size 1024K, 2 young (2048K), 1 survivors (1024K)
 Metaspace       used 8816K, capacity 11326K, committed 11520K, reserved 1058816K
  class space    used 1029K, capacity 1262K, committed 1280K, reserved 1048576K
}
Event: 0.819 GC heap after
{Heap after GC invocations=9 (full 0):
 garbage-first heap   total 14336K, used 4617K [0x0000000081e00000, 0x0000000100000000)
  region size 1024K, 1 young (1024K), 1 survivors (1024K)
 Metaspace       used 8816K, capacity 11326K, committed 11520K, reserved 1058816K
  class space    used 1029K, capacity 1262K, committed 1280K, reserved 1048576K
}
Event: 0.864 GC heap before
{Heap before GC invocations=10 (full 0):
 garbage-first heap   total 14336K, used 6665K [0x0000000081e00000, 0x0000000100000000)
  region size 1024K, 3 young (3072K), 1 survivors (1024K)
 Metaspace       used 8901K, capacity 11329K, committed 11520K, reserved 1058816K
  class space    used 1036K, capacity 1263K, committed 1280K, reserved 1048576K
}
Event: 0.866 GC heap after
{Heap after GC invocations=11 (full 0):
 garbage-first heap   total 14336K, used 4788K [0x0000000081e00000, 0x0000000100000000)
  region size 1024K, 1 young (1024K), 1 survivors (1024K)
 Metaspace       used 8901K, capacity 11329K, committed 11520K, reserved 1058816K
  class space    used 1036K, capacity 1263K, committed 1280K, reserved 1048576K
}
Event: 0.888 GC heap before
{Heap before GC invocations=11 (full 0):
 garbage-first heap   total 14336K, used 7860K [0x0000000081e00000, 0x0000000100000000)
  region size 1024K, 4 young (4096K), 1 survivors (1024K)
 Metaspace       used 8934K, capacity 11329K, committed 11520K, reserved 1058816K
  class space    used 1036K, capacity 1263K, committed 1280K, reserved 1048576K
}
Event: 0.891 GC heap after
{Heap after GC invocations=12 (full 0):
 garbage-first heap   total 14336K, used 5193K [0x0000000081e00000, 0x0000000100000000)
  region size 1024K, 1 young (1024K), 1 survivors (1024K)
 Metaspace       used 8934K, capacity 11329K, committed 11520K, reserved 1058816K
  class space    used 1036K, capacity 1263K, committed 1280K, reserved 1048576K
}
Event: 0.909 GC heap before
{Heap before GC invocations=12 (full 0):
 garbage-first heap   total 14336K, used 8265K [0x0000000081e00000, 0x0000000100000000)
  region size 1024K, 4 young (4096K), 1 survivors (1024K)
 Metaspace       used 8947K, capacity 11329K, committed 11520K, reserved 1058816K
  class space    used 1036K, capacity 1263K, committed 1280K, reserved 1048576K
}
Event: 0.912 GC heap after
{Heap after GC invocations=13 (full 0):
 garbage-first heap   total 14336K, used 5572K [0x0000000081e00000, 0x0000000100000000)
  region size 1024K, 1 young (1024K), 1 survivors (1024K)
 Metaspace       used 8947K, capacity 11329K, committed 11520K, reserved 1058816K
  class space    used 1036K, capacity 1263K, committed 1280K, reserved 1048576K
}
Event: 0.957 GC heap before
{Heap before GC invocations=13 (full 0):
 garbage-first heap   total 14336K, used 8644K [0x0000000081e00000, 0x0000000100000000)
  region size 1024K, 4 young (4096K), 1 survivors (1024K)
 Metaspace       used 9121K, capacity 11495K, committed 11648K, reserved 1058816K
  class space    used 1057K, capacity 1297K, committed 1408K, reserved 1048576K
}
Event: 0.962 GC heap after
{Heap after GC invocations=14 (full 0):
 garbage-first heap   total 20480K, used 6243K [0x0000000081e00000, 0x0000000100000000)
  region size 1024K, 1 young (1024K), 1 survivors (1024K)
 Metaspace       used 9121K, capacity 11495K, committed 11648K, reserved 1058816K
  class space    used 1057K, capacity 1297K, committed 1408K, reserved 1048576K
}
Event: 1.065 GC heap before
{Heap before GC invocations=14 (full 0):
 garbage-first heap   total 20480K, used 12387K [0x0000000081e00000, 0x0000000100000000)
  region size 1024K, 8 young (8192K), 1 survivors (1024K)
 Metaspace       used 9555K, capacity 11848K, committed 12160K, reserved 1060864K
  class space    used 1103K, capacity 1329K, committed 1408K, reserved 1048576K
}
Event: 1.072 GC heap after
{Heap after GC invocations=15 (full 0):
 garbage-first heap   total 20480K, used 8148K [0x0000000081e00000, 0x0000000100000000)
  region size 1024K, 1 young (1024K), 1 survivors (1024K)
 Metaspace       used 9555K, capacity 11848K, committed 12160K, reserved 1060864K
  class space    used 1103K, capacity 1329K, committed 1408K, reserved 1048576K
}
Event: 1.149 GC heap before
{Heap before GC invocations=15 (full 0):
 garbage-first heap   total 20480K, used 12244K [0x0000000081e00000, 0x0000000100000000)
  region size 1024K, 5 young (5120K), 1 survivors (1024K)
 Metaspace       used 9807K, capacity 12040K, committed 12160K, reserved 1060864K
  class space    used 1124K, capacity 1329K, committed 1408K, reserved 1048576K
}
Event: 1.153 GC heap after
{Heap after GC invocations=16 (full 0):
 garbage-first heap   total 20480K, used 8901K [0x0000000081e00000, 0x0000000100000000)
  region size 1024K, 1 young (1024K), 1 survivors (1024K)
 Metaspace       used 9807K, capacity 12040K, committed 12160K, reserved 1060864K
  class space    used 1124K, capacity 1329K, committed 1408K, reserved 1048576K
}

Deoptimization events (20 events):
Event: 0.922 Thread 0x00000200f3b62700 Uncommon trap: trap_request=0xffffff45 fr.pc=0x0000020087b0d9dc relative=0x000000000000005c
Event: 0.922 Thread 0x00000200f3b62700 Uncommon trap: reason=unstable_if action=reinterpret pc=0x0000020087b0d9dc method=com.sun.tools.javac.jvm.PoolReader.sizeof(I)I @ 1 c2
Event: 0.922 Thread 0x00000200f3b62700 DEOPT PACKING pc=0x0000020087b0d9dc sp=0x000000382d8fd5b0
Event: 0.922 Thread 0x00000200f3b62700 DEOPT UNPACKING pc=0x000002008004e42f sp=0x000000382d8fd540 mode 2
Event: 0.948 Thread 0x00000200f3b62700 Uncommon trap: trap_request=0xffffff3d fr.pc=0x0000020087b345e0 relative=0x00000000000000c0
Event: 0.948 Thread 0x00000200f3b62700 Uncommon trap: reason=unstable_fused_if action=reinterpret pc=0x0000020087b345e0 method=java.util.regex.Pattern.closure(Ljava/util/regex/Pattern$Node;)Ljava/util/regex/Pattern$Node; @ 6 c2
Event: 0.949 Thread 0x00000200f3b62700 DEOPT PACKING pc=0x0000020087b345e0 sp=0x000000382d8fd790
Event: 0.949 Thread 0x00000200f3b62700 DEOPT UNPACKING pc=0x000002008004e42f sp=0x000000382d8fd710 mode 2
Event: 0.985 Thread 0x00000200f3b62700 Uncommon trap: trap_request=0xffffff45 fr.pc=0x0000020087b390c4 relative=0x0000000000000b04
Event: 0.985 Thread 0x00000200f3b62700 Uncommon trap: reason=unstable_if action=reinterpret pc=0x0000020087b390c4 method=com.sun.tools.javac.util.ArrayUtils.ensureCapacity([BI)[B @ 3 c2
Event: 0.985 Thread 0x00000200f3b62700 DEOPT PACKING pc=0x0000020087b390c4 sp=0x000000382d8fd620
Event: 0.985 Thread 0x00000200f3b62700 DEOPT UNPACKING pc=0x000002008004e42f sp=0x000000382d8fd548 mode 2
Event: 1.129 Thread 0x00000200f3b62700 Uncommon trap: trap_request=0xffffffc6 fr.pc=0x0000020087b14ea4 relative=0x00000000000012e4
Event: 1.129 Thread 0x00000200f3b62700 Uncommon trap: reason=bimorphic_or_optimized_type_check action=maybe_recompile pc=0x0000020087b14ea4 method=java.util.HashMap.putVal(ILjava/lang/Object;Ljava/lang/Object;ZZ)Ljava/lang/Object; @ 56 c2
Event: 1.129 Thread 0x00000200f3b62700 DEOPT PACKING pc=0x0000020087b14ea4 sp=0x000000382d8fec80
Event: 1.129 Thread 0x00000200f3b62700 DEOPT UNPACKING pc=0x000002008004e42f sp=0x000000382d8febb0 mode 2
Event: 1.139 Thread 0x00000200f3b62700 Uncommon trap: trap_request=0xffffffc6 fr.pc=0x0000020087b1502c relative=0x000000000000146c
Event: 1.139 Thread 0x00000200f3b62700 Uncommon trap: reason=bimorphic_or_optimized_type_check action=maybe_recompile pc=0x0000020087b1502c method=java.util.HashMap.putVal(ILjava/lang/Object;Ljava/lang/Object;ZZ)Ljava/lang/Object; @ 253 c2
Event: 1.139 Thread 0x00000200f3b62700 DEOPT PACKING pc=0x0000020087b1502c sp=0x000000382d8febf0
Event: 1.139 Thread 0x00000200f3b62700 DEOPT UNPACKING pc=0x000002008004e42f sp=0x000000382d8feb48 mode 2

Classes unloaded (0 events):
No events

Classes redefined (0 events):
No events

Internal exceptions (20 events):
Event: 0.650 Thread 0x00000200f3b62700 Exception <a 'java/lang/NoSuchMethodError'{0x000000008276c728}: 'java.lang.Object java.lang.invoke.DirectMethodHandle$Holder.invokeVirtual(java.lang.Object, java.lang.Object, int)'> (0x000000008276c728) 
thrown [./open/src/hotspot/share/interpreter/linkResolver.cpp, line 782]
Event: 0.652 Thread 0x00000200f3b62700 Exception <a 'java/lang/NoSuchMethodError'{0x0000000082776188}: 'java.lang.Object java.lang.invoke.DirectMethodHandle$Holder.invokeSpecial(java.lang.Object, java.lang.Object, java.lang.Object, int, int)'> (0x0000000082776188) 
thrown [./open/src/hotspot/share/interpreter/linkResolver.cpp, line 782]
Event: 0.709 Thread 0x00000200f3b62700 Exception <a 'java/lang/NoSuchMethodError'{0x0000000082713cc8}: 'java.lang.Object java.lang.invoke.DirectMethodHandle$Holder.invokeInterface(java.lang.Object, java.lang.Object)'> (0x0000000082713cc8) 
thrown [./open/src/hotspot/share/interpreter/linkResolver.cpp, line 782]
Event: 0.777 Thread 0x00000200f3b62700 Exception <a 'java/lang/NoSuchMethodError'{0x000000008268bd70}: 'void java.lang.invoke.DirectMethodHandle$Holder.invokeStatic(java.lang.Object, java.lang.Object)'> (0x000000008268bd70) 
thrown [./open/src/hotspot/share/interpreter/linkResolver.cpp, line 782]
Event: 0.778 Thread 0x00000200f3b62700 Exception <a 'sun/nio/fs/WindowsException'{0x00000000826967a8}> (0x00000000826967a8) 
thrown [./open/src/hotspot/share/prims/jni.cpp, line 578]
Event: 0.784 Thread 0x00000200f3b62700 Exception <a 'sun/nio/fs/WindowsException'{0x00000000826ae848}> (0x00000000826ae848) 
thrown [./open/src/hotspot/share/prims/jni.cpp, line 578]
Event: 0.851 Thread 0x00000200f3b62700 Exception <a 'sun/nio/fs/WindowsException'{0x0000000082bd0bb8}> (0x0000000082bd0bb8) 
thrown [./open/src/hotspot/share/prims/jni.cpp, line 578]
Event: 0.852 Thread 0x00000200f3b62700 Exception <a 'sun/nio/fs/WindowsException'{0x0000000082bd2f80}> (0x0000000082bd2f80) 
thrown [./open/src/hotspot/share/prims/jni.cpp, line 578]
Event: 0.853 Thread 0x00000200f3b62700 Exception <a 'sun/nio/fs/WindowsException'{0x0000000082bd4db8}> (0x0000000082bd4db8) 
thrown [./open/src/hotspot/share/prims/jni.cpp, line 578]
Event: 0.854 Thread 0x00000200f3b62700 Exception <a 'sun/nio/fs/WindowsException'{0x0000000082bd6a50}> (0x0000000082bd6a50) 
thrown [./open/src/hotspot/share/prims/jni.cpp, line 578]
Event: 0.855 Thread 0x00000200f3b62700 Exception <a 'java/lang/NoSuchMethodError'{0x0000000082bdbc98}: 'int java.lang.invoke.DirectMethodHandle$Holder.invokeSpecial(java.lang.Object, java.lang.Object, java.lang.Object)'> (0x0000000082bdbc98) 
thrown [./open/src/hotspot/share/interpreter/linkResolver.cpp, line 782]
Event: 0.857 Thread 0x00000200f3b62700 Exception <a 'sun/nio/fs/WindowsException'{0x0000000082be76e0}> (0x0000000082be76e0) 
thrown [./open/src/hotspot/share/prims/jni.cpp, line 578]
Event: 0.858 Thread 0x00000200f3b62700 Exception <a 'sun/nio/fs/WindowsException'{0x0000000082be7950}> (0x0000000082be7950) 
thrown [./open/src/hotspot/share/prims/jni.cpp, line 578]
Event: 0.858 Thread 0x00000200f3b62700 Exception <a 'sun/nio/fs/WindowsException'{0x0000000082be88e0}> (0x0000000082be88e0) 
thrown [./open/src/hotspot/share/prims/jni.cpp, line 578]
Event: 0.858 Thread 0x00000200f3b62700 Exception <a 'sun/nio/fs/WindowsException'{0x0000000082be8b10}> (0x0000000082be8b10) 
thrown [./open/src/hotspot/share/prims/jni.cpp, line 578]
Event: 0.897 Thread 0x00000200f3b62700 Exception <a 'sun/nio/fs/WindowsException'{0x0000000082bdaa78}> (0x0000000082bdaa78) 
thrown [./open/src/hotspot/share/prims/jni.cpp, line 578]
Event: 0.897 Thread 0x00000200f3b62700 Exception <a 'sun/nio/fs/WindowsException'{0x0000000082bdace0}> (0x0000000082bdace0) 
thrown [./open/src/hotspot/share/prims/jni.cpp, line 578]
Event: 0.897 Thread 0x00000200f3b62700 Exception <a 'sun/nio/fs/WindowsException'{0x0000000082bdbc70}> (0x0000000082bdbc70) 
thrown [./open/src/hotspot/share/prims/jni.cpp, line 578]
Event: 0.898 Thread 0x00000200f3b62700 Exception <a 'sun/nio/fs/WindowsException'{0x0000000082bdbea0}> (0x0000000082bdbea0) 
thrown [./open/src/hotspot/share/prims/jni.cpp, line 578]
Event: 0.922 Thread 0x00000200f3b62700 Exception <a 'java/lang/NoSuchMethodError'{0x0000000082be3538}: 'java.lang.Object java.lang.invoke.DirectMethodHandle$Holder.invokeStatic(java.lang.Object, java.lang.Object, int, int)'> (0x0000000082be3538) 
thrown [./open/src/hotspot/share/interpreter/linkResolver.cpp, line 782]

Events (20 events):
Event: 1.059 loading class java/util/stream/Node$OfInt done
Event: 1.059 loading class java/util/stream/Nodes$EmptyNode$OfInt done
Event: 1.059 loading class java/util/stream/Nodes$EmptyNode$OfLong
Event: 1.059 loading class java/util/stream/Node$OfLong
Event: 1.059 loading class java/util/stream/Node$OfLong done
Event: 1.059 loading class java/util/stream/Nodes$EmptyNode$OfLong done
Event: 1.059 loading class java/util/stream/Nodes$EmptyNode$OfDouble
Event: 1.059 loading class java/util/stream/Node$OfDouble
Event: 1.059 loading class java/util/stream/Node$OfDouble done
Event: 1.059 loading class java/util/stream/Nodes$EmptyNode$OfDouble done
Event: 1.059 loading class java/util/stream/Nodes$FixedNodeBuilder
Event: 1.059 loading class java/util/stream/Node$Builder
Event: 1.059 loading class java/util/stream/Node$Builder done
Event: 1.059 loading class java/util/stream/Nodes$ArrayNode
Event: 1.059 loading class java/util/stream/Nodes$ArrayNode done
Event: 1.059 loading class java/util/stream/Nodes$FixedNodeBuilder done
Event: 1.065 Executing VM operation: G1CollectForAllocation
Event: 1.072 Executing VM operation: G1CollectForAllocation done
Event: 1.148 Executing VM operation: G1CollectForAllocation
Event: 1.153 Executing VM operation: G1CollectForAllocation done


Dynamic libraries:
0x00007ff7426c0000 - 0x00007ff7426c8000 	C:\Program Files\Java\jdk-15.0.2\bin\javac.exe
0x00007ff98f6f0000 - 0x00007ff98f8e6000 	C:\WINDOWS\SYSTEM32\ntdll.dll
0x00007ff98e9a0000 - 0x00007ff98ea5d000 	C:\WINDOWS\System32\KERNEL32.DLL
0x00007ff98d390000 - 0x00007ff98d659000 	C:\WINDOWS\System32\KERNELBASE.dll
0x00007ff98ce90000 - 0x00007ff98cf90000 	C:\WINDOWS\System32\ucrtbase.dll
0x00007ff970220000 - 0x00007ff970239000 	C:\Program Files\Java\jdk-15.0.2\bin\VCRUNTIME140.dll
0x00007ff96a1a0000 - 0x00007ff96a1b8000 	C:\Program Files\Java\jdk-15.0.2\bin\jli.dll
0x00007ff98e2b0000 - 0x00007ff98e35c000 	C:\WINDOWS\System32\ADVAPI32.dll
0x00007ff98de10000 - 0x00007ff98deae000 	C:\WINDOWS\System32\msvcrt.dll
0x00007ff98e210000 - 0x00007ff98e2ac000 	C:\WINDOWS\System32\sechost.dll
0x00007ff98e360000 - 0x00007ff98e48b000 	C:\WINDOWS\System32\RPCRT4.dll
0x00007ff98da00000 - 0x00007ff98dba0000 	C:\WINDOWS\System32\USER32.dll
0x00007ff98ce60000 - 0x00007ff98ce82000 	C:\WINDOWS\System32\win32u.dll
0x00007ff9713d0000 - 0x00007ff97166b000 	C:\WINDOWS\WinSxS\amd64_microsoft.windows.common-controls_6595b64144ccf1df_6.0.19041.746_none_ca02b4b61b8320a4\COMCTL32.dll
0x00007ff98d9d0000 - 0x00007ff98d9fa000 	C:\WINDOWS\System32\GDI32.dll
0x00007ff98cff0000 - 0x00007ff98d0fb000 	C:\WINDOWS\System32\gdi32full.dll
0x00007ff98d6b0000 - 0x00007ff98d74d000 	C:\WINDOWS\System32\msvcp_win.dll
0x00007ff986e90000 - 0x00007ff986e9a000 	C:\WINDOWS\SYSTEM32\VERSION.dll
0x00007ff98e960000 - 0x00007ff98e990000 	C:\WINDOWS\System32\IMM32.DLL
0x00007ff974180000 - 0x00007ff97418c000 	C:\Program Files\Java\jdk-15.0.2\bin\vcruntime140_1.dll
0x00007ff92e1b0000 - 0x00007ff92e241000 	C:\Program Files\Java\jdk-15.0.2\bin\msvcp140.dll
0x00007ff931f20000 - 0x00007ff932a7e000 	C:\Program Files\Java\jdk-15.0.2\bin\server\jvm.dll
0x00007ff98ec40000 - 0x00007ff98ec48000 	C:\WINDOWS\System32\PSAPI.DLL
0x00007ff9741a0000 - 0x00007ff9741a9000 	C:\WINDOWS\SYSTEM32\WSOCK32.dll
0x00007ff978480000 - 0x00007ff9784a7000 	C:\WINDOWS\SYSTEM32\WINMM.dll
0x00007ff98dd40000 - 0x00007ff98ddab000 	C:\WINDOWS\System32\WS2_32.dll
0x00007ff98b870000 - 0x00007ff98b882000 	C:\WINDOWS\SYSTEM32\kernel.appcore.dll
0x00007ff970210000 - 0x00007ff97021a000 	C:\Program Files\Java\jdk-15.0.2\bin\jimage.dll
0x00007ff98b410000 - 0x00007ff98b5f4000 	C:\WINDOWS\SYSTEM32\DBGHELP.DLL
0x00007ff97a420000 - 0x00007ff97a44c000 	C:\WINDOWS\SYSTEM32\dbgcore.DLL
0x00007ff98d100000 - 0x00007ff98d180000 	C:\WINDOWS\System32\bcryptPrimitives.dll
0x00007ff95baa0000 - 0x00007ff95bac5000 	C:\Program Files\Java\jdk-15.0.2\bin\java.dll
0x00007ff98ee50000 - 0x00007ff98f592000 	C:\WINDOWS\System32\SHELL32.dll
0x00007ff98ac80000 - 0x00007ff98b410000 	C:\WINDOWS\SYSTEM32\windows.storage.dll
0x00007ff98deb0000 - 0x00007ff98e206000 	C:\WINDOWS\System32\combase.dll
0x00007ff98c7c0000 - 0x00007ff98c7ec000 	C:\WINDOWS\SYSTEM32\Wldp.dll
0x00007ff98ed80000 - 0x00007ff98ee2e000 	C:\WINDOWS\System32\SHCORE.dll
0x00007ff98f650000 - 0x00007ff98f6a5000 	C:\WINDOWS\System32\shlwapi.dll
0x00007ff98cd60000 - 0x00007ff98cd86000 	C:\WINDOWS\SYSTEM32\profapi.dll
0x00007ff95ba00000 - 0x00007ff95ba19000 	C:\Program Files\Java\jdk-15.0.2\bin\net.dll
0x00007ff984040000 - 0x00007ff984140000 	C:\WINDOWS\SYSTEM32\WINHTTP.dll
0x00007ff98c540000 - 0x00007ff98c5aa000 	C:\WINDOWS\system32\mswsock.dll
0x00007ff95b9e0000 - 0x00007ff95b9f2000 	C:\Program Files\Java\jdk-15.0.2\bin\nio.dll
0x00007ff959ce0000 - 0x00007ff959cf8000 	C:\Program Files\Java\jdk-15.0.2\bin\zip.dll

dbghelp: loaded successfully - version: 4.0.5 - missing functions: none
symbol engine: initialized successfully - sym options: 0x614 - pdb path: .;C:\Program Files\Java\jdk-15.0.2\bin;C:\WINDOWS\SYSTEM32;C:\WINDOWS\WinSxS\amd64_microsoft.windows.common-controls_6595b64144ccf1df_6.0.19041.746_none_ca02b4b61b8320a4;C:\Program Files\Java\jdk-15.0.2\bin\server

VM Arguments:
jvm_args: -Denv.class.path=C:\Program Files\Java\jdk-12.0.1\lib; -Dapplication.home=C:\Program Files\Java\jdk-15.0.2 --add-modules=ALL-DEFAULT -Xms8m -Djdk.module.main=jdk.compiler 
java_command: jdk.compiler/com.sun.tools.javac.Main -d D:\java\Travel Management System\build\classes -classpath D:\java\Travel Management System\build\classes;C:\mysql-connector-java-8.0.21\mysql-connector-java-8.0.21.jar -sourcepath D:\java\Travel Management System\src -target 15 -encoding UTF-8 -g -processorpath C:\mysql-connector-java-8.0.21\mysql-connector-java-8.0.21.jar;D:\java\Travel Management System\build\empty -s D:\java\Travel Management System\build\generated-sources\ap-source-output -source 15 D:\java\Travel Management System\src\travel\management\system\ForgotPassword.java
java_class_path (initial): <not set>
Launcher Type: SUN_STANDARD

[Global flags]
     intx CICompilerCount                          = 4                                         {product} {ergonomic}
     uint ConcGCThreads                            = 2                                         {product} {ergonomic}
     uint G1ConcRefinementThreads                  = 8                                         {product} {ergonomic}
   size_t G1HeapRegionSize                         = 1048576                                   {product} {ergonomic}
    uintx GCDrainStackTargetSize                   = 64                                        {product} {ergonomic}
   size_t InitialHeapSize                          = 8388608                                   {product} {command line}
   size_t MarkStackSize                            = 4194304                                   {product} {ergonomic}
   size_t MaxHeapSize                              = 2116026368                                {product} {ergonomic}
   size_t MaxNewSize                               = 1268776960                                {product} {ergonomic}
   size_t MinHeapDeltaBytes                        = 1048576                                   {product} {ergonomic}
   size_t MinHeapSize                              = 8388608                                   {product} {command line}
    uintx NonNMethodCodeHeapSize                   = 5839372                                {pd product} {ergonomic}
    uintx NonProfiledCodeHeapSize                  = 122909434                              {pd product} {ergonomic}
    uintx ProfiledCodeHeapSize                     = 122909434                              {pd product} {ergonomic}
    uintx ReservedCodeCacheSize                    = 251658240                              {pd product} {ergonomic}
     bool SegmentedCodeCache                       = true                                      {product} {ergonomic}
   size_t SoftMaxHeapSize                          = 2116026368                             {manageable} {ergonomic}
     bool UseCompressedClassPointers               = true                                 {lp64_product} {ergonomic}
     bool UseCompressedOops                        = true                                 {lp64_product} {ergonomic}
     bool UseG1GC                                  = true                                      {product} {ergonomic}
     bool UseLargePagesIndividualAllocation        = false                                  {pd product} {ergonomic}

Logging:
Log output configuration:
 #0: stdout all=warning uptime,level,tags
 #1: stderr all=off uptime,level,tags

Environment Variables:
JAVA_HOME=C:\Program Files\Java\jdk-15
CLASSPATH=C:\Program Files\Java\jdk-12.0.1\lib;
PATH=C:\Python39\Scripts\;C:\Python39\;C:\Program Files\Common Files\Oracle\Java\javapath;C:\ProgramData\Oracle\Java\javapath;C:\Windows\system32;C:\Windows;C:\Windows\System32\Wbem;C:\Windows\System32\WindowsPowerShell\v1.0\;C:\Windows\System32\OpenSSH\;C:\Program Files (x86)\NVIDIA Corporation\PhysX\Common;C:\Program Files\NVIDIA Corporation\NVIDIA NvDLISR;C:\Program Files (x86)\Common Files\Oracle\Java\javapath;C:\WINDOWS\system32;C:\WINDOWS;C:\WINDOWS\System32\Wbem;C:\WINDOWS\System32\WindowsPowerShell\v1.0\;C:\WINDOWS\System32\OpenSSH\;C:\Program Files\Java\jre-10\bin;C:\Program Files\Java\jdk-15\bin;C:\nodejs\;C:\ProgramData\chocolatey\bin;C:\Program Files\MiKTeX\miktex\bin\x64\;C:\Users\kunjpatel\AppData\Local\Programs\Python\Python39\Scripts\;C:\Users\kunjpatel\AppData\Local\Programs\Python\Python39\;C:\Program Files\Java\jdk-12.0.1\bin;D:\pycharm\PyCharm Community Edition 2020.1\bin;;C:\Users\kunjpatel\AppData\Local\Programs\Microsoft VS Code\bin;C:\Users\kunjpatel\AppData\Local\Programs\Python\Python38-32\Scripts;C:\Users\kunjpatel\AppData\Local\Programs\Python\Python38-32;C:\Users\kunjpatel\AppData\Local\Microsoft\WindowsApps;C:\Program Files\JetBrains\IntelliJ IDEA Community Edition 2020.2.2\bin;;C:\Users\kunjpatel\AppData\Roaming\npm;
USERNAME=kunjpatel
OS=Windows_NT
PROCESSOR_IDENTIFIER=Intel64 Family 6 Model 158 Stepping 10, GenuineIntel



---------------  S Y S T E M  ---------------

OS:
 Windows 10 , 64 bit Build 19041 (10.0.19041.804)
OS uptime: 0 days 4:11 hours

CPU: total 8 (initial active 8) (4 cores per cpu, 2 threads per core) family 6 model 158 stepping 10 microcode 0xb4, cmov, cx8, fxsr, mmx, sse, sse2, sse3, ssse3, sse4.1, sse4.2, popcnt, vzeroupper, avx, avx2, aes, clmul, erms, 3dnowpref, lzcnt, ht, tsc, tscinvbit, bmi1, bmi2, adx, fma, clflush, clflushopt

Memory: 4k page, system-wide physical 8066M (773M free)
TotalPageFile size 32642M (AvailPageFile size 2M)
current process WorkingSet (physical memory assigned to process): 91M, peak: 91M
current process commit charge ("private bytes"): 129M, peak: 129M

vm_info: Java HotSpot(TM) 64-Bit Server VM (15.0.2+7-27) for windows-amd64 JRE (15.0.2+7-27), built on Dec  7 2020 20:07:01 by "mach5one" with unknown MS VC++:1925

END.
