#
# There is insufficient memory for the Java Runtime Environment to continue.
# Native memory allocation (malloc) failed to allocate 32744 bytes for ChunkPool::allocate
# Possible reasons:
#   The system is out of physical RAM or swap space
#   The process is running with CompressedOops enabled, and the Java Heap may be blocking the growth of the native heap
# Possible solutions:
#   Reduce memory load on the system
#   Increase physical memory or swap space
#   Check if swap backing store is full
#   Decrease Java heap size (-Xmx/-Xms)
#   Decrease number of Java threads
#   Decrease Java thread stack sizes (-Xss)
#   Set larger code cache with -XX:ReservedCodeCacheSize=
#   JVM is running with Unscaled Compressed Oops mode in which the Java heap is
#     placed in the first 4GB address space. The Java Heap base address is the
#     maximum limit for the native heap growth. Please use -XX:HeapBaseMinAddress
#     to set the Java Heap base and to place the Java Heap above 4GB virtual address.
# This output file may be truncated or incomplete.
#
#  Out of Memory Error (./open/src/hotspot/share/memory/arena.cpp:79), pid=12384, tid=5928
#
# JRE version: Java(TM) SE Runtime Environment (15.0.2+7) (build 15.0.2+7-27)
# Java VM: Java HotSpot(TM) 64-Bit Server VM (15.0.2+7-27, mixed mode, sharing, tiered, compressed oops, g1 gc, windows-amd64)
# No core dump will be written. Minidumps are not enabled by default on client versions of Windows
#

---------------  S U M M A R Y ------------

Command Line: -Dfile.encoding=UTF-8 travel.management.system.Signup

Host: Intel(R) Core(TM) i5-8300H CPU @ 2.30GHz, 8 cores, 7G,  Windows 10 , 64 bit Build 19041 (10.0.19041.804)
Time: Sat Feb 27 11:49:44 2021 India Standard Time elapsed time: 394.176254 seconds (0d 0h 6m 34s)

---------------  T H R E A D  ---------------

Current thread (0x000001667f695de0):  JavaThread "C2 CompilerThread0" daemon [_thread_in_native, id=5928, stack(0x0000005874400000,0x0000005874500000)]


Current CompileTask:
C2: 394176  674       4       java.util.Arrays::binarySearch0 (95 bytes)

Stack: [0x0000005874400000,0x0000005874500000]
Native frames: (J=compiled Java code, j=interpreted, Vv=VM code, C=native code)
V  [jvm.dll+0x62ae9a]
V  [jvm.dll+0x7817a9]
V  [jvm.dll+0x782f03]
V  [jvm.dll+0x783563]
V  [jvm.dll+0x216325]
V  [jvm.dll+0x982cf]
V  [jvm.dll+0x980ad]
V  [jvm.dll+0x609d14]
V  [jvm.dll+0x6552ea]
V  [jvm.dll+0x18e47d]
V  [jvm.dll+0x1ea822]
V  [jvm.dll+0x1e996e]
V  [jvm.dll+0x178567]
V  [jvm.dll+0x1f9225]
V  [jvm.dll+0x1f72cc]
V  [jvm.dll+0x74495d]
V  [jvm.dll+0x73d75a]
V  [jvm.dll+0x629c56]
C  [ucrtbase.dll+0x21bb2]
C  [KERNEL32.DLL+0x17034]
C  [ntdll.dll+0x4d241]


---------------  P R O C E S S  ---------------

Threads class SMR info:
_java_thread_list=0x000001661dfaebe0, length=16, elements={
0x000001667f6786d0, 0x000001667f6791a0, 0x000001667f68e930, 0x000001667f692300,
0x000001667f692cb0, 0x000001667f695de0, 0x000001667f696880, 0x000001667f697270,
0x000001661d1630d0, 0x000001661d17bbe0, 0x000001661d3a3720, 0x000001661d3a70d0,
0x000001661d3aaec0, 0x000001661d3e9780, 0x000001667bcb9120, 0x000001661e03a620
}

Java Threads: ( => current thread )
  0x000001667f6786d0 JavaThread "Reference Handler" daemon [_thread_blocked, id=24932, stack(0x0000005873f00000,0x0000005874000000)]
  0x000001667f6791a0 JavaThread "Finalizer" daemon [_thread_blocked, id=8132, stack(0x0000005874000000,0x0000005874100000)]
  0x000001667f68e930 JavaThread "Signal Dispatcher" daemon [_thread_blocked, id=1132, stack(0x0000005874100000,0x0000005874200000)]
  0x000001667f692300 JavaThread "Attach Listener" daemon [_thread_blocked, id=25372, stack(0x0000005874200000,0x0000005874300000)]
  0x000001667f692cb0 JavaThread "Service Thread" daemon [_thread_blocked, id=23444, stack(0x0000005874300000,0x0000005874400000)]
=>0x000001667f695de0 JavaThread "C2 CompilerThread0" daemon [_thread_in_native, id=5928, stack(0x0000005874400000,0x0000005874500000)]
  0x000001667f696880 JavaThread "C1 CompilerThread0" daemon [_thread_blocked, id=24804, stack(0x0000005874500000,0x0000005874600000)]
  0x000001667f697270 JavaThread "Sweeper thread" daemon [_thread_blocked, id=24548, stack(0x0000005874600000,0x0000005874700000)]
  0x000001661d1630d0 JavaThread "Notification Thread" daemon [_thread_blocked, id=25584, stack(0x0000005874700000,0x0000005874800000)]
  0x000001661d17bbe0 JavaThread "Common-Cleaner" daemon [_thread_blocked, id=22308, stack(0x0000005874900000,0x0000005874a00000)]
  0x000001661d3a3720 JavaThread "Java2D Disposer" daemon [_thread_blocked, id=20880, stack(0x0000005874a00000,0x0000005874b00000)]
  0x000001661d3a70d0 JavaThread "AWT-Shutdown" [_thread_blocked, id=25560, stack(0x0000005874b00000,0x0000005874c00000)]
  0x000001661d3aaec0 JavaThread "AWT-Windows" daemon [_thread_in_native, id=18268, stack(0x0000005874c00000,0x0000005874d00000)]
  0x000001661d3e9780 JavaThread "AWT-EventQueue-0" [_thread_blocked, id=7468, stack(0x0000005874d00000,0x0000005874e00000)]
  0x000001667bcb9120 JavaThread "DestroyJavaVM" [_thread_blocked, id=22948, stack(0x0000005873800000,0x0000005873900000)]
  0x000001661e03a620 JavaThread "TimerQueue" daemon [_thread_blocked, id=11688, stack(0x0000005875100000,0x0000005875200000)]

Other Threads:
  0x000001667f677740 VMThread "VM Thread" [stack: 0x0000005873e00000,0x0000005873f00000] [id=26028]
  0x000001661d1669f0 WatcherThread [stack: 0x0000005874800000,0x0000005874900000] [id=23876]
  0x000001667bcf9c10 GCTaskThread "GC Thread#0" [stack: 0x0000005873900000,0x0000005873a00000] [id=14948]
  0x000001667bd0aa20 ConcurrentGCThread "G1 Main Marker" [stack: 0x0000005873a00000,0x0000005873b00000] [id=24976]
  0x000001667bd0b590 ConcurrentGCThread "G1 Conc#0" [stack: 0x0000005873b00000,0x0000005873c00000] [id=17812]
  0x000001667f4f0090 ConcurrentGCThread "G1 Refine#0" [stack: 0x0000005873c00000,0x0000005873d00000] [id=12088]
  0x000001667f4f0b90 ConcurrentGCThread "G1 Young RemSet Sampling" [stack: 0x0000005873d00000,0x0000005873e00000] [id=20900]

Threads with active compile tasks:
C2 CompilerThread0   398567  674       4       java.util.Arrays::binarySearch0 (95 bytes)

VM state: not at safepoint (normal execution)

VM Mutex/Monitor currently owned by a thread: None

Heap address: 0x0000000081e00000, size: 2018 MB, Compressed Oops mode: 32-bit
CDS archive(s) mapped at: [0x0000000800000000-0x0000000800b50000-0x0000000800b50000), size 11862016, SharedBaseAddress: 0x0000000800000000, ArchiveRelocationMode: 0.
Compressed class space mapped at: 0x0000000800b50000-0x0000000840b50000, size: 1073741824
Narrow klass base: 0x0000000800000000, Narrow klass shift: 3, Narrow klass range: 0x100000000

GC Precious Log:
 CPUs: 8 total, 8 available
 Memory: 8066M
 Large Page Support: Disabled
 NUMA Support: Disabled
 Compressed Oops: Enabled (32-bit)
 Heap Region Size: 1M
 Heap Min Capacity: 8M
 Heap Initial Capacity: 128M
 Heap Max Capacity: 2018M
 Pre-touch: Disabled
 Parallel Workers: 8
 Concurrent Workers: 2
 Concurrent Refinement Workers: 8
 Periodic GC: Disabled

Heap:
 garbage-first heap   total 131072K, used 8192K [0x0000000081e00000, 0x0000000100000000)
  region size 1024K, 6 young (6144K), 0 survivors (0K)
 Metaspace       used 7746K, capacity 7872K, committed 8192K, reserved 1056768K
  class space    used 889K, capacity 958K, committed 1024K, reserved 1048576K

Heap Regions: E=young(eden), S=young(survivor), O=old, HS=humongous(starts), HC=humongous(continues), CS=collection set, F=free, OA=open archive, CA=closed archive, TAMS=top-at-mark-start (previous, next)
|   0|0x0000000081e00000, 0x0000000081f00000, 0x0000000081f00000|100%|HS|  |TAMS 0x0000000081e00000, 0x0000000081e00000| Complete 
|   1|0x0000000081f00000, 0x0000000082000000, 0x0000000082000000|100%|HC|  |TAMS 0x0000000081f00000, 0x0000000081f00000| Complete 
|   2|0x0000000082000000, 0x0000000082100000, 0x0000000082100000|100%|HC|  |TAMS 0x0000000082000000, 0x0000000082000000| Complete 
|   3|0x0000000082100000, 0x0000000082100000, 0x0000000082200000|  0%| F|  |TAMS 0x0000000082100000, 0x0000000082100000| Untracked 
|   4|0x0000000082200000, 0x0000000082200000, 0x0000000082300000|  0%| F|  |TAMS 0x0000000082200000, 0x0000000082200000| Untracked 
|   5|0x0000000082300000, 0x0000000082300000, 0x0000000082400000|  0%| F|  |TAMS 0x0000000082300000, 0x0000000082300000| Untracked 
|   6|0x0000000082400000, 0x0000000082400000, 0x0000000082500000|  0%| F|  |TAMS 0x0000000082400000, 0x0000000082400000| Untracked 
|   7|0x0000000082500000, 0x0000000082500000, 0x0000000082600000|  0%| F|  |TAMS 0x0000000082500000, 0x0000000082500000| Untracked 
|   8|0x0000000082600000, 0x0000000082600000, 0x0000000082700000|  0%| F|  |TAMS 0x0000000082600000, 0x0000000082600000| Untracked 
|   9|0x0000000082700000, 0x0000000082700000, 0x0000000082800000|  0%| F|  |TAMS 0x0000000082700000, 0x0000000082700000| Untracked 
|  10|0x0000000082800000, 0x0000000082800000, 0x0000000082900000|  0%| F|  |TAMS 0x0000000082800000, 0x0000000082800000| Untracked 
|  11|0x0000000082900000, 0x0000000082900000, 0x0000000082a00000|  0%| F|  |TAMS 0x0000000082900000, 0x0000000082900000| Untracked 
|  12|0x0000000082a00000, 0x0000000082a00000, 0x0000000082b00000|  0%| F|  |TAMS 0x0000000082a00000, 0x0000000082a00000| Untracked 
|  13|0x0000000082b00000, 0x0000000082b00000, 0x0000000082c00000|  0%| F|  |TAMS 0x0000000082b00000, 0x0000000082b00000| Untracked 
|  14|0x0000000082c00000, 0x0000000082c00000, 0x0000000082d00000|  0%| F|  |TAMS 0x0000000082c00000, 0x0000000082c00000| Untracked 
|  15|0x0000000082d00000, 0x0000000082d00000, 0x0000000082e00000|  0%| F|  |TAMS 0x0000000082d00000, 0x0000000082d00000| Untracked 
|  16|0x0000000082e00000, 0x0000000082e00000, 0x0000000082f00000|  0%| F|  |TAMS 0x0000000082e00000, 0x0000000082e00000| Untracked 
|  17|0x0000000082f00000, 0x0000000082f00000, 0x0000000083000000|  0%| F|  |TAMS 0x0000000082f00000, 0x0000000082f00000| Untracked 
|  18|0x0000000083000000, 0x0000000083000000, 0x0000000083100000|  0%| F|  |TAMS 0x0000000083000000, 0x0000000083000000| Untracked 
|  19|0x0000000083100000, 0x0000000083100000, 0x0000000083200000|  0%| F|  |TAMS 0x0000000083100000, 0x0000000083100000| Untracked 
|  20|0x0000000083200000, 0x0000000083200000, 0x0000000083300000|  0%| F|  |TAMS 0x0000000083200000, 0x0000000083200000| Untracked 
|  21|0x0000000083300000, 0x0000000083300000, 0x0000000083400000|  0%| F|  |TAMS 0x0000000083300000, 0x0000000083300000| Untracked 
|  22|0x0000000083400000, 0x0000000083400000, 0x0000000083500000|  0%| F|  |TAMS 0x0000000083400000, 0x0000000083400000| Untracked 
|  23|0x0000000083500000, 0x0000000083500000, 0x0000000083600000|  0%| F|  |TAMS 0x0000000083500000, 0x0000000083500000| Untracked 
|  24|0x0000000083600000, 0x0000000083600000, 0x0000000083700000|  0%| F|  |TAMS 0x0000000083600000, 0x0000000083600000| Untracked 
|  25|0x0000000083700000, 0x0000000083700000, 0x0000000083800000|  0%| F|  |TAMS 0x0000000083700000, 0x0000000083700000| Untracked 
|  26|0x0000000083800000, 0x0000000083800000, 0x0000000083900000|  0%| F|  |TAMS 0x0000000083800000, 0x0000000083800000| Untracked 
|  27|0x0000000083900000, 0x0000000083900000, 0x0000000083a00000|  0%| F|  |TAMS 0x0000000083900000, 0x0000000083900000| Untracked 
|  28|0x0000000083a00000, 0x0000000083a00000, 0x0000000083b00000|  0%| F|  |TAMS 0x0000000083a00000, 0x0000000083a00000| Untracked 
|  29|0x0000000083b00000, 0x0000000083b00000, 0x0000000083c00000|  0%| F|  |TAMS 0x0000000083b00000, 0x0000000083b00000| Untracked 
|  30|0x0000000083c00000, 0x0000000083c00000, 0x0000000083d00000|  0%| F|  |TAMS 0x0000000083c00000, 0x0000000083c00000| Untracked 
|  31|0x0000000083d00000, 0x0000000083d00000, 0x0000000083e00000|  0%| F|  |TAMS 0x0000000083d00000, 0x0000000083d00000| Untracked 
|  32|0x0000000083e00000, 0x0000000083e00000, 0x0000000083f00000|  0%| F|  |TAMS 0x0000000083e00000, 0x0000000083e00000| Untracked 
|  33|0x0000000083f00000, 0x0000000083f00000, 0x0000000084000000|  0%| F|  |TAMS 0x0000000083f00000, 0x0000000083f00000| Untracked 
|  34|0x0000000084000000, 0x0000000084000000, 0x0000000084100000|  0%| F|  |TAMS 0x0000000084000000, 0x0000000084000000| Untracked 
|  35|0x0000000084100000, 0x0000000084100000, 0x0000000084200000|  0%| F|  |TAMS 0x0000000084100000, 0x0000000084100000| Untracked 
|  36|0x0000000084200000, 0x0000000084200000, 0x0000000084300000|  0%| F|  |TAMS 0x0000000084200000, 0x0000000084200000| Untracked 
|  37|0x0000000084300000, 0x0000000084300000, 0x0000000084400000|  0%| F|  |TAMS 0x0000000084300000, 0x0000000084300000| Untracked 
|  38|0x0000000084400000, 0x0000000084400000, 0x0000000084500000|  0%| F|  |TAMS 0x0000000084400000, 0x0000000084400000| Untracked 
|  39|0x0000000084500000, 0x0000000084500000, 0x0000000084600000|  0%| F|  |TAMS 0x0000000084500000, 0x0000000084500000| Untracked 
|  40|0x0000000084600000, 0x0000000084600000, 0x0000000084700000|  0%| F|  |TAMS 0x0000000084600000, 0x0000000084600000| Untracked 
|  41|0x0000000084700000, 0x0000000084700000, 0x0000000084800000|  0%| F|  |TAMS 0x0000000084700000, 0x0000000084700000| Untracked 
|  42|0x0000000084800000, 0x0000000084800000, 0x0000000084900000|  0%| F|  |TAMS 0x0000000084800000, 0x0000000084800000| Untracked 
|  43|0x0000000084900000, 0x0000000084900000, 0x0000000084a00000|  0%| F|  |TAMS 0x0000000084900000, 0x0000000084900000| Untracked 
|  44|0x0000000084a00000, 0x0000000084a00000, 0x0000000084b00000|  0%| F|  |TAMS 0x0000000084a00000, 0x0000000084a00000| Untracked 
|  45|0x0000000084b00000, 0x0000000084b00000, 0x0000000084c00000|  0%| F|  |TAMS 0x0000000084b00000, 0x0000000084b00000| Untracked 
|  46|0x0000000084c00000, 0x0000000084c00000, 0x0000000084d00000|  0%| F|  |TAMS 0x0000000084c00000, 0x0000000084c00000| Untracked 
|  47|0x0000000084d00000, 0x0000000084d00000, 0x0000000084e00000|  0%| F|  |TAMS 0x0000000084d00000, 0x0000000084d00000| Untracked 
|  48|0x0000000084e00000, 0x0000000084e00000, 0x0000000084f00000|  0%| F|  |TAMS 0x0000000084e00000, 0x0000000084e00000| Untracked 
|  49|0x0000000084f00000, 0x0000000084f00000, 0x0000000085000000|  0%| F|  |TAMS 0x0000000084f00000, 0x0000000084f00000| Untracked 
|  50|0x0000000085000000, 0x0000000085000000, 0x0000000085100000|  0%| F|  |TAMS 0x0000000085000000, 0x0000000085000000| Untracked 
|  51|0x0000000085100000, 0x0000000085100000, 0x0000000085200000|  0%| F|  |TAMS 0x0000000085100000, 0x0000000085100000| Untracked 
|  52|0x0000000085200000, 0x0000000085200000, 0x0000000085300000|  0%| F|  |TAMS 0x0000000085200000, 0x0000000085200000| Untracked 
|  53|0x0000000085300000, 0x0000000085300000, 0x0000000085400000|  0%| F|  |TAMS 0x0000000085300000, 0x0000000085300000| Untracked 
|  54|0x0000000085400000, 0x0000000085400000, 0x0000000085500000|  0%| F|  |TAMS 0x0000000085400000, 0x0000000085400000| Untracked 
|  55|0x0000000085500000, 0x0000000085500000, 0x0000000085600000|  0%| F|  |TAMS 0x0000000085500000, 0x0000000085500000| Untracked 
|  56|0x0000000085600000, 0x0000000085600000, 0x0000000085700000|  0%| F|  |TAMS 0x0000000085600000, 0x0000000085600000| Untracked 
|  57|0x0000000085700000, 0x0000000085700000, 0x0000000085800000|  0%| F|  |TAMS 0x0000000085700000, 0x0000000085700000| Untracked 
|  58|0x0000000085800000, 0x0000000085800000, 0x0000000085900000|  0%| F|  |TAMS 0x0000000085800000, 0x0000000085800000| Untracked 
|  59|0x0000000085900000, 0x0000000085900000, 0x0000000085a00000|  0%| F|  |TAMS 0x0000000085900000, 0x0000000085900000| Untracked 
|  60|0x0000000085a00000, 0x0000000085a00000, 0x0000000085b00000|  0%| F|  |TAMS 0x0000000085a00000, 0x0000000085a00000| Untracked 
|  61|0x0000000085b00000, 0x0000000085b00000, 0x0000000085c00000|  0%| F|  |TAMS 0x0000000085b00000, 0x0000000085b00000| Untracked 
|  62|0x0000000085c00000, 0x0000000085c00000, 0x0000000085d00000|  0%| F|  |TAMS 0x0000000085c00000, 0x0000000085c00000| Untracked 
|  63|0x0000000085d00000, 0x0000000085d00000, 0x0000000085e00000|  0%| F|  |TAMS 0x0000000085d00000, 0x0000000085d00000| Untracked 
|  64|0x0000000085e00000, 0x0000000085e00000, 0x0000000085f00000|  0%| F|  |TAMS 0x0000000085e00000, 0x0000000085e00000| Untracked 
|  65|0x0000000085f00000, 0x0000000085f00000, 0x0000000086000000|  0%| F|  |TAMS 0x0000000085f00000, 0x0000000085f00000| Untracked 
|  66|0x0000000086000000, 0x0000000086000000, 0x0000000086100000|  0%| F|  |TAMS 0x0000000086000000, 0x0000000086000000| Untracked 
|  67|0x0000000086100000, 0x0000000086100000, 0x0000000086200000|  0%| F|  |TAMS 0x0000000086100000, 0x0000000086100000| Untracked 
|  68|0x0000000086200000, 0x0000000086200000, 0x0000000086300000|  0%| F|  |TAMS 0x0000000086200000, 0x0000000086200000| Untracked 
|  69|0x0000000086300000, 0x0000000086300000, 0x0000000086400000|  0%| F|  |TAMS 0x0000000086300000, 0x0000000086300000| Untracked 
|  70|0x0000000086400000, 0x0000000086400000, 0x0000000086500000|  0%| F|  |TAMS 0x0000000086400000, 0x0000000086400000| Untracked 
|  71|0x0000000086500000, 0x0000000086500000, 0x0000000086600000|  0%| F|  |TAMS 0x0000000086500000, 0x0000000086500000| Untracked 
|  72|0x0000000086600000, 0x0000000086600000, 0x0000000086700000|  0%| F|  |TAMS 0x0000000086600000, 0x0000000086600000| Untracked 
|  73|0x0000000086700000, 0x0000000086700000, 0x0000000086800000|  0%| F|  |TAMS 0x0000000086700000, 0x0000000086700000| Untracked 
|  74|0x0000000086800000, 0x0000000086800000, 0x0000000086900000|  0%| F|  |TAMS 0x0000000086800000, 0x0000000086800000| Untracked 
|  75|0x0000000086900000, 0x0000000086900000, 0x0000000086a00000|  0%| F|  |TAMS 0x0000000086900000, 0x0000000086900000| Untracked 
|  76|0x0000000086a00000, 0x0000000086a00000, 0x0000000086b00000|  0%| F|  |TAMS 0x0000000086a00000, 0x0000000086a00000| Untracked 
|  77|0x0000000086b00000, 0x0000000086b00000, 0x0000000086c00000|  0%| F|  |TAMS 0x0000000086b00000, 0x0000000086b00000| Untracked 
|  78|0x0000000086c00000, 0x0000000086c00000, 0x0000000086d00000|  0%| F|  |TAMS 0x0000000086c00000, 0x0000000086c00000| Untracked 
|  79|0x0000000086d00000, 0x0000000086d00000, 0x0000000086e00000|  0%| F|  |TAMS 0x0000000086d00000, 0x0000000086d00000| Untracked 
|  80|0x0000000086e00000, 0x0000000086e00000, 0x0000000086f00000|  0%| F|  |TAMS 0x0000000086e00000, 0x0000000086e00000| Untracked 
|  81|0x0000000086f00000, 0x0000000086f00000, 0x0000000087000000|  0%| F|  |TAMS 0x0000000086f00000, 0x0000000086f00000| Untracked 
|  82|0x0000000087000000, 0x0000000087000000, 0x0000000087100000|  0%| F|  |TAMS 0x0000000087000000, 0x0000000087000000| Untracked 
|  83|0x0000000087100000, 0x0000000087100000, 0x0000000087200000|  0%| F|  |TAMS 0x0000000087100000, 0x0000000087100000| Untracked 
|  84|0x0000000087200000, 0x0000000087200000, 0x0000000087300000|  0%| F|  |TAMS 0x0000000087200000, 0x0000000087200000| Untracked 
|  85|0x0000000087300000, 0x0000000087300000, 0x0000000087400000|  0%| F|  |TAMS 0x0000000087300000, 0x0000000087300000| Untracked 
|  86|0x0000000087400000, 0x0000000087400000, 0x0000000087500000|  0%| F|  |TAMS 0x0000000087400000, 0x0000000087400000| Untracked 
|  87|0x0000000087500000, 0x0000000087500000, 0x0000000087600000|  0%| F|  |TAMS 0x0000000087500000, 0x0000000087500000| Untracked 
|  88|0x0000000087600000, 0x0000000087600000, 0x0000000087700000|  0%| F|  |TAMS 0x0000000087600000, 0x0000000087600000| Untracked 
|  89|0x0000000087700000, 0x0000000087700000, 0x0000000087800000|  0%| F|  |TAMS 0x0000000087700000, 0x0000000087700000| Untracked 
|  90|0x0000000087800000, 0x0000000087800000, 0x0000000087900000|  0%| F|  |TAMS 0x0000000087800000, 0x0000000087800000| Untracked 
|  91|0x0000000087900000, 0x0000000087900000, 0x0000000087a00000|  0%| F|  |TAMS 0x0000000087900000, 0x0000000087900000| Untracked 
|  92|0x0000000087a00000, 0x0000000087a00000, 0x0000000087b00000|  0%| F|  |TAMS 0x0000000087a00000, 0x0000000087a00000| Untracked 
|  93|0x0000000087b00000, 0x0000000087b00000, 0x0000000087c00000|  0%| F|  |TAMS 0x0000000087b00000, 0x0000000087b00000| Untracked 
|  94|0x0000000087c00000, 0x0000000087c00000, 0x0000000087d00000|  0%| F|  |TAMS 0x0000000087c00000, 0x0000000087c00000| Untracked 
|  95|0x0000000087d00000, 0x0000000087d00000, 0x0000000087e00000|  0%| F|  |TAMS 0x0000000087d00000, 0x0000000087d00000| Untracked 
|  96|0x0000000087e00000, 0x0000000087e00000, 0x0000000087f00000|  0%| F|  |TAMS 0x0000000087e00000, 0x0000000087e00000| Untracked 
|  97|0x0000000087f00000, 0x0000000087f00000, 0x0000000088000000|  0%| F|  |TAMS 0x0000000087f00000, 0x0000000087f00000| Untracked 
|  98|0x0000000088000000, 0x0000000088000000, 0x0000000088100000|  0%| F|  |TAMS 0x0000000088000000, 0x0000000088000000| Untracked 
|  99|0x0000000088100000, 0x0000000088100000, 0x0000000088200000|  0%| F|  |TAMS 0x0000000088100000, 0x0000000088100000| Untracked 
| 100|0x0000000088200000, 0x0000000088200000, 0x0000000088300000|  0%| F|  |TAMS 0x0000000088200000, 0x0000000088200000| Untracked 
| 101|0x0000000088300000, 0x0000000088300000, 0x0000000088400000|  0%| F|  |TAMS 0x0000000088300000, 0x0000000088300000| Untracked 
| 102|0x0000000088400000, 0x0000000088400000, 0x0000000088500000|  0%| F|  |TAMS 0x0000000088400000, 0x0000000088400000| Untracked 
| 103|0x0000000088500000, 0x0000000088500000, 0x0000000088600000|  0%| F|  |TAMS 0x0000000088500000, 0x0000000088500000| Untracked 
| 104|0x0000000088600000, 0x0000000088600000, 0x0000000088700000|  0%| F|  |TAMS 0x0000000088600000, 0x0000000088600000| Untracked 
| 105|0x0000000088700000, 0x0000000088700000, 0x0000000088800000|  0%| F|  |TAMS 0x0000000088700000, 0x0000000088700000| Untracked 
| 106|0x0000000088800000, 0x0000000088800000, 0x0000000088900000|  0%| F|  |TAMS 0x0000000088800000, 0x0000000088800000| Untracked 
| 107|0x0000000088900000, 0x0000000088900000, 0x0000000088a00000|  0%| F|  |TAMS 0x0000000088900000, 0x0000000088900000| Untracked 
| 108|0x0000000088a00000, 0x0000000088a00000, 0x0000000088b00000|  0%| F|  |TAMS 0x0000000088a00000, 0x0000000088a00000| Untracked 
| 109|0x0000000088b00000, 0x0000000088b00000, 0x0000000088c00000|  0%| F|  |TAMS 0x0000000088b00000, 0x0000000088b00000| Untracked 
| 110|0x0000000088c00000, 0x0000000088c00000, 0x0000000088d00000|  0%| F|  |TAMS 0x0000000088c00000, 0x0000000088c00000| Untracked 
| 111|0x0000000088d00000, 0x0000000088d00000, 0x0000000088e00000|  0%| F|  |TAMS 0x0000000088d00000, 0x0000000088d00000| Untracked 
| 112|0x0000000088e00000, 0x0000000088e00000, 0x0000000088f00000|  0%| F|  |TAMS 0x0000000088e00000, 0x0000000088e00000| Untracked 
| 113|0x0000000088f00000, 0x0000000088f00000, 0x0000000089000000|  0%| F|  |TAMS 0x0000000088f00000, 0x0000000088f00000| Untracked 
| 114|0x0000000089000000, 0x0000000089000000, 0x0000000089100000|  0%| F|  |TAMS 0x0000000089000000, 0x0000000089000000| Untracked 
| 115|0x0000000089100000, 0x0000000089100000, 0x0000000089200000|  0%| F|  |TAMS 0x0000000089100000, 0x0000000089100000| Untracked 
| 116|0x0000000089200000, 0x0000000089200000, 0x0000000089300000|  0%| F|  |TAMS 0x0000000089200000, 0x0000000089200000| Untracked 
| 117|0x0000000089300000, 0x0000000089300000, 0x0000000089400000|  0%| F|  |TAMS 0x0000000089300000, 0x0000000089300000| Untracked 
| 118|0x0000000089400000, 0x0000000089400000, 0x0000000089500000|  0%| F|  |TAMS 0x0000000089400000, 0x0000000089400000| Untracked 
| 119|0x0000000089500000, 0x0000000089500000, 0x0000000089600000|  0%| F|  |TAMS 0x0000000089500000, 0x0000000089500000| Untracked 
| 120|0x0000000089600000, 0x0000000089600000, 0x0000000089700000|  0%| F|  |TAMS 0x0000000089600000, 0x0000000089600000| Untracked 
| 121|0x0000000089700000, 0x0000000089700000, 0x0000000089800000|  0%| F|  |TAMS 0x0000000089700000, 0x0000000089700000| Untracked 
| 122|0x0000000089800000, 0x0000000089900000, 0x0000000089900000|100%| E|  |TAMS 0x0000000089800000, 0x0000000089800000| Complete 
| 123|0x0000000089900000, 0x0000000089a00000, 0x0000000089a00000|100%| E|CS|TAMS 0x0000000089900000, 0x0000000089900000| Complete 
| 124|0x0000000089a00000, 0x0000000089b00000, 0x0000000089b00000|100%| E|CS|TAMS 0x0000000089a00000, 0x0000000089a00000| Complete 
| 125|0x0000000089b00000, 0x0000000089c00000, 0x0000000089c00000|100%| E|CS|TAMS 0x0000000089b00000, 0x0000000089b00000| Complete 
| 126|0x0000000089c00000, 0x0000000089d00000, 0x0000000089d00000|100%| E|CS|TAMS 0x0000000089c00000, 0x0000000089c00000| Complete 
| 127|0x0000000089d00000, 0x0000000089e00000, 0x0000000089e00000|100%| E|CS|TAMS 0x0000000089d00000, 0x0000000089d00000| Complete 

Card table byte_map: [0x000001667e3d0000,0x000001667e7d0000] _byte_map_base: 0x000001667dfc1000

Marking Bits (Prev, Next): (CMBitMap*) 0x000001667bcfa380, (CMBitMap*) 0x000001667bcfa3c0
 Prev Bits: [0x0000016617160000, 0x00000166190e8000)
 Next Bits: [0x00000166190f0000, 0x000001661b078000)

Polling page: 0x000001667bd90000

Metaspace:

Usage:
  Non-class:      6.75 MB capacity,     6.70 MB (>99%) used,    46.66 KB ( <1%) free+waste,    10.06 KB ( <1%) overhead. 
      Class:    958.00 KB capacity,   889.26 KB ( 93%) used,    64.12 KB (  7%) free+waste,     4.62 KB ( <1%) overhead. 
       Both:      7.69 MB capacity,     7.56 MB ( 98%) used,   110.77 KB (  1%) free+waste,    14.69 KB ( <1%) overhead. 

Virtual space:
  Non-class space:        8.00 MB reserved,       7.00 MB ( 88%) committed 
      Class space:        1.00 GB reserved,       1.00 MB ( <1%) committed 
             Both:        1.01 GB reserved,       8.00 MB ( <1%) committed 

Chunk freelists:
   Non-Class:  0 bytes
       Class:  2.00 KB
        Both:  2.00 KB

MaxMetaspaceSize: 17179869184.00 GB
CompressedClassSpaceSize: 1.00 GB

CodeHeap 'non-profiled nmethods': size=120000Kb used=193Kb max_used=193Kb free=119806Kb
 bounds [0x000001660fc30000, 0x000001660fea0000, 0x0000016617160000]
CodeHeap 'profiled nmethods': size=120000Kb used=870Kb max_used=870Kb free=119129Kb
 bounds [0x0000016608700000, 0x0000016608970000, 0x000001660fc30000]
CodeHeap 'non-nmethods': size=5760Kb used=1265Kb max_used=1279Kb free=4494Kb
 bounds [0x0000016608160000, 0x00000166083d0000, 0x0000016608700000]
 total_blobs=1224 nmethods=672 adapters=465
 compilation: enabled
              stopped_count=0, restarted_count=0
 full_count=0

Compilation events (20 events):
Event: 31.306 Thread 0x000001667f696880 nmethod 662 0x00000166087d6710 code [0x00000166087d6900, 0x00000166087d6ca8]
Event: 31.306 Thread 0x000001667f696880  663       3       java.security.AccessController::getContext (23 bytes)
Event: 31.306 Thread 0x000001667f696880 nmethod 663 0x00000166087d6e90 code [0x00000166087d7060, 0x00000166087d7318]
Event: 31.381 Thread 0x000001667f696880  665       1       java.security.AccessControlContext::getCombiner (5 bytes)
Event: 31.382 Thread 0x000001667f696880 nmethod 665 0x000001660fc5f990 code [0x000001660fc5fb20, 0x000001660fc5fbd8]
Event: 31.382 Thread 0x000001667f696880  667  s    3       java.awt.KeyboardFocusManager::getCurrentKeyboardFocusManager (32 bytes)
Event: 31.382 Thread 0x000001667f696880 nmethod 667 0x00000166087d7490 code [0x00000166087d7660, 0x00000166087d7a68]
Event: 31.382 Thread 0x000001667f696880  668       1       sun.util.locale.StringTokenIterator::isDone (5 bytes)
Event: 31.382 Thread 0x000001667f696880 nmethod 668 0x000001660fc5fc90 code [0x000001660fc5fe20, 0x000001660fc5fed8]
Event: 31.382 Thread 0x000001667f696880  666       1       java.security.AccessControlContext::getContext (5 bytes)
Event: 31.382 Thread 0x000001667f696880 nmethod 666 0x000001660fc5ff90 code [0x000001660fc60120, 0x000001660fc601d8]
Event: 49.082 Thread 0x000001667f696880  669   !   3       sun.awt.AWTAutoShutdown::setToolkitBusy (124 bytes)
Event: 49.083 Thread 0x000001667f696880 nmethod 669 0x00000166087d7b90 code [0x00000166087d7da0, 0x00000166087d8368]
Event: 82.157 Thread 0x000001667f696880  670       3       java.util.concurrent.locks.AbstractQueuedSynchronizer::signalNext (34 bytes)
Event: 82.158 Thread 0x000001667f696880 nmethod 670 0x00000166087d8690 code [0x00000166087d8860, 0x00000166087d8b18]
Event: 82.158 Thread 0x000001667f696880  671       3       java.util.EventObject::<init> (24 bytes)
Event: 82.158 Thread 0x000001667f696880 nmethod 671 0x00000166087d8c90 code [0x00000166087d8e40, 0x00000166087d9108]
Event: 186.741 Thread 0x000001667f696880  673       3       sun.invoke.util.VerifyAccess::isTypeVisible (47 bytes)
Event: 186.741 Thread 0x000001667f696880 nmethod 673 0x00000166087d9210 code [0x00000166087d93e0, 0x00000166087d97b8]
Event: 392.862 Thread 0x000001667f695de0  674       4       java.util.Arrays::binarySearch0 (95 bytes)

GC Heap History (0 events):
No events

Deoptimization events (8 events):
Event: 0.054 Thread 0x000001667bcb9120 Uncommon trap: trap_request=0xffffff45 fr.pc=0x000001660fc33bc0 relative=0x0000000000000220
Event: 0.054 Thread 0x000001667bcb9120 Uncommon trap: reason=unstable_if action=reinterpret pc=0x000001660fc33bc0 method=java.lang.String.hashCode()I @ 13 c2
Event: 0.054 Thread 0x000001667bcb9120 DEOPT PACKING pc=0x000001660fc33bc0 sp=0x00000058738fd300
Event: 0.054 Thread 0x000001667bcb9120 DEOPT UNPACKING pc=0x00000166081ae42f sp=0x00000058738fd298 mode 2
Event: 0.372 Thread 0x000001667bcb9120 Uncommon trap: trap_request=0xffffffe5 fr.pc=0x000001660fc48ac0 relative=0x00000000000001a0
Event: 0.372 Thread 0x000001667bcb9120 Uncommon trap: reason=range_check action=reinterpret pc=0x000001660fc48ac0 method=java.lang.StringLatin1.indexOf([BII)I @ 13 c2
Event: 0.372 Thread 0x000001667bcb9120 DEOPT PACKING pc=0x000001660fc48ac0 sp=0x00000058738fc9c0
Event: 0.372 Thread 0x000001667bcb9120 DEOPT UNPACKING pc=0x00000166081ae42f sp=0x00000058738fc940 mode 2

Classes unloaded (0 events):
No events

Classes redefined (0 events):
No events

Internal exceptions (14 events):
Event: 0.046 Thread 0x000001667bcb9120 Exception <a 'java/lang/NoSuchMethodError'{0x0000000089c21538}: 'void java.lang.invoke.DirectMethodHandle$Holder.invokeSpecial(java.lang.Object, java.lang.Object, java.lang.Object)'> (0x0000000089c21538) 
thrown [./open/src/hotspot/share/interpreter/linkResolver.cpp, line 782]
Event: 0.055 Thread 0x000001667bcb9120 Exception <a 'java/lang/ClassNotFoundException'{0x0000000089c41528}: sun/awt/resources/spi/awtProvider> (0x0000000089c41528) 
thrown [./open/src/hotspot/share/classfile/systemDictionary.cpp, line 295]
Event: 0.071 Thread 0x000001667bcb9120 Exception <a 'java/io/FileNotFoundException'{0x0000000089c9d3f0}> (0x0000000089c9d3f0) 
thrown [./open/src/hotspot/share/prims/jni.cpp, line 578]
Event: 0.077 Thread 0x000001667bcb9120 Exception <a 'java/io/FileNotFoundException'{0x0000000089ccbc90}> (0x0000000089ccbc90) 
thrown [./open/src/hotspot/share/prims/jni.cpp, line 578]
Event: 0.077 Thread 0x000001667bcb9120 Exception <a 'java/lang/NoSuchMethodError'{0x0000000089ccce88}: 'java.lang.Object java.lang.invoke.DirectMethodHandle$Holder.invokeStatic(java.lang.Object)'> (0x0000000089ccce88) 
thrown [./open/src/hotspot/share/interpreter/linkResolver.cpp, line 782]
Event: 0.103 Thread 0x000001667bcb9120 Exception <a 'java/lang/NoSuchMethodError'{0x0000000089b292a0}: 'java.lang.Object java.lang.invoke.DirectMethodHandle$Holder.invokeStaticInit(java.lang.Object)'> (0x0000000089b292a0) 
thrown [./open/src/hotspot/share/interpreter/linkResolver.cpp, line 782]
Event: 0.133 Thread 0x000001667bcb9120 Exception <a 'java/lang/NoSuchMethodError'{0x0000000089a11788}: 'java.lang.Object java.lang.invoke.DirectMethodHandle$Holder.newInvokeSpecial(java.lang.Object, java.lang.Object, java.lang.Object, java.lang.Object, java.lang.Object)'> (0x0000000089a11788) 
thrown [./open/src/hotspot/share/interpreter/linkResolver.cpp, line 782]
Event: 0.134 Thread 0x000001667bcb9120 Exception <a 'java/lang/NoSuchMethodError'{0x0000000089a1d218}: 'java.lang.Object java.lang.invoke.DirectMethodHandle$Holder.invokeStatic(java.lang.Object, int, java.lang.Object, java.lang.Object, java.lang.Object, java.lang.Object)'> (0x0000000089a1d218) 
thrown [./open/src/hotspot/share/interpreter/linkResolver.cpp, line 782]
Event: 0.137 Thread 0x000001667bcb9120 Exception <a 'java/lang/NoSuchMethodError'{0x0000000089a434c0}: 'java.lang.Object java.lang.invoke.DirectMethodHandle$Holder.invokeStatic(java.lang.Object, int, java.lang.Object)'> (0x0000000089a434c0) 
thrown [./open/src/hotspot/share/interpreter/linkResolver.cpp, line 782]
Event: 0.152 Thread 0x000001667bcb9120 Exception <a 'java/lang/ClassNotFoundException'{0x0000000089afbc10}: com/sun/swing/internal/plaf/metal/resources/spi/metalProvider> (0x0000000089afbc10) 
thrown [./open/src/hotspot/share/classfile/systemDictionary.cpp, line 295]
Event: 0.152 Thread 0x000001667bcb9120 Exception <a 'java/lang/ClassNotFoundException'{0x0000000089900220}: com/sun/swing/internal/plaf/basic/resources/spi/basicProvider> (0x0000000089900220) 
thrown [./open/src/hotspot/share/classfile/systemDictionary.cpp, line 295]
Event: 0.358 Thread 0x000001667bcb9120 Exception <a 'java/lang/NoSuchMethodError'{0x0000000089959170}: 'void java.lang.invoke.DirectMethodHandle$Holder.invokeStaticInit(java.lang.Object)'> (0x0000000089959170) 
thrown [./open/src/hotspot/share/interpreter/linkResolver.cpp, line 782]
Event: 0.364 Thread 0x000001667bcb9120 Exception <a 'java/io/FileNotFoundException'{0x0000000089965888}> (0x0000000089965888) 
thrown [./open/src/hotspot/share/prims/jni.cpp, line 578]
Event: 186.739 Thread 0x000001661d3e9780 Exception <a 'java/lang/NoSuchMethodError'{0x00000000899cbfa0}: 'void java.lang.invoke.DirectMethodHandle$Holder.invokeVirtual(java.lang.Object, java.lang.Object)'> (0x00000000899cbfa0) 
thrown [./open/src/hotspot/share/interpreter/linkResolver.cpp, line 782]

Events (20 events):
Event: 2.844 loading class javax/swing/Popup$HeavyWeightWindow
Event: 2.844 loading class sun/awt/ModalExclude
Event: 2.844 loading class sun/awt/ModalExclude done
Event: 2.844 loading class javax/swing/JWindow
Event: 2.844 loading class javax/swing/JWindow done
Event: 2.844 loading class javax/swing/Popup$HeavyWeightWindow done
Event: 3.081 loading class java/awt/LightweightDispatcher$2
Event: 3.082 loading class java/awt/LightweightDispatcher$2 done
Event: 4.309 loading class sun/awt/windows/WInputMethod$1
Event: 4.309 loading class sun/awt/windows/WInputMethod$1 done
Event: 4.312 loading class java/awt/font/TextHitInfo
Event: 4.313 loading class java/awt/font/TextHitInfo done
Event: 5.472 Executing VM operation: HandshakeAllThreads
Event: 5.472 Executing VM operation: HandshakeAllThreads done
Event: 186.738 loading class java/util/WeakHashMap$KeyIterator
Event: 186.738 loading class java/util/WeakHashMap$HashIterator
Event: 186.738 loading class java/util/WeakHashMap$HashIterator done
Event: 186.738 loading class java/util/WeakHashMap$KeyIterator done
Event: 186.739 loading class javax/swing/RepaintManager$DisplayChangedRunnable
Event: 186.739 loading class javax/swing/RepaintManager$DisplayChangedRunnable done


Dynamic libraries:
0x00007ff627440000 - 0x00007ff62744f000 	C:\Program Files\Java\jdk-15.0.2\bin\java.exe
0x00007ffce25d0000 - 0x00007ffce27c6000 	C:\WINDOWS\SYSTEM32\ntdll.dll
0x00007ffce11c0000 - 0x00007ffce127d000 	C:\WINDOWS\System32\KERNEL32.DLL
0x00007ffcdff90000 - 0x00007ffce0259000 	C:\WINDOWS\System32\KERNELBASE.dll
0x00007ffcdfde0000 - 0x00007ffcdfee0000 	C:\WINDOWS\System32\ucrtbase.dll
0x00007ffcb8bb0000 - 0x00007ffcb8bc9000 	C:\Program Files\Java\jdk-15.0.2\bin\VCRUNTIME140.dll
0x00007ffcc4d10000 - 0x00007ffcc4d28000 	C:\Program Files\Java\jdk-15.0.2\bin\jli.dll
0x00007ffce0630000 - 0x00007ffce06dc000 	C:\WINDOWS\System32\ADVAPI32.dll
0x00007ffce0f70000 - 0x00007ffce100e000 	C:\WINDOWS\System32\msvcrt.dll
0x00007ffce0d10000 - 0x00007ffce0dac000 	C:\WINDOWS\System32\sechost.dll
0x00007ffce1450000 - 0x00007ffce157b000 	C:\WINDOWS\System32\RPCRT4.dll
0x00007ffce2260000 - 0x00007ffce2400000 	C:\WINDOWS\System32\USER32.dll
0x00007ffcdff60000 - 0x00007ffcdff82000 	C:\WINDOWS\System32\win32u.dll
0x00007ffcc8500000 - 0x00007ffcc879b000 	C:\WINDOWS\WinSxS\amd64_microsoft.windows.common-controls_6595b64144ccf1df_6.0.19041.746_none_ca02b4b61b8320a4\COMCTL32.dll
0x00007ffce1cd0000 - 0x00007ffce1cfa000 	C:\WINDOWS\System32\GDI32.dll
0x00007ffce0260000 - 0x00007ffce036b000 	C:\WINDOWS\System32\gdi32full.dll
0x00007ffcdfd10000 - 0x00007ffcdfdad000 	C:\WINDOWS\System32\msvcp_win.dll
0x00007ffcd8760000 - 0x00007ffcd876a000 	C:\WINDOWS\SYSTEM32\VERSION.dll
0x00007ffce2560000 - 0x00007ffce2590000 	C:\WINDOWS\System32\IMM32.DLL
0x00007ffcd3b00000 - 0x00007ffcd3b0c000 	C:\Program Files\Java\jdk-15.0.2\bin\vcruntime140_1.dll
0x00007ffca8130000 - 0x00007ffca81c1000 	C:\Program Files\Java\jdk-15.0.2\bin\msvcp140.dll
0x00007ffc9df40000 - 0x00007ffc9ea9e000 	C:\Program Files\Java\jdk-15.0.2\bin\server\jvm.dll
0x00007ffce0cf0000 - 0x00007ffce0cf8000 	C:\WINDOWS\System32\PSAPI.DLL
0x00007ffcd0fb0000 - 0x00007ffcd0fd7000 	C:\WINDOWS\SYSTEM32\WINMM.dll
0x00007ffcd42b0000 - 0x00007ffcd42b9000 	C:\WINDOWS\SYSTEM32\WSOCK32.dll
0x00007ffce1d00000 - 0x00007ffce1d6b000 	C:\WINDOWS\System32\WS2_32.dll
0x00007ffcde750000 - 0x00007ffcde762000 	C:\WINDOWS\SYSTEM32\kernel.appcore.dll
0x00007ffcd33d0000 - 0x00007ffcd33da000 	C:\Program Files\Java\jdk-15.0.2\bin\jimage.dll
0x00007ffcdd9d0000 - 0x00007ffcddbb4000 	C:\WINDOWS\SYSTEM32\DBGHELP.DLL
0x00007ffcd1a70000 - 0x00007ffcd1a9c000 	C:\WINDOWS\SYSTEM32\dbgcore.DLL
0x00007ffcdfee0000 - 0x00007ffcdff60000 	C:\WINDOWS\System32\bcryptPrimitives.dll
0x00007ffcb5010000 - 0x00007ffcb5035000 	C:\Program Files\Java\jdk-15.0.2\bin\java.dll
0x00007ffce1580000 - 0x00007ffce1cc2000 	C:\WINDOWS\System32\SHELL32.dll
0x00007ffcddd50000 - 0x00007ffcde4e0000 	C:\WINDOWS\SYSTEM32\windows.storage.dll
0x00007ffce1d70000 - 0x00007ffce20c6000 	C:\WINDOWS\System32\combase.dll
0x00007ffcdf770000 - 0x00007ffcdf79c000 	C:\WINDOWS\SYSTEM32\Wldp.dll
0x00007ffce0db0000 - 0x00007ffce0e5e000 	C:\WINDOWS\System32\SHCORE.dll
0x00007ffce20d0000 - 0x00007ffce2125000 	C:\WINDOWS\System32\shlwapi.dll
0x00007ffcdfc40000 - 0x00007ffcdfc66000 	C:\WINDOWS\SYSTEM32\profapi.dll
0x00007ffca54b0000 - 0x00007ffca5630000 	C:\Program Files\Java\jdk-15.0.2\bin\awt.dll
0x00007ffce12f0000 - 0x00007ffce13bd000 	C:\WINDOWS\System32\OLEAUT32.dll
0x00007ffcdd230000 - 0x00007ffcdd2c0000 	C:\WINDOWS\SYSTEM32\apphelp.dll
0x00007ffcdd690000 - 0x00007ffcdd6bf000 	C:\WINDOWS\system32\DWMAPI.DLL
0x00007ffcdd400000 - 0x00007ffcdd49e000 	C:\WINDOWS\system32\uxtheme.dll
0x00007ffcbed80000 - 0x00007ffcbeea5000 	C:\WINDOWS\system32\opengl32.dll
0x00007ffcc7470000 - 0x00007ffcc749c000 	C:\WINDOWS\SYSTEM32\GLU32.dll
0x00007ffce0700000 - 0x00007ffce0815000 	C:\WINDOWS\System32\MSCTF.dll
0x00007ffce2130000 - 0x00007ffce225a000 	C:\WINDOWS\System32\ole32.dll
0x00007ffca64e0000 - 0x00007ffca6565000 	C:\Program Files\Java\jdk-15.0.2\bin\freetype.dll
0x00007ffca4b00000 - 0x00007ffca4ba9000 	C:\Program Files\Java\jdk-15.0.2\bin\fontmanager.dll
0x00007ffce0e60000 - 0x00007ffce0f09000 	C:\WINDOWS\System32\clbcatq.dll
0x00007ffcd5ac0000 - 0x00007ffcd5c74000 	C:\WINDOWS\SYSTEM32\WindowsCodecs.dll
0x00007ffcdfdb0000 - 0x00007ffcdfdd7000 	C:\WINDOWS\System32\bcrypt.dll
0x00007ffcc4970000 - 0x00007ffcc49ae000 	C:\WINDOWS\system32\dataexchange.dll
0x00007ffcdbf00000 - 0x00007ffcdc164000 	C:\WINDOWS\system32\d3d11.dll
0x00007ffcdc730000 - 0x00007ffcdc917000 	C:\WINDOWS\system32\dcomp.dll
0x00007ffcde770000 - 0x00007ffcde863000 	C:\WINDOWS\system32\dxgi.dll
0x00007ffcd6a30000 - 0x00007ffcd6c31000 	C:\WINDOWS\system32\twinapi.appcore.dll
0x00007ffccedd0000 - 0x00007ffcceecb000 	C:\WINDOWS\SYSTEM32\textinputframework.dll
0x00007ffcdcca0000 - 0x00007ffcdcffe000 	C:\WINDOWS\System32\CoreUIComponents.dll
0x00007ffcdd000000 - 0x00007ffcdd0f2000 	C:\WINDOWS\System32\CoreMessaging.dll
0x00007ffcdea90000 - 0x00007ffcdeac3000 	C:\WINDOWS\SYSTEM32\ntmarta.dll
0x00007ffcdb940000 - 0x00007ffcdba94000 	C:\WINDOWS\SYSTEM32\wintypes.dll
0x00007ffcb6680000 - 0x00007ffcb6699000 	C:\Program Files\Java\jdk-15.0.2\bin\net.dll
0x00007ffcd4e80000 - 0x00007ffcd4f80000 	C:\WINDOWS\SYSTEM32\WINHTTP.dll
0x00007ffcdf4f0000 - 0x00007ffcdf55a000 	C:\WINDOWS\system32\mswsock.dll
0x00007ffcb6660000 - 0x00007ffcb6672000 	C:\Program Files\Java\jdk-15.0.2\bin\nio.dll
0x00007ffccc580000 - 0x00007ffccc62c000 	C:\WINDOWS\SYSTEM32\TextShaping.dll

dbghelp: loaded successfully - version: 4.0.5 - missing functions: none
symbol engine: initialized successfully - sym options: 0x614 - pdb path: .;C:\Program Files\Java\jdk-15.0.2\bin;C:\WINDOWS\SYSTEM32;C:\WINDOWS\WinSxS\amd64_microsoft.windows.common-controls_6595b64144ccf1df_6.0.19041.746_none_ca02b4b61b8320a4;C:\Program Files\Java\jdk-15.0.2\bin\server

VM Arguments:
jvm_args: -Dfile.encoding=UTF-8 
java_command: travel.management.system.Signup
java_class_path (initial): D:\java\Travel Management System\build\classes
Launcher Type: SUN_STANDARD

[Global flags]
     intx CICompilerCount                          = 4                                         {product} {ergonomic}
     uint ConcGCThreads                            = 2                                         {product} {ergonomic}
     uint G1ConcRefinementThreads                  = 8                                         {product} {ergonomic}
   size_t G1HeapRegionSize                         = 1048576                                   {product} {ergonomic}
    uintx GCDrainStackTargetSize                   = 64                                        {product} {ergonomic}
   size_t InitialHeapSize                          = 134217728                                 {product} {ergonomic}
   size_t MarkStackSize                            = 4194304                                   {product} {ergonomic}
   size_t MaxHeapSize                              = 2116026368                                {product} {ergonomic}
   size_t MaxNewSize                               = 1268776960                                {product} {ergonomic}
   size_t MinHeapDeltaBytes                        = 1048576                                   {product} {ergonomic}
   size_t MinHeapSize                              = 8388608                                   {product} {ergonomic}
    uintx NonNMethodCodeHeapSize                   = 5839372                                {pd product} {ergonomic}
    uintx NonProfiledCodeHeapSize                  = 122909434                              {pd product} {ergonomic}
    uintx ProfiledCodeHeapSize                     = 122909434                              {pd product} {ergonomic}
    uintx ReservedCodeCacheSize                    = 251658240                              {pd product} {ergonomic}
     bool SegmentedCodeCache                       = true                                      {product} {ergonomic}
   size_t SoftMaxHeapSize                          = 2116026368                             {manageable} {ergonomic}
     bool UseCompressedClassPointers               = true                                 {lp64_product} {ergonomic}
     bool UseCompressedOops                        = true                                 {lp64_product} {ergonomic}
     bool UseG1GC                                  = true                                      {product} {ergonomic}
     bool UseLargePagesIndividualAllocation        = false                                  {pd product} {ergonomic}

Logging:
Log output configuration:
 #0: stdout all=warning uptime,level,tags
 #1: stderr all=off uptime,level,tags

Environment Variables:
JAVA_HOME=C:\Program Files\Java\jdk-15
CLASSPATH=C:\Program Files\Java\jdk-12.0.1\lib;
PATH=C:\Python39\Scripts\;C:\Python39\;C:\Program Files\Common Files\Oracle\Java\javapath;C:\ProgramData\Oracle\Java\javapath;C:\Windows\system32;C:\Windows;C:\Windows\System32\Wbem;C:\Windows\System32\WindowsPowerShell\v1.0\;C:\Windows\System32\OpenSSH\;C:\Program Files (x86)\NVIDIA Corporation\PhysX\Common;C:\Program Files\NVIDIA Corporation\NVIDIA NvDLISR;C:\Program Files (x86)\Common Files\Oracle\Java\javapath;C:\WINDOWS\system32;C:\WINDOWS;C:\WINDOWS\System32\Wbem;C:\WINDOWS\System32\WindowsPowerShell\v1.0\;C:\WINDOWS\System32\OpenSSH\;C:\Program Files\Java\jre-10\bin;C:\Program Files\Java\jdk-15\bin;C:\nodejs\;C:\ProgramData\chocolatey\bin;C:\Program Files\MiKTeX\miktex\bin\x64\;C:\Users\kunjpatel\AppData\Local\Programs\Python\Python39\Scripts\;C:\Users\kunjpatel\AppData\Local\Programs\Python\Python39\;C:\Program Files\Java\jdk-12.0.1\bin;D:\pycharm\PyCharm Community Edition 2020.1\bin;;C:\Users\kunjpatel\AppData\Local\Programs\Microsoft VS Code\bin;C:\Users\kunjpatel\AppData\Local\Programs\Python\Python38-32\Scripts;C:\Users\kunjpatel\AppData\Local\Programs\Python\Python38-32;C:\Users\kunjpatel\AppData\Local\Microsoft\WindowsApps;C:\Program Files\JetBrains\IntelliJ IDEA Community Edition 2020.2.2\bin;;C:\Users\kunjpatel\AppData\Roaming\npm;
USERNAME=kunjpatel
OS=Windows_NT
PROCESSOR_IDENTIFIER=Intel64 Family 6 Model 158 Stepping 10, GenuineIntel



---------------  S Y S T E M  ---------------

OS:
 Windows 10 , 64 bit Build 19041 (10.0.19041.804)
OS uptime: 0 days 20:31 hours

CPU: total 8 (initial active 8) (4 cores per cpu, 2 threads per core) family 6 model 158 stepping 10 microcode 0xb4, cmov, cx8, fxsr, mmx, sse, sse2, sse3, ssse3, sse4.1, sse4.2, popcnt, vzeroupper, avx, avx2, aes, clmul, erms, 3dnowpref, lzcnt, ht, tsc, tscinvbit, bmi1, bmi2, adx, fma, clflush, clflushopt

Memory: 4k page, system-wide physical 8066M (738M free)
TotalPageFile size 32642M (AvailPageFile size 5M)
current process WorkingSet (physical memory assigned to process): 60M, peak: 60M
current process commit charge ("private bytes"): 225M, peak: 226M

vm_info: Java HotSpot(TM) 64-Bit Server VM (15.0.2+7-27) for windows-amd64 JRE (15.0.2+7-27), built on Dec  7 2020 20:07:01 by "mach5one" with unknown MS VC++:1925

END.
