#
# There is insufficient memory for the Java Runtime Environment to continue.
# Native memory allocation (mmap) failed to map 3145728 bytes for G1 virtual space
# Possible reasons:
#   The system is out of physical RAM or swap space
#   The process is running with CompressedOops enabled, and the Java Heap may be blocking the growth of the native heap
# Possible solutions:
#   Reduce memory load on the system
#   Increase physical memory or swap space
#   Check if swap backing store is full
#   Decrease Java heap size (-Xmx/-Xms)
#   Decrease number of Java threads
#   Decrease Java thread stack sizes (-Xss)
#   Set larger code cache with -XX:ReservedCodeCacheSize=
#   JVM is running with Unscaled Compressed Oops mode in which the Java heap is
#     placed in the first 4GB address space. The Java Heap base address is the
#     maximum limit for the native heap growth. Please use -XX:HeapBaseMinAddress
#     to set the Java Heap base and to place the Java Heap above 4GB virtual address.
# This output file may be truncated or incomplete.
#
#  Out of Memory Error (./open/src/hotspot/os/windows/os_windows.cpp:3321), pid=9388, tid=25216
#
# JRE version: Java(TM) SE Runtime Environment (15.0.2+7) (build 15.0.2+7-27)
# Java VM: Java HotSpot(TM) 64-Bit Server VM (15.0.2+7-27, mixed mode, sharing, tiered, compressed oops, g1 gc, windows-amd64)
# No core dump will be written. Minidumps are not enabled by default on client versions of Windows
#

---------------  S U M M A R Y ------------

Command Line: -Denv.class.path=C:\Program Files\Java\jdk-12.0.1\lib; -Dapplication.home=C:\Program Files\Java\jdk-15.0.2 --add-modules=ALL-DEFAULT -Xms8m -Djdk.module.main=jdk.compiler jdk.compiler/com.sun.tools.javac.Main -d D:\java\Travel Management System\build\classes -classpath D:\java\Travel Management System\build\classes;C:\mysql-connector-java-8.0.21\mysql-connector-java-8.0.21.jar -sourcepath D:\java\Travel Management System\src -target 15 -encoding UTF-8 -g -processorpath C:\mysql-connector-java-8.0.21\mysql-connector-java-8.0.21.jar;D:\java\Travel Management System\build\empty -s D:\java\Travel Management System\build\generated-sources\ap-source-output -source 15 D:\java\Travel Management System\src\travel\management\system\ForgotPassword.java

Host: Intel(R) Core(TM) i5-8300H CPU @ 2.30GHz, 8 cores, 7G,  Windows 10 , 64 bit Build 19041 (10.0.19041.804)
Time: Wed Mar  3 14:16:16 2021 India Standard Time elapsed time: 0.452321 seconds (0d 0h 0m 0s)

---------------  T H R E A D  ---------------

Current thread (0x00000268a4379500):  VMThread "VM Thread" [stack: 0x0000009386000000,0x0000009386100000] [id=25216]

Stack: [0x0000009386000000,0x0000009386100000]
[error occurred during error reporting (printing stack bounds), id 0xc0000005, EXCEPTION_ACCESS_VIOLATION (0xc0000005) at pc=0x000002688d3710ad]

Native frames: (J=compiled Java code, j=interpreted, Vv=VM code, C=native code)
V  [jvm.dll+0x62ae9a]
V  [jvm.dll+0x7817a9]
V  [jvm.dll+0x782f03]
V  [jvm.dll+0x7834c5]
V  [jvm.dll+0x78347b]
V  [jvm.dll+0x62a2b9]
V  [jvm.dll+0x62aa88]
C  [ntdll.dll+0xa197f]
C  [ntdll.dll+0x4b754]
C  [ntdll.dll+0xa04ae]
C  0x000002688d3710ad

VM_Operation (0x0000009385afe970): G1CollectForAllocation, mode: safepoint, requested by thread 0x00000268839427f0


---------------  P R O C E S S  ---------------

Threads class SMR info:
_java_thread_list=0x00000268a4e3dda0, length=12, elements={
0x00000268839427f0, 0x00000268a437c9c0, 0x00000268a437d4a0, 0x00000268a43999f0,
0x00000268a439c3c0, 0x00000268a439e190, 0x00000268a439ff40, 0x00000268a43a09f0,
0x00000268a43a13f0, 0x00000268a4db0a20, 0x00000268a4df22e0, 0x00000268a4e95d90
}

Java Threads: ( => current thread )
  0x00000268839427f0 JavaThread "main" [_thread_blocked, id=24684, stack(0x0000009385a00000,0x0000009385b00000)]
  0x00000268a437c9c0 JavaThread "Reference Handler" daemon [_thread_blocked, id=23632, stack(0x0000009386100000,0x0000009386200000)]
  0x00000268a437d4a0 JavaThread "Finalizer" daemon [_thread_blocked, id=25068, stack(0x0000009386200000,0x0000009386300000)]
  0x00000268a43999f0 JavaThread "Signal Dispatcher" daemon [_thread_blocked, id=23628, stack(0x0000009386300000,0x0000009386400000)]
  0x00000268a439c3c0 JavaThread "Attach Listener" daemon [_thread_blocked, id=14460, stack(0x0000009386400000,0x0000009386500000)]
  0x00000268a439e190 JavaThread "Service Thread" daemon [_thread_blocked, id=22536, stack(0x0000009386500000,0x0000009386600000)]
  0x00000268a439ff40 JavaThread "C2 CompilerThread0" daemon [_thread_blocked, id=21428, stack(0x0000009386600000,0x0000009386700000)]
  0x00000268a43a09f0 JavaThread "C1 CompilerThread0" daemon [_thread_blocked, id=23848, stack(0x0000009386700000,0x0000009386800000)]
  0x00000268a43a13f0 JavaThread "Sweeper thread" daemon [_thread_blocked, id=10856, stack(0x0000009386800000,0x0000009386900000)]
  0x00000268a4db0a20 JavaThread "Common-Cleaner" daemon [_thread_blocked, id=25516, stack(0x0000009386900000,0x0000009386a00000)]
  0x00000268a4df22e0 JavaThread "C2 CompilerThread1" daemon [_thread_blocked, id=21316, stack(0x0000009386a00000,0x0000009386b00000)]
  0x00000268a4e95d90 JavaThread "Notification Thread" daemon [_thread_blocked, id=13660, stack(0x0000009386b00000,0x0000009386c00000)]

Other Threads:
=>0x00000268a4379500 VMThread "VM Thread" [stack: 0x0000009386000000,0x0000009386100000] [id=25216]
  0x00000268a4e5a300 WatcherThread [stack: 0x0000009386c00000,0x0000009386d00000] [id=25080]
  0x0000026883982460 GCTaskThread "GC Thread#0" [stack: 0x0000009385b00000,0x0000009385c00000] [id=21092]
  0x00000268a4e5fe40 GCTaskThread "GC Thread#1" [stack: 0x0000009386d00000,0x0000009386e00000] [id=12384]
  0x0000026883994190 ConcurrentGCThread "G1 Main Marker" [stack: 0x0000009385c00000,0x0000009385d00000] [id=24096]
  0x0000026883995430 ConcurrentGCThread "G1 Conc#0" [stack: 0x0000009385d00000,0x0000009385e00000] [id=24832]
  0x00000268839fa0a0 ConcurrentGCThread "G1 Refine#0" [stack: 0x0000009385e00000,0x0000009385f00000] [id=24736]
  0x00000268839fabb0 ConcurrentGCThread "G1 Young RemSet Sampling" [stack: 0x0000009385f00000,0x0000009386000000] [id=24724]

Threads with active compile tasks:
C1 CompilerThread0      483  672       3       jdk.internal.jimage.ImageLocation::getFullName (109 bytes)

VM state: at safepoint (normal execution)

VM Mutex/Monitor currently owned by a thread:  ([mutex/lock_event])
[0x000002688377b2d0] Threads_lock - owner thread: 0x00000268a4379500
[0x000002688377c4d0] Heap_lock - owner thread: 0x00000268839427f0

Heap address: 0x0000000081e00000, size: 2018 MB, Compressed Oops mode: 32-bit
CDS archive(s) mapped at: [0x0000000800000000-0x0000000800b50000-0x0000000800b50000), size 11862016, SharedBaseAddress: 0x0000000800000000, ArchiveRelocationMode: 0.
Compressed class space mapped at: 0x0000000800b50000-0x0000000840b50000, size: 1073741824
Narrow klass base: 0x0000000800000000, Narrow klass shift: 3, Narrow klass range: 0x100000000

GC Precious Log:
 CPUs: 8 total, 8 available
 Memory: 8066M
 Large Page Support: Disabled
 NUMA Support: Disabled
 Compressed Oops: Enabled (32-bit)
 Heap Region Size: 1M
 Heap Min Capacity: 8M
 Heap Initial Capacity: 8M
 Heap Max Capacity: 2018M
 Pre-touch: Disabled
 Parallel Workers: 8
 Concurrent Workers: 2
 Concurrent Refinement Workers: 8
 Periodic GC: Disabled

Heap:
 garbage-first heap   total 11264K, used 2609K [0x0000000081e00000, 0x0000000100000000)
  region size 1024K, 1 young (1024K), 1 survivors (1024K)
 Metaspace       used 7808K, capacity 10854K, committed 11008K, reserved 1058816K
  class space    used 911K, capacity 1190K, committed 1280K, reserved 1048576K

Heap Regions: E=young(eden), S=young(survivor), O=old, HS=humongous(starts), HC=humongous(continues), CS=collection set, F=free, OA=open archive, CA=closed archive, TAMS=top-at-mark-start (previous, next)
|   0|0x0000000081e00000, 0x0000000081f00000, 0x0000000081f00000|100%| O|  |TAMS 0x0000000081e00000, 0x0000000081e00000| Untracked 
|   1|0x0000000081f00000, 0x0000000081ff5800, 0x0000000082000000| 95%| O|  |TAMS 0x0000000081f00000, 0x0000000081f00000| Untracked 
|   2|0x0000000082000000, 0x0000000082000000, 0x0000000082100000|  0%| F|  |TAMS 0x0000000082000000, 0x0000000082000000| Untracked 
|   3|0x0000000082100000, 0x0000000082100000, 0x0000000082200000|  0%| F|  |TAMS 0x0000000082100000, 0x0000000082100000| Untracked 
|   4|0x0000000082200000, 0x0000000082200000, 0x0000000082300000|  0%| F|  |TAMS 0x0000000082200000, 0x0000000082200000| Untracked 
|   5|0x0000000082300000, 0x0000000082396f28, 0x0000000082400000| 58%| S|CS|TAMS 0x0000000082300000, 0x0000000082300000| Complete 
|   6|0x0000000082400000, 0x0000000082400000, 0x0000000082500000|  0%| F|  |TAMS 0x0000000082400000, 0x0000000082400000| Untracked 
|   7|0x0000000082500000, 0x0000000082500000, 0x0000000082600000|  0%| F|  |TAMS 0x0000000082500000, 0x0000000082500000| Untracked 

Card table byte_map: [0x000002689d1d0000,0x000002689d5d0000] _byte_map_base: 0x000002689cdc1000

Marking Bits (Prev, Next): (CMBitMap*) 0x0000026883982be0, (CMBitMap*) 0x0000026883982c20
 Prev Bits: [0x000002689d9d0000, 0x000002689f958000)
 Next Bits: [0x000002689f960000, 0x00000268a18e8000)

Polling page: 0x0000026883a20000

Metaspace:

Usage:
  Non-class:      9.44 MB capacity,     6.74 MB ( 71%) used,     2.69 MB ( 29%) free+waste,     8.50 KB ( <1%) overhead. 
      Class:      1.16 MB capacity,   911.25 KB ( 77%) used,   275.31 KB ( 23%) free+waste,     3.44 KB ( <1%) overhead. 
       Both:     10.60 MB capacity,     7.63 MB ( 72%) used,     2.96 MB ( 28%) free+waste,    11.94 KB ( <1%) overhead. 

Virtual space:
  Non-class space:       10.00 MB reserved,       9.50 MB ( 95%) committed 
      Class space:        1.00 GB reserved,       1.25 MB ( <1%) committed 
             Both:        1.01 GB reserved,      10.75 MB (  1%) committed 

Chunk freelists:
   Non-Class:  0 bytes
       Class:  26.00 KB
        Both:  26.00 KB

MaxMetaspaceSize: 17179869184.00 GB
CompressedClassSpaceSize: 1.00 GB

CodeHeap 'non-profiled nmethods': size=120000Kb used=220Kb max_used=220Kb free=119779Kb
 bounds [0x0000026894e40000, 0x00000268950b0000, 0x000002689c370000]
CodeHeap 'profiled nmethods': size=120000Kb used=963Kb max_used=963Kb free=119036Kb
 bounds [0x000002688d910000, 0x000002688db80000, 0x0000026894e40000]
CodeHeap 'non-nmethods': size=5760Kb used=1145Kb max_used=1168Kb free=4614Kb
 bounds [0x000002688d370000, 0x000002688d5e0000, 0x000002688d910000]
 total_blobs=1067 nmethods=671 adapters=309
 compilation: enabled
              stopped_count=0, restarted_count=0
 full_count=0

Compilation events (20 events):
Event: 0.443 Thread 0x00000268a43a09f0  663       3       jdk.internal.jimage.ImageReader$SharedImageReader::makeDirectory (25 bytes)
Event: 0.444 Thread 0x00000268a43a09f0 nmethod 663 0x000002688d9fcd90 code [0x000002688d9fcf80, 0x000002688d9fd478]
Event: 0.444 Thread 0x00000268a43a09f0  664       3       jdk.internal.jimage.ImageLocation::getAttributeString (54 bytes)
Event: 0.444 Thread 0x00000268a43a09f0 nmethod 664 0x000002688d9fd610 code [0x000002688d9fd860, 0x000002688d9fe0c8]
Event: 0.444 Thread 0x00000268a43a09f0  665       1       jdk.internal.jimage.ImageReader$Node::getName (5 bytes)
Event: 0.445 Thread 0x00000268a43a09f0 nmethod 665 0x0000026894e76790 code [0x0000026894e76920, 0x0000026894e769d8]
Event: 0.445 Thread 0x00000268a43a09f0  666       1       jdk.internal.jimage.BasicImageReader::getStrings (5 bytes)
Event: 0.445 Thread 0x00000268a43a09f0 nmethod 666 0x0000026894e76a90 code [0x0000026894e76c20, 0x0000026894e76cd8]
Event: 0.445 Thread 0x00000268a43a09f0  667       3       java.lang.ThreadLocal::getMap (5 bytes)
Event: 0.445 Thread 0x00000268a43a09f0 nmethod 667 0x000002688d9fe410 code [0x000002688d9fe5a0, 0x000002688d9fe698]
Event: 0.446 Thread 0x00000268a4df22e0 nmethod 661 0x0000026894e76d90 code [0x0000026894e76f20, 0x0000026894e771b8]
Event: 0.446 Thread 0x00000268a43a09f0  668       3       java.lang.ThreadLocal::get (38 bytes)
Event: 0.446 Thread 0x00000268a43a09f0 nmethod 668 0x000002688d9fe790 code [0x000002688d9fe960, 0x000002688d9fec78]
Event: 0.446 Thread 0x00000268a43a09f0  670       3       jdk.internal.jimage.ImageLocation::getModuleOffset (7 bytes)
Event: 0.446 Thread 0x00000268a43a09f0 nmethod 670 0x000002688d9fee10 code [0x000002688d9fefc0, 0x000002688d9ff108]
Event: 0.446 Thread 0x00000268a43a09f0  669       3       java.lang.ThreadLocal$ThreadLocalMap::getEntry (42 bytes)
Event: 0.447 Thread 0x00000268a43a09f0 nmethod 669 0x000002688d9ff190 code [0x000002688d9ff340, 0x000002688d9ff608]
Event: 0.447 Thread 0x00000268a43a09f0  671       3       jdk.internal.jimage.ImageReader$SharedImageReader::makeDirectories (54 bytes)
Event: 0.448 Thread 0x00000268a43a09f0 nmethod 671 0x000002688d9ff710 code [0x000002688d9ff9e0, 0x000002688da008e8]
Event: 0.448 Thread 0x00000268a43a09f0  672       3       jdk.internal.jimage.ImageLocation::getFullName (109 bytes)

GC Heap History (9 events):
Event: 0.180 GC heap before
{Heap before GC invocations=0 (full 0):
 garbage-first heap   total 8192K, used 3072K [0x0000000081e00000, 0x0000000100000000)
  region size 1024K, 3 young (3072K), 0 survivors (0K)
 Metaspace       used 2448K, capacity 5902K, committed 6016K, reserved 1056768K
  class space    used 277K, capacity 606K, committed 640K, reserved 1048576K
}
Event: 0.183 GC heap after
{Heap after GC invocations=1 (full 0):
 garbage-first heap   total 8192K, used 1133K [0x0000000081e00000, 0x0000000100000000)
  region size 1024K, 1 young (1024K), 1 survivors (1024K)
 Metaspace       used 2448K, capacity 5902K, committed 6016K, reserved 1056768K
  class space    used 277K, capacity 606K, committed 640K, reserved 1048576K
}
Event: 0.233 GC heap before
{Heap before GC invocations=1 (full 0):
 garbage-first heap   total 8192K, used 2157K [0x0000000081e00000, 0x0000000100000000)
  region size 1024K, 2 young (2048K), 1 survivors (1024K)
 Metaspace       used 3724K, capacity 7159K, committed 7296K, reserved 1056768K
  class space    used 461K, capacity 769K, committed 896K, reserved 1048576K
}
Event: 0.236 GC heap after
{Heap after GC invocations=2 (full 0):
 garbage-first heap   total 8192K, used 1661K [0x0000000081e00000, 0x0000000100000000)
  region size 1024K, 1 young (1024K), 1 survivors (1024K)
 Metaspace       used 3724K, capacity 7159K, committed 7296K, reserved 1056768K
  class space    used 461K, capacity 769K, committed 896K, reserved 1048576K
}
Event: 0.314 GC heap before
{Heap before GC invocations=2 (full 0):
 garbage-first heap   total 8192K, used 2685K [0x0000000081e00000, 0x0000000100000000)
  region size 1024K, 2 young (2048K), 1 survivors (1024K)
 Metaspace       used 5975K, capacity 9370K, committed 9472K, reserved 1058816K
  class space    used 697K, capacity 994K, committed 1024K, reserved 1048576K
}
Event: 0.316 GC heap after
{Heap after GC invocations=3 (full 0):
 garbage-first heap   total 8192K, used 1988K [0x0000000081e00000, 0x0000000100000000)
  region size 1024K, 1 young (1024K), 1 survivors (1024K)
 Metaspace       used 5975K, capacity 9370K, committed 9472K, reserved 1058816K
  class space    used 697K, capacity 994K, committed 1024K, reserved 1048576K
}
Event: 0.388 GC heap before
{Heap before GC invocations=3 (full 0):
 garbage-first heap   total 8192K, used 3012K [0x0000000081e00000, 0x0000000100000000)
  region size 1024K, 2 young (2048K), 1 survivors (1024K)
 Metaspace       used 7038K, capacity 10310K, committed 10496K, reserved 1058816K
  class space    used 844K, capacity 1158K, committed 1280K, reserved 1048576K
}
Event: 0.391 GC heap after
{Heap after GC invocations=4 (full 0):
 garbage-first heap   total 8192K, used 2305K [0x0000000081e00000, 0x0000000100000000)
  region size 1024K, 1 young (1024K), 1 survivors (1024K)
 Metaspace       used 7038K, capacity 10310K, committed 10496K, reserved 1058816K
  class space    used 844K, capacity 1158K, committed 1280K, reserved 1048576K
}
Event: 0.448 GC heap before
{Heap before GC invocations=4 (full 0):
 garbage-first heap   total 8192K, used 3329K [0x0000000081e00000, 0x0000000100000000)
  region size 1024K, 2 young (2048K), 1 survivors (1024K)
 Metaspace       used 7808K, capacity 10854K, committed 11008K, reserved 1058816K
  class space    used 911K, capacity 1190K, committed 1280K, reserved 1048576K
}

Deoptimization events (16 events):
Event: 0.128 Thread 0x00000268839427f0 Uncommon trap: trap_request=0xffffffde fr.pc=0x0000026894e4df3c relative=0x000000000000045c
Event: 0.128 Thread 0x00000268839427f0 Uncommon trap: reason=class_check action=maybe_recompile pc=0x0000026894e4df3c method=java.util.HashMap.putVal(ILjava/lang/Object;Ljava/lang/Object;ZZ)Ljava/lang/Object; @ 253 c2
Event: 0.128 Thread 0x00000268839427f0 DEOPT PACKING pc=0x0000026894e4df3c sp=0x0000009385aff080
Event: 0.128 Thread 0x00000268839427f0 DEOPT UNPACKING pc=0x000002688d3be42f sp=0x0000009385aff020 mode 2
Event: 0.128 Thread 0x00000268839427f0 Uncommon trap: trap_request=0xffffff45 fr.pc=0x0000026894e4e3bc relative=0x00000000000008dc
Event: 0.128 Thread 0x00000268839427f0 Uncommon trap: reason=unstable_if action=reinterpret pc=0x0000026894e4e3bc method=java.util.HashMap.putVal(ILjava/lang/Object;Ljava/lang/Object;ZZ)Ljava/lang/Object; @ 181 c2
Event: 0.128 Thread 0x00000268839427f0 DEOPT PACKING pc=0x0000026894e4e3bc sp=0x0000009385aff080
Event: 0.128 Thread 0x00000268839427f0 DEOPT UNPACKING pc=0x000002688d3be42f sp=0x0000009385aff020 mode 2
Event: 0.160 Thread 0x00000268839427f0 Uncommon trap: trap_request=0xffffff45 fr.pc=0x0000026894e50160 relative=0x0000000000000060
Event: 0.160 Thread 0x00000268839427f0 Uncommon trap: reason=unstable_if action=reinterpret pc=0x0000026894e50160 method=java.nio.Buffer.hasRemaining()Z @ 8 c2
Event: 0.160 Thread 0x00000268839427f0 DEOPT PACKING pc=0x0000026894e50160 sp=0x0000009385afe700
Event: 0.160 Thread 0x00000268839427f0 DEOPT UNPACKING pc=0x000002688d3be42f sp=0x0000009385afe698 mode 2
Event: 0.374 Thread 0x00000268839427f0 Uncommon trap: trap_request=0xffffff45 fr.pc=0x0000026894e6669c relative=0x000000000000045c
Event: 0.374 Thread 0x00000268839427f0 Uncommon trap: reason=unstable_if action=reinterpret pc=0x0000026894e6669c method=java.lang.StringLatin1.replace([BCC)Ljava/lang/String; @ 19 c2
Event: 0.374 Thread 0x00000268839427f0 DEOPT PACKING pc=0x0000026894e6669c sp=0x0000009385afd6d0
Event: 0.374 Thread 0x00000268839427f0 DEOPT UNPACKING pc=0x000002688d3be42f sp=0x0000009385afd650 mode 2

Classes unloaded (0 events):
No events

Classes redefined (0 events):
No events

Internal exceptions (20 events):
Event: 0.121 Thread 0x00000268839427f0 Exception <a 'java/lang/NoSuchMethodError'{0x000000008231b1f8}: 'void java.lang.invoke.DirectMethodHandle$Holder.invokeSpecial(java.lang.Object, java.lang.Object, java.lang.Object)'> (0x000000008231b1f8) 
thrown [./open/src/hotspot/share/interpreter/linkResolver.cpp, line 782]
Event: 0.147 Thread 0x00000268839427f0 Exception <a 'java/lang/NoSuchMethodError'{0x0000000082373cb0}: 'java.lang.Object java.lang.invoke.DirectMethodHandle$Holder.invokeVirtual(java.lang.Object, java.lang.Object, java.lang.Object)'> (0x0000000082373cb0) 
thrown [./open/src/hotspot/share/interpreter/linkResolver.cpp, line 782]
Event: 0.150 Thread 0x00000268839427f0 Exception <a 'java/lang/NoSuchMethodError'{0x000000008237f240}: 'int java.lang.invoke.DirectMethodHandle$Holder.invokeInterface(java.lang.Object, java.lang.Object)'> (0x000000008237f240) 
thrown [./open/src/hotspot/share/interpreter/linkResolver.cpp, line 782]
Event: 0.171 Thread 0x00000268839427f0 Exception <a 'sun/nio/fs/WindowsException'{0x00000000823d4e20}> (0x00000000823d4e20) 
thrown [./open/src/hotspot/share/prims/jni.cpp, line 578]
Event: 0.171 Thread 0x00000268839427f0 Exception <a 'sun/nio/fs/WindowsException'{0x00000000823d54b8}> (0x00000000823d54b8) 
thrown [./open/src/hotspot/share/prims/jni.cpp, line 578]
Event: 0.171 Thread 0x00000268839427f0 Exception <a 'sun/nio/fs/WindowsException'{0x00000000823d5f98}> (0x00000000823d5f98) 
thrown [./open/src/hotspot/share/prims/jni.cpp, line 578]
Event: 0.171 Thread 0x00000268839427f0 Exception <a 'sun/nio/fs/WindowsException'{0x00000000823d6220}> (0x00000000823d6220) 
thrown [./open/src/hotspot/share/prims/jni.cpp, line 578]
Event: 0.172 Thread 0x00000268839427f0 Exception <a 'java/lang/NoSuchMethodError'{0x00000000823daef0}: 'int java.lang.invoke.DirectMethodHandle$Holder.invokeVirtual(java.lang.Object, java.lang.Object, java.lang.Object)'> (0x00000000823daef0) 
thrown [./open/src/hotspot/share/interpreter/linkResolver.cpp, line 782]
Event: 0.173 Thread 0x00000268839427f0 Exception <a 'java/lang/NoSuchMethodError'{0x00000000823e1a00}: 'void java.lang.invoke.DirectMethodHandle$Holder.invokeInterface(java.lang.Object, java.lang.Object, java.lang.Object)'> (0x00000000823e1a00) 
thrown [./open/src/hotspot/share/interpreter/linkResolver.cpp, line 782]
Event: 0.257 Thread 0x00000268839427f0 Exception <a 'java/lang/NoSuchMethodError'{0x00000000825371b0}: 'int java.lang.invoke.DirectMethodHandle$Holder.invokeStaticInit(java.lang.Object, java.lang.Object)'> (0x00000000825371b0) 
thrown [./open/src/hotspot/share/interpreter/linkResolver.cpp, line 782]
Event: 0.316 Thread 0x00000268839427f0 Exception <a 'java/lang/NoSuchMethodError'{0x0000000082300150}: 'int java.lang.invoke.DirectMethodHandle$Holder.invokeVirtual(java.lang.Object, java.lang.Object)'> (0x0000000082300150) 
thrown [./open/src/hotspot/share/interpreter/linkResolver.cpp, line 782]
Event: 0.320 Thread 0x00000268839427f0 Exception <a 'java/lang/NoSuchMethodError'{0x000000008252ac38}: 'java.lang.Object java.lang.invoke.DirectMethodHandle$Holder.newInvokeSpecial(java.lang.Object, java.lang.Object, java.lang.Object, java.lang.Object, java.lang.Object)'> (0x000000008252ac38) 
thrown [./open/src/hotspot/share/interpreter/linkResolver.cpp, line 782]
Event: 0.323 Thread 0x00000268839427f0 Exception <a 'java/lang/NoSuchMethodError'{0x000000008253c5f0}: 'java.lang.Object java.lang.invoke.DirectMethodHandle$Holder.newInvokeSpecial(java.lang.Object, java.lang.Object, java.lang.Object, java.lang.Object, java.lang.Object, java.lang.Object)'> (0x000000008253c5f0) 
thrown [./open/src/hotspot/share/interpreter/linkResolver.cpp, line 782]
Event: 0.359 Thread 0x00000268839427f0 Exception <a 'sun/nio/fs/WindowsException'{0x00000000825924b0}> (0x00000000825924b0) 
thrown [./open/src/hotspot/share/prims/jni.cpp, line 578]
Event: 0.359 Thread 0x00000268839427f0 Exception <a 'sun/nio/fs/WindowsException'{0x00000000825926f0}> (0x00000000825926f0) 
thrown [./open/src/hotspot/share/prims/jni.cpp, line 578]
Event: 0.360 Thread 0x00000268839427f0 Exception <a 'java/lang/NoSuchMethodError'{0x0000000082594328}: 'java.lang.Object java.lang.invoke.DirectMethodHandle$Holder.invokeStaticInit(java.lang.Object)'> (0x0000000082594328) 
thrown [./open/src/hotspot/share/interpreter/linkResolver.cpp, line 782]
Event: 0.437 Thread 0x00000268839427f0 Exception <a 'sun/nio/fs/WindowsException'{0x0000000082581bd8}> (0x0000000082581bd8) 
thrown [./open/src/hotspot/share/prims/jni.cpp, line 578]
Event: 0.437 Thread 0x00000268839427f0 Exception <a 'sun/nio/fs/WindowsException'{0x0000000082581e48}> (0x0000000082581e48) 
thrown [./open/src/hotspot/share/prims/jni.cpp, line 578]
Event: 0.437 Thread 0x00000268839427f0 Exception <a 'sun/nio/fs/WindowsException'{0x0000000082582c28}> (0x0000000082582c28) 
thrown [./open/src/hotspot/share/prims/jni.cpp, line 578]
Event: 0.437 Thread 0x00000268839427f0 Exception <a 'sun/nio/fs/WindowsException'{0x0000000082582ee0}> (0x0000000082582ee0) 
thrown [./open/src/hotspot/share/prims/jni.cpp, line 578]

Events (20 events):
Event: 0.440 loading class java/util/stream/StreamSpliterators$AbstractWrappingSpliterator
Event: 0.440 loading class java/util/stream/StreamSpliterators$AbstractWrappingSpliterator done
Event: 0.440 loading class java/util/stream/StreamSpliterators$WrappingSpliterator done
Event: 0.440 loading class jdk/internal/jrtfs/JrtDirectoryStream$1
Event: 0.441 loading class jdk/internal/jrtfs/JrtDirectoryStream$1 done
Event: 0.441 loading class java/util/stream/SpinedBuffer
Event: 0.441 loading class java/util/stream/AbstractSpinedBuffer
Event: 0.441 loading class java/util/stream/AbstractSpinedBuffer done
Event: 0.441 loading class java/util/stream/SpinedBuffer done
Event: 0.441 loading class java/util/stream/StreamSpliterators
Event: 0.441 loading class java/util/stream/StreamSpliterators done
Event: 0.441 loading class java/util/function/BooleanSupplier
Event: 0.442 loading class java/util/function/BooleanSupplier done
Event: 0.442 loading class jdk/internal/jimage/ImageReader$Resource
Event: 0.442 loading class jdk/internal/jimage/ImageReader$Resource done
Event: 0.442 loading class jdk/internal/jrtfs/JrtFileAttributes
Event: 0.442 loading class jdk/internal/jrtfs/JrtFileAttributes done
Event: 0.443 loading class java/util/Collections$SingletonList
Event: 0.443 loading class java/util/Collections$SingletonList done
Event: 0.448 Executing VM operation: G1CollectForAllocation


Dynamic libraries:
0x00007ff7426c0000 - 0x00007ff7426c8000 	C:\Program Files\Java\jdk-15.0.2\bin\javac.exe
0x00007ff98f6f0000 - 0x00007ff98f8e6000 	C:\WINDOWS\SYSTEM32\ntdll.dll
0x00007ff98e9a0000 - 0x00007ff98ea5d000 	C:\WINDOWS\System32\KERNEL32.DLL
0x00007ff98d390000 - 0x00007ff98d659000 	C:\WINDOWS\System32\KERNELBASE.dll
0x00007ff98ce90000 - 0x00007ff98cf90000 	C:\WINDOWS\System32\ucrtbase.dll
0x00007ff970220000 - 0x00007ff970239000 	C:\Program Files\Java\jdk-15.0.2\bin\VCRUNTIME140.dll
0x00007ff96a1a0000 - 0x00007ff96a1b8000 	C:\Program Files\Java\jdk-15.0.2\bin\jli.dll
0x00007ff98e2b0000 - 0x00007ff98e35c000 	C:\WINDOWS\System32\ADVAPI32.dll
0x00007ff98de10000 - 0x00007ff98deae000 	C:\WINDOWS\System32\msvcrt.dll
0x00007ff98e210000 - 0x00007ff98e2ac000 	C:\WINDOWS\System32\sechost.dll
0x00007ff98e360000 - 0x00007ff98e48b000 	C:\WINDOWS\System32\RPCRT4.dll
0x00007ff98da00000 - 0x00007ff98dba0000 	C:\WINDOWS\System32\USER32.dll
0x00007ff98ce60000 - 0x00007ff98ce82000 	C:\WINDOWS\System32\win32u.dll
0x00007ff9713d0000 - 0x00007ff97166b000 	C:\WINDOWS\WinSxS\amd64_microsoft.windows.common-controls_6595b64144ccf1df_6.0.19041.746_none_ca02b4b61b8320a4\COMCTL32.dll
0x00007ff98d9d0000 - 0x00007ff98d9fa000 	C:\WINDOWS\System32\GDI32.dll
0x00007ff98cff0000 - 0x00007ff98d0fb000 	C:\WINDOWS\System32\gdi32full.dll
0x00007ff98d6b0000 - 0x00007ff98d74d000 	C:\WINDOWS\System32\msvcp_win.dll
0x00007ff986e90000 - 0x00007ff986e9a000 	C:\WINDOWS\SYSTEM32\VERSION.dll
0x00007ff98e960000 - 0x00007ff98e990000 	C:\WINDOWS\System32\IMM32.DLL
0x00007ff974180000 - 0x00007ff97418c000 	C:\Program Files\Java\jdk-15.0.2\bin\vcruntime140_1.dll
0x00007ff92e1b0000 - 0x00007ff92e241000 	C:\Program Files\Java\jdk-15.0.2\bin\msvcp140.dll
0x00007ff931f20000 - 0x00007ff932a7e000 	C:\Program Files\Java\jdk-15.0.2\bin\server\jvm.dll
0x00007ff98ec40000 - 0x00007ff98ec48000 	C:\WINDOWS\System32\PSAPI.DLL
0x00007ff9741a0000 - 0x00007ff9741a9000 	C:\WINDOWS\SYSTEM32\WSOCK32.dll
0x00007ff978480000 - 0x00007ff9784a7000 	C:\WINDOWS\SYSTEM32\WINMM.dll
0x00007ff98dd40000 - 0x00007ff98ddab000 	C:\WINDOWS\System32\WS2_32.dll
0x00007ff98b870000 - 0x00007ff98b882000 	C:\WINDOWS\SYSTEM32\kernel.appcore.dll
0x00007ff970210000 - 0x00007ff97021a000 	C:\Program Files\Java\jdk-15.0.2\bin\jimage.dll
0x00007ff98b410000 - 0x00007ff98b5f4000 	C:\WINDOWS\SYSTEM32\DBGHELP.DLL
0x00007ff97a420000 - 0x00007ff97a44c000 	C:\WINDOWS\SYSTEM32\dbgcore.DLL
0x00007ff98d100000 - 0x00007ff98d180000 	C:\WINDOWS\System32\bcryptPrimitives.dll
0x00007ff95baa0000 - 0x00007ff95bac5000 	C:\Program Files\Java\jdk-15.0.2\bin\java.dll
0x00007ff98ee50000 - 0x00007ff98f592000 	C:\WINDOWS\System32\SHELL32.dll
0x00007ff98ac80000 - 0x00007ff98b410000 	C:\WINDOWS\SYSTEM32\windows.storage.dll
0x00007ff98deb0000 - 0x00007ff98e206000 	C:\WINDOWS\System32\combase.dll
0x00007ff98c7c0000 - 0x00007ff98c7ec000 	C:\WINDOWS\SYSTEM32\Wldp.dll
0x00007ff98ed80000 - 0x00007ff98ee2e000 	C:\WINDOWS\System32\SHCORE.dll
0x00007ff98f650000 - 0x00007ff98f6a5000 	C:\WINDOWS\System32\shlwapi.dll
0x00007ff98cd60000 - 0x00007ff98cd86000 	C:\WINDOWS\SYSTEM32\profapi.dll
0x00007ff95ba00000 - 0x00007ff95ba19000 	C:\Program Files\Java\jdk-15.0.2\bin\net.dll
0x00007ff984040000 - 0x00007ff984140000 	C:\WINDOWS\SYSTEM32\WINHTTP.dll
0x00007ff98c540000 - 0x00007ff98c5aa000 	C:\WINDOWS\system32\mswsock.dll
0x00007ff95b9e0000 - 0x00007ff95b9f2000 	C:\Program Files\Java\jdk-15.0.2\bin\nio.dll
0x00007ff959ce0000 - 0x00007ff959cf8000 	C:\Program Files\Java\jdk-15.0.2\bin\zip.dll

dbghelp: loaded successfully - version: 4.0.5 - missing functions: none
symbol engine: initialized successfully - sym options: 0x614 - pdb path: .;C:\Program Files\Java\jdk-15.0.2\bin;C:\WINDOWS\SYSTEM32;C:\WINDOWS\WinSxS\amd64_microsoft.windows.common-controls_6595b64144ccf1df_6.0.19041.746_none_ca02b4b61b8320a4;C:\Program Files\Java\jdk-15.0.2\bin\server

VM Arguments:
jvm_args: -Denv.class.path=C:\Program Files\Java\jdk-12.0.1\lib; -Dapplication.home=C:\Program Files\Java\jdk-15.0.2 --add-modules=ALL-DEFAULT -Xms8m -Djdk.module.main=jdk.compiler 
java_command: jdk.compiler/com.sun.tools.javac.Main -d D:\java\Travel Management System\build\classes -classpath D:\java\Travel Management System\build\classes;C:\mysql-connector-java-8.0.21\mysql-connector-java-8.0.21.jar -sourcepath D:\java\Travel Management System\src -target 15 -encoding UTF-8 -g -processorpath C:\mysql-connector-java-8.0.21\mysql-connector-java-8.0.21.jar;D:\java\Travel Management System\build\empty -s D:\java\Travel Management System\build\generated-sources\ap-source-output -source 15 D:\java\Travel Management System\src\travel\management\system\ForgotPassword.java
java_class_path (initial): <not set>
Launcher Type: SUN_STANDARD

[Global flags]
     intx CICompilerCount                          = 4                                         {product} {ergonomic}
     uint ConcGCThreads                            = 2                                         {product} {ergonomic}
     uint G1ConcRefinementThreads                  = 8                                         {product} {ergonomic}
   size_t G1HeapRegionSize                         = 1048576                                   {product} {ergonomic}
    uintx GCDrainStackTargetSize                   = 64                                        {product} {ergonomic}
   size_t InitialHeapSize                          = 8388608                                   {product} {command line}
   size_t MarkStackSize                            = 4194304                                   {product} {ergonomic}
   size_t MaxHeapSize                              = 2116026368                                {product} {ergonomic}
   size_t MaxNewSize                               = 1268776960                                {product} {ergonomic}
   size_t MinHeapDeltaBytes                        = 1048576                                   {product} {ergonomic}
   size_t MinHeapSize                              = 8388608                                   {product} {command line}
    uintx NonNMethodCodeHeapSize                   = 5839372                                {pd product} {ergonomic}
    uintx NonProfiledCodeHeapSize                  = 122909434                              {pd product} {ergonomic}
    uintx ProfiledCodeHeapSize                     = 122909434                              {pd product} {ergonomic}
    uintx ReservedCodeCacheSize                    = 251658240                              {pd product} {ergonomic}
     bool SegmentedCodeCache                       = true                                      {product} {ergonomic}
   size_t SoftMaxHeapSize                          = 2116026368                             {manageable} {ergonomic}
     bool UseCompressedClassPointers               = true                                 {lp64_product} {ergonomic}
     bool UseCompressedOops                        = true                                 {lp64_product} {ergonomic}
     bool UseG1GC                                  = true                                      {product} {ergonomic}
     bool UseLargePagesIndividualAllocation        = false                                  {pd product} {ergonomic}

Logging:
Log output configuration:
 #0: stdout all=warning uptime,level,tags
 #1: stderr all=off uptime,level,tags

Environment Variables:
JAVA_HOME=C:\Program Files\Java\jdk-15
CLASSPATH=C:\Program Files\Java\jdk-12.0.1\lib;
PATH=C:\Python39\Scripts\;C:\Python39\;C:\Program Files\Common Files\Oracle\Java\javapath;C:\ProgramData\Oracle\Java\javapath;C:\Windows\system32;C:\Windows;C:\Windows\System32\Wbem;C:\Windows\System32\WindowsPowerShell\v1.0\;C:\Windows\System32\OpenSSH\;C:\Program Files (x86)\NVIDIA Corporation\PhysX\Common;C:\Program Files\NVIDIA Corporation\NVIDIA NvDLISR;C:\Program Files (x86)\Common Files\Oracle\Java\javapath;C:\WINDOWS\system32;C:\WINDOWS;C:\WINDOWS\System32\Wbem;C:\WINDOWS\System32\WindowsPowerShell\v1.0\;C:\WINDOWS\System32\OpenSSH\;C:\Program Files\Java\jre-10\bin;C:\Program Files\Java\jdk-15\bin;C:\nodejs\;C:\ProgramData\chocolatey\bin;C:\Program Files\MiKTeX\miktex\bin\x64\;C:\Users\kunjpatel\AppData\Local\Programs\Python\Python39\Scripts\;C:\Users\kunjpatel\AppData\Local\Programs\Python\Python39\;C:\Program Files\Java\jdk-12.0.1\bin;D:\pycharm\PyCharm Community Edition 2020.1\bin;;C:\Users\kunjpatel\AppData\Local\Programs\Microsoft VS Code\bin;C:\Users\kunjpatel\AppData\Local\Programs\Python\Python38-32\Scripts;C:\Users\kunjpatel\AppData\Local\Programs\Python\Python38-32;C:\Users\kunjpatel\AppData\Local\Microsoft\WindowsApps;C:\Program Files\JetBrains\IntelliJ IDEA Community Edition 2020.2.2\bin;;C:\Users\kunjpatel\AppData\Roaming\npm;
USERNAME=kunjpatel
OS=Windows_NT
PROCESSOR_IDENTIFIER=Intel64 Family 6 Model 158 Stepping 10, GenuineIntel



---------------  S Y S T E M  ---------------

OS:
 Windows 10 , 64 bit Build 19041 (10.0.19041.804)
OS uptime: 0 days 4:12 hours

CPU: total 8 (initial active 8) (4 cores per cpu, 2 threads per core) family 6 model 158 stepping 10 microcode 0xb4, cmov, cx8, fxsr, mmx, sse, sse2, sse3, ssse3, sse4.1, sse4.2, popcnt, vzeroupper, avx, avx2, aes, clmul, erms, 3dnowpref, lzcnt, ht, tsc, tscinvbit, bmi1, bmi2, adx, fma, clflush, clflushopt

Memory: 4k page, system-wide physical 8066M (855M free)
TotalPageFile size 32642M (AvailPageFile size 7M)
current process WorkingSet (physical memory assigned to process): 55M, peak: 55M
current process commit charge ("private bytes"): 100M, peak: 103M

vm_info: Java HotSpot(TM) 64-Bit Server VM (15.0.2+7-27) for windows-amd64 JRE (15.0.2+7-27), built on Dec  7 2020 20:07:01 by "mach5one" with unknown MS VC++:1925

END.
