#
# There is insufficient memory for the Java Runtime Environment to continue.
# Native memory allocation (malloc) failed to allocate 32744 bytes for ChunkPool::allocate
# Possible reasons:
#   The system is out of physical RAM or swap space
#   The process is running with CompressedOops enabled, and the Java Heap may be blocking the growth of the native heap
# Possible solutions:
#   Reduce memory load on the system
#   Increase physical memory or swap space
#   Check if swap backing store is full
#   Decrease Java heap size (-Xmx/-Xms)
#   Decrease number of Java threads
#   Decrease Java thread stack sizes (-Xss)
#   Set larger code cache with -XX:ReservedCodeCacheSize=
#   JVM is running with Unscaled Compressed Oops mode in which the Java heap is
#     placed in the first 4GB address space. The Java Heap base address is the
#     maximum limit for the native heap growth. Please use -XX:HeapBaseMinAddress
#     to set the Java Heap base and to place the Java Heap above 4GB virtual address.
# This output file may be truncated or incomplete.
#
#  Out of Memory Error (./open/src/hotspot/share/memory/arena.cpp:79), pid=26360, tid=11404
#
# JRE version: Java(TM) SE Runtime Environment (15.0.2+7) (build 15.0.2+7-27)
# Java VM: Java HotSpot(TM) 64-Bit Server VM (15.0.2+7-27, mixed mode, sharing, tiered, compressed oops, g1 gc, windows-amd64)
# No core dump will be written. Minidumps are not enabled by default on client versions of Windows
#

---------------  S U M M A R Y ------------

Command Line: -Dfile.encoding=UTF-8 travel.management.system.Signup

Host: Intel(R) Core(TM) i5-8300H CPU @ 2.30GHz, 8 cores, 7G,  Windows 10 , 64 bit Build 19041 (10.0.19041.804)
Time: Sat Feb 27 11:49:44 2021 India Standard Time elapsed time: 1283.408481 seconds (0d 0h 21m 23s)

---------------  T H R E A D  ---------------

Current thread (0x000002a3bec2e4a0):  JavaThread "C2 CompilerThread0" daemon [_thread_in_native, id=11404, stack(0x000000fe37a00000,0x000000fe37b00000)]


Current CompileTask:
C2:1283408  556       4       java.util.Arrays::binarySearch0 (95 bytes)

Stack: [0x000000fe37a00000,0x000000fe37b00000]
Native frames: (J=compiled Java code, j=interpreted, Vv=VM code, C=native code)
V  [jvm.dll+0x62ae9a]
V  [jvm.dll+0x7817a9]
V  [jvm.dll+0x782f03]
V  [jvm.dll+0x783563]
V  [jvm.dll+0x216325]
V  [jvm.dll+0x982cf]
V  [jvm.dll+0x9861c]
V  [jvm.dll+0x26f036]
V  [jvm.dll+0x26edf4]
V  [jvm.dll+0x755094]
V  [jvm.dll+0x6514b9]
V  [jvm.dll+0x638ad9]
V  [jvm.dll+0x643264]
V  [jvm.dll+0x63b16b]
V  [jvm.dll+0x63a797]
V  [jvm.dll+0x6385e5]
V  [jvm.dll+0x17b0cc]
V  [jvm.dll+0x1e9586]
V  [jvm.dll+0x178567]
V  [jvm.dll+0x1f9225]
V  [jvm.dll+0x1f72cc]
V  [jvm.dll+0x74495d]
V  [jvm.dll+0x73d75a]
V  [jvm.dll+0x629c56]
C  [ucrtbase.dll+0x21bb2]
C  [KERNEL32.DLL+0x17034]
C  [ntdll.dll+0x4d241]


---------------  P R O C E S S  ---------------

Threads class SMR info:
_java_thread_list=0x000002a3bf661d60, length=15, elements={
0x000002a3bec12b80, 0x000002a3bec13750, 0x000002a3bec27170, 0x000002a3bec29b40,
0x000002a3bec2b600, 0x000002a3bec2e4a0, 0x000002a3bec3a550, 0x000002a3bec3ef70,
0x000002a3bf6645b0, 0x000002a3bf68b060, 0x000002a3bf872980, 0x000002a3bf872e50,
0x000002a3bf8a3060, 0x000002a3bf92fde0, 0x000002a3a015f410
}

Java Threads: ( => current thread )
  0x000002a3bec12b80 JavaThread "Reference Handler" daemon [_thread_blocked, id=14704, stack(0x000000fe37500000,0x000000fe37600000)]
  0x000002a3bec13750 JavaThread "Finalizer" daemon [_thread_blocked, id=15324, stack(0x000000fe37600000,0x000000fe37700000)]
  0x000002a3bec27170 JavaThread "Signal Dispatcher" daemon [_thread_blocked, id=14412, stack(0x000000fe37700000,0x000000fe37800000)]
  0x000002a3bec29b40 JavaThread "Attach Listener" daemon [_thread_blocked, id=8492, stack(0x000000fe37800000,0x000000fe37900000)]
  0x000002a3bec2b600 JavaThread "Service Thread" daemon [_thread_blocked, id=14848, stack(0x000000fe37900000,0x000000fe37a00000)]
=>0x000002a3bec2e4a0 JavaThread "C2 CompilerThread0" daemon [_thread_in_native, id=11404, stack(0x000000fe37a00000,0x000000fe37b00000)]
  0x000002a3bec3a550 JavaThread "C1 CompilerThread0" daemon [_thread_blocked, id=13960, stack(0x000000fe37b00000,0x000000fe37c00000)]
  0x000002a3bec3ef70 JavaThread "Sweeper thread" daemon [_thread_blocked, id=13964, stack(0x000000fe37c00000,0x000000fe37d00000)]
  0x000002a3bf6645b0 JavaThread "Notification Thread" daemon [_thread_blocked, id=10368, stack(0x000000fe37d00000,0x000000fe37e00000)]
  0x000002a3bf68b060 JavaThread "Common-Cleaner" daemon [_thread_blocked, id=3192, stack(0x000000fe37f00000,0x000000fe38000000)]
  0x000002a3bf872980 JavaThread "Java2D Disposer" daemon [_thread_blocked, id=11588, stack(0x000000fe38000000,0x000000fe38100000)]
  0x000002a3bf872e50 JavaThread "AWT-Shutdown" [_thread_blocked, id=1244, stack(0x000000fe38100000,0x000000fe38200000)]
  0x000002a3bf8a3060 JavaThread "AWT-Windows" daemon [_thread_in_native, id=1916, stack(0x000000fe38200000,0x000000fe38300000)]
  0x000002a3bf92fde0 JavaThread "AWT-EventQueue-0" [_thread_blocked, id=26612, stack(0x000000fe38300000,0x000000fe38400000)]
  0x000002a3a015f410 JavaThread "DestroyJavaVM" [_thread_blocked, id=25292, stack(0x000000fe36e00000,0x000000fe36f00000)]

Other Threads:
  0x000002a3bec0dad0 VMThread "VM Thread" [stack: 0x000000fe37400000,0x000000fe37500000] [id=2612]
  0x000002a3bf667cd0 WatcherThread [stack: 0x000000fe37e00000,0x000000fe37f00000] [id=6100]
  0x000002a3a019f650 GCTaskThread "GC Thread#0" [stack: 0x000000fe36f00000,0x000000fe37000000] [id=25936]
  0x000002a3a01b1470 ConcurrentGCThread "G1 Main Marker" [stack: 0x000000fe37000000,0x000000fe37100000] [id=25800]
  0x000002a3a01b2060 ConcurrentGCThread "G1 Conc#0" [stack: 0x000000fe37100000,0x000000fe37200000] [id=10124]
  0x000002a3bea90090 ConcurrentGCThread "G1 Refine#0" [stack: 0x000000fe37200000,0x000000fe37300000] [id=14460]
  0x000002a3bea90c90 ConcurrentGCThread "G1 Young RemSet Sampling" [stack: 0x000000fe37300000,0x000000fe37400000] [id=10320]

Threads with active compile tasks:
C2 CompilerThread0  1288324  556       4       java.util.Arrays::binarySearch0 (95 bytes)

VM state: not at safepoint (normal execution)

VM Mutex/Monitor currently owned by a thread: None

Heap address: 0x0000000081e00000, size: 2018 MB, Compressed Oops mode: 32-bit
CDS archive(s) mapped at: [0x0000000800000000-0x0000000800b50000-0x0000000800b50000), size 11862016, SharedBaseAddress: 0x0000000800000000, ArchiveRelocationMode: 0.
Compressed class space mapped at: 0x0000000800b50000-0x0000000840b50000, size: 1073741824
Narrow klass base: 0x0000000800000000, Narrow klass shift: 3, Narrow klass range: 0x100000000

GC Precious Log:
 CPUs: 8 total, 8 available
 Memory: 8066M
 Large Page Support: Disabled
 NUMA Support: Disabled
 Compressed Oops: Enabled (32-bit)
 Heap Region Size: 1M
 Heap Min Capacity: 8M
 Heap Initial Capacity: 128M
 Heap Max Capacity: 2018M
 Pre-touch: Disabled
 Parallel Workers: 8
 Concurrent Workers: 2
 Concurrent Refinement Workers: 8
 Periodic GC: Disabled

Heap:
 garbage-first heap   total 131072K, used 8192K [0x0000000081e00000, 0x0000000100000000)
  region size 1024K, 6 young (6144K), 0 survivors (0K)
 Metaspace       used 6058K, capacity 6180K, committed 6400K, reserved 1056768K
  class space    used 662K, capacity 734K, committed 768K, reserved 1048576K

Heap Regions: E=young(eden), S=young(survivor), O=old, HS=humongous(starts), HC=humongous(continues), CS=collection set, F=free, OA=open archive, CA=closed archive, TAMS=top-at-mark-start (previous, next)
|   0|0x0000000081e00000, 0x0000000081f00000, 0x0000000081f00000|100%|HS|  |TAMS 0x0000000081e00000, 0x0000000081e00000| Complete 
|   1|0x0000000081f00000, 0x0000000082000000, 0x0000000082000000|100%|HC|  |TAMS 0x0000000081f00000, 0x0000000081f00000| Complete 
|   2|0x0000000082000000, 0x0000000082100000, 0x0000000082100000|100%|HC|  |TAMS 0x0000000082000000, 0x0000000082000000| Complete 
|   3|0x0000000082100000, 0x0000000082100000, 0x0000000082200000|  0%| F|  |TAMS 0x0000000082100000, 0x0000000082100000| Untracked 
|   4|0x0000000082200000, 0x0000000082200000, 0x0000000082300000|  0%| F|  |TAMS 0x0000000082200000, 0x0000000082200000| Untracked 
|   5|0x0000000082300000, 0x0000000082300000, 0x0000000082400000|  0%| F|  |TAMS 0x0000000082300000, 0x0000000082300000| Untracked 
|   6|0x0000000082400000, 0x0000000082400000, 0x0000000082500000|  0%| F|  |TAMS 0x0000000082400000, 0x0000000082400000| Untracked 
|   7|0x0000000082500000, 0x0000000082500000, 0x0000000082600000|  0%| F|  |TAMS 0x0000000082500000, 0x0000000082500000| Untracked 
|   8|0x0000000082600000, 0x0000000082600000, 0x0000000082700000|  0%| F|  |TAMS 0x0000000082600000, 0x0000000082600000| Untracked 
|   9|0x0000000082700000, 0x0000000082700000, 0x0000000082800000|  0%| F|  |TAMS 0x0000000082700000, 0x0000000082700000| Untracked 
|  10|0x0000000082800000, 0x0000000082800000, 0x0000000082900000|  0%| F|  |TAMS 0x0000000082800000, 0x0000000082800000| Untracked 
|  11|0x0000000082900000, 0x0000000082900000, 0x0000000082a00000|  0%| F|  |TAMS 0x0000000082900000, 0x0000000082900000| Untracked 
|  12|0x0000000082a00000, 0x0000000082a00000, 0x0000000082b00000|  0%| F|  |TAMS 0x0000000082a00000, 0x0000000082a00000| Untracked 
|  13|0x0000000082b00000, 0x0000000082b00000, 0x0000000082c00000|  0%| F|  |TAMS 0x0000000082b00000, 0x0000000082b00000| Untracked 
|  14|0x0000000082c00000, 0x0000000082c00000, 0x0000000082d00000|  0%| F|  |TAMS 0x0000000082c00000, 0x0000000082c00000| Untracked 
|  15|0x0000000082d00000, 0x0000000082d00000, 0x0000000082e00000|  0%| F|  |TAMS 0x0000000082d00000, 0x0000000082d00000| Untracked 
|  16|0x0000000082e00000, 0x0000000082e00000, 0x0000000082f00000|  0%| F|  |TAMS 0x0000000082e00000, 0x0000000082e00000| Untracked 
|  17|0x0000000082f00000, 0x0000000082f00000, 0x0000000083000000|  0%| F|  |TAMS 0x0000000082f00000, 0x0000000082f00000| Untracked 
|  18|0x0000000083000000, 0x0000000083000000, 0x0000000083100000|  0%| F|  |TAMS 0x0000000083000000, 0x0000000083000000| Untracked 
|  19|0x0000000083100000, 0x0000000083100000, 0x0000000083200000|  0%| F|  |TAMS 0x0000000083100000, 0x0000000083100000| Untracked 
|  20|0x0000000083200000, 0x0000000083200000, 0x0000000083300000|  0%| F|  |TAMS 0x0000000083200000, 0x0000000083200000| Untracked 
|  21|0x0000000083300000, 0x0000000083300000, 0x0000000083400000|  0%| F|  |TAMS 0x0000000083300000, 0x0000000083300000| Untracked 
|  22|0x0000000083400000, 0x0000000083400000, 0x0000000083500000|  0%| F|  |TAMS 0x0000000083400000, 0x0000000083400000| Untracked 
|  23|0x0000000083500000, 0x0000000083500000, 0x0000000083600000|  0%| F|  |TAMS 0x0000000083500000, 0x0000000083500000| Untracked 
|  24|0x0000000083600000, 0x0000000083600000, 0x0000000083700000|  0%| F|  |TAMS 0x0000000083600000, 0x0000000083600000| Untracked 
|  25|0x0000000083700000, 0x0000000083700000, 0x0000000083800000|  0%| F|  |TAMS 0x0000000083700000, 0x0000000083700000| Untracked 
|  26|0x0000000083800000, 0x0000000083800000, 0x0000000083900000|  0%| F|  |TAMS 0x0000000083800000, 0x0000000083800000| Untracked 
|  27|0x0000000083900000, 0x0000000083900000, 0x0000000083a00000|  0%| F|  |TAMS 0x0000000083900000, 0x0000000083900000| Untracked 
|  28|0x0000000083a00000, 0x0000000083a00000, 0x0000000083b00000|  0%| F|  |TAMS 0x0000000083a00000, 0x0000000083a00000| Untracked 
|  29|0x0000000083b00000, 0x0000000083b00000, 0x0000000083c00000|  0%| F|  |TAMS 0x0000000083b00000, 0x0000000083b00000| Untracked 
|  30|0x0000000083c00000, 0x0000000083c00000, 0x0000000083d00000|  0%| F|  |TAMS 0x0000000083c00000, 0x0000000083c00000| Untracked 
|  31|0x0000000083d00000, 0x0000000083d00000, 0x0000000083e00000|  0%| F|  |TAMS 0x0000000083d00000, 0x0000000083d00000| Untracked 
|  32|0x0000000083e00000, 0x0000000083e00000, 0x0000000083f00000|  0%| F|  |TAMS 0x0000000083e00000, 0x0000000083e00000| Untracked 
|  33|0x0000000083f00000, 0x0000000083f00000, 0x0000000084000000|  0%| F|  |TAMS 0x0000000083f00000, 0x0000000083f00000| Untracked 
|  34|0x0000000084000000, 0x0000000084000000, 0x0000000084100000|  0%| F|  |TAMS 0x0000000084000000, 0x0000000084000000| Untracked 
|  35|0x0000000084100000, 0x0000000084100000, 0x0000000084200000|  0%| F|  |TAMS 0x0000000084100000, 0x0000000084100000| Untracked 
|  36|0x0000000084200000, 0x0000000084200000, 0x0000000084300000|  0%| F|  |TAMS 0x0000000084200000, 0x0000000084200000| Untracked 
|  37|0x0000000084300000, 0x0000000084300000, 0x0000000084400000|  0%| F|  |TAMS 0x0000000084300000, 0x0000000084300000| Untracked 
|  38|0x0000000084400000, 0x0000000084400000, 0x0000000084500000|  0%| F|  |TAMS 0x0000000084400000, 0x0000000084400000| Untracked 
|  39|0x0000000084500000, 0x0000000084500000, 0x0000000084600000|  0%| F|  |TAMS 0x0000000084500000, 0x0000000084500000| Untracked 
|  40|0x0000000084600000, 0x0000000084600000, 0x0000000084700000|  0%| F|  |TAMS 0x0000000084600000, 0x0000000084600000| Untracked 
|  41|0x0000000084700000, 0x0000000084700000, 0x0000000084800000|  0%| F|  |TAMS 0x0000000084700000, 0x0000000084700000| Untracked 
|  42|0x0000000084800000, 0x0000000084800000, 0x0000000084900000|  0%| F|  |TAMS 0x0000000084800000, 0x0000000084800000| Untracked 
|  43|0x0000000084900000, 0x0000000084900000, 0x0000000084a00000|  0%| F|  |TAMS 0x0000000084900000, 0x0000000084900000| Untracked 
|  44|0x0000000084a00000, 0x0000000084a00000, 0x0000000084b00000|  0%| F|  |TAMS 0x0000000084a00000, 0x0000000084a00000| Untracked 
|  45|0x0000000084b00000, 0x0000000084b00000, 0x0000000084c00000|  0%| F|  |TAMS 0x0000000084b00000, 0x0000000084b00000| Untracked 
|  46|0x0000000084c00000, 0x0000000084c00000, 0x0000000084d00000|  0%| F|  |TAMS 0x0000000084c00000, 0x0000000084c00000| Untracked 
|  47|0x0000000084d00000, 0x0000000084d00000, 0x0000000084e00000|  0%| F|  |TAMS 0x0000000084d00000, 0x0000000084d00000| Untracked 
|  48|0x0000000084e00000, 0x0000000084e00000, 0x0000000084f00000|  0%| F|  |TAMS 0x0000000084e00000, 0x0000000084e00000| Untracked 
|  49|0x0000000084f00000, 0x0000000084f00000, 0x0000000085000000|  0%| F|  |TAMS 0x0000000084f00000, 0x0000000084f00000| Untracked 
|  50|0x0000000085000000, 0x0000000085000000, 0x0000000085100000|  0%| F|  |TAMS 0x0000000085000000, 0x0000000085000000| Untracked 
|  51|0x0000000085100000, 0x0000000085100000, 0x0000000085200000|  0%| F|  |TAMS 0x0000000085100000, 0x0000000085100000| Untracked 
|  52|0x0000000085200000, 0x0000000085200000, 0x0000000085300000|  0%| F|  |TAMS 0x0000000085200000, 0x0000000085200000| Untracked 
|  53|0x0000000085300000, 0x0000000085300000, 0x0000000085400000|  0%| F|  |TAMS 0x0000000085300000, 0x0000000085300000| Untracked 
|  54|0x0000000085400000, 0x0000000085400000, 0x0000000085500000|  0%| F|  |TAMS 0x0000000085400000, 0x0000000085400000| Untracked 
|  55|0x0000000085500000, 0x0000000085500000, 0x0000000085600000|  0%| F|  |TAMS 0x0000000085500000, 0x0000000085500000| Untracked 
|  56|0x0000000085600000, 0x0000000085600000, 0x0000000085700000|  0%| F|  |TAMS 0x0000000085600000, 0x0000000085600000| Untracked 
|  57|0x0000000085700000, 0x0000000085700000, 0x0000000085800000|  0%| F|  |TAMS 0x0000000085700000, 0x0000000085700000| Untracked 
|  58|0x0000000085800000, 0x0000000085800000, 0x0000000085900000|  0%| F|  |TAMS 0x0000000085800000, 0x0000000085800000| Untracked 
|  59|0x0000000085900000, 0x0000000085900000, 0x0000000085a00000|  0%| F|  |TAMS 0x0000000085900000, 0x0000000085900000| Untracked 
|  60|0x0000000085a00000, 0x0000000085a00000, 0x0000000085b00000|  0%| F|  |TAMS 0x0000000085a00000, 0x0000000085a00000| Untracked 
|  61|0x0000000085b00000, 0x0000000085b00000, 0x0000000085c00000|  0%| F|  |TAMS 0x0000000085b00000, 0x0000000085b00000| Untracked 
|  62|0x0000000085c00000, 0x0000000085c00000, 0x0000000085d00000|  0%| F|  |TAMS 0x0000000085c00000, 0x0000000085c00000| Untracked 
|  63|0x0000000085d00000, 0x0000000085d00000, 0x0000000085e00000|  0%| F|  |TAMS 0x0000000085d00000, 0x0000000085d00000| Untracked 
|  64|0x0000000085e00000, 0x0000000085e00000, 0x0000000085f00000|  0%| F|  |TAMS 0x0000000085e00000, 0x0000000085e00000| Untracked 
|  65|0x0000000085f00000, 0x0000000085f00000, 0x0000000086000000|  0%| F|  |TAMS 0x0000000085f00000, 0x0000000085f00000| Untracked 
|  66|0x0000000086000000, 0x0000000086000000, 0x0000000086100000|  0%| F|  |TAMS 0x0000000086000000, 0x0000000086000000| Untracked 
|  67|0x0000000086100000, 0x0000000086100000, 0x0000000086200000|  0%| F|  |TAMS 0x0000000086100000, 0x0000000086100000| Untracked 
|  68|0x0000000086200000, 0x0000000086200000, 0x0000000086300000|  0%| F|  |TAMS 0x0000000086200000, 0x0000000086200000| Untracked 
|  69|0x0000000086300000, 0x0000000086300000, 0x0000000086400000|  0%| F|  |TAMS 0x0000000086300000, 0x0000000086300000| Untracked 
|  70|0x0000000086400000, 0x0000000086400000, 0x0000000086500000|  0%| F|  |TAMS 0x0000000086400000, 0x0000000086400000| Untracked 
|  71|0x0000000086500000, 0x0000000086500000, 0x0000000086600000|  0%| F|  |TAMS 0x0000000086500000, 0x0000000086500000| Untracked 
|  72|0x0000000086600000, 0x0000000086600000, 0x0000000086700000|  0%| F|  |TAMS 0x0000000086600000, 0x0000000086600000| Untracked 
|  73|0x0000000086700000, 0x0000000086700000, 0x0000000086800000|  0%| F|  |TAMS 0x0000000086700000, 0x0000000086700000| Untracked 
|  74|0x0000000086800000, 0x0000000086800000, 0x0000000086900000|  0%| F|  |TAMS 0x0000000086800000, 0x0000000086800000| Untracked 
|  75|0x0000000086900000, 0x0000000086900000, 0x0000000086a00000|  0%| F|  |TAMS 0x0000000086900000, 0x0000000086900000| Untracked 
|  76|0x0000000086a00000, 0x0000000086a00000, 0x0000000086b00000|  0%| F|  |TAMS 0x0000000086a00000, 0x0000000086a00000| Untracked 
|  77|0x0000000086b00000, 0x0000000086b00000, 0x0000000086c00000|  0%| F|  |TAMS 0x0000000086b00000, 0x0000000086b00000| Untracked 
|  78|0x0000000086c00000, 0x0000000086c00000, 0x0000000086d00000|  0%| F|  |TAMS 0x0000000086c00000, 0x0000000086c00000| Untracked 
|  79|0x0000000086d00000, 0x0000000086d00000, 0x0000000086e00000|  0%| F|  |TAMS 0x0000000086d00000, 0x0000000086d00000| Untracked 
|  80|0x0000000086e00000, 0x0000000086e00000, 0x0000000086f00000|  0%| F|  |TAMS 0x0000000086e00000, 0x0000000086e00000| Untracked 
|  81|0x0000000086f00000, 0x0000000086f00000, 0x0000000087000000|  0%| F|  |TAMS 0x0000000086f00000, 0x0000000086f00000| Untracked 
|  82|0x0000000087000000, 0x0000000087000000, 0x0000000087100000|  0%| F|  |TAMS 0x0000000087000000, 0x0000000087000000| Untracked 
|  83|0x0000000087100000, 0x0000000087100000, 0x0000000087200000|  0%| F|  |TAMS 0x0000000087100000, 0x0000000087100000| Untracked 
|  84|0x0000000087200000, 0x0000000087200000, 0x0000000087300000|  0%| F|  |TAMS 0x0000000087200000, 0x0000000087200000| Untracked 
|  85|0x0000000087300000, 0x0000000087300000, 0x0000000087400000|  0%| F|  |TAMS 0x0000000087300000, 0x0000000087300000| Untracked 
|  86|0x0000000087400000, 0x0000000087400000, 0x0000000087500000|  0%| F|  |TAMS 0x0000000087400000, 0x0000000087400000| Untracked 
|  87|0x0000000087500000, 0x0000000087500000, 0x0000000087600000|  0%| F|  |TAMS 0x0000000087500000, 0x0000000087500000| Untracked 
|  88|0x0000000087600000, 0x0000000087600000, 0x0000000087700000|  0%| F|  |TAMS 0x0000000087600000, 0x0000000087600000| Untracked 
|  89|0x0000000087700000, 0x0000000087700000, 0x0000000087800000|  0%| F|  |TAMS 0x0000000087700000, 0x0000000087700000| Untracked 
|  90|0x0000000087800000, 0x0000000087800000, 0x0000000087900000|  0%| F|  |TAMS 0x0000000087800000, 0x0000000087800000| Untracked 
|  91|0x0000000087900000, 0x0000000087900000, 0x0000000087a00000|  0%| F|  |TAMS 0x0000000087900000, 0x0000000087900000| Untracked 
|  92|0x0000000087a00000, 0x0000000087a00000, 0x0000000087b00000|  0%| F|  |TAMS 0x0000000087a00000, 0x0000000087a00000| Untracked 
|  93|0x0000000087b00000, 0x0000000087b00000, 0x0000000087c00000|  0%| F|  |TAMS 0x0000000087b00000, 0x0000000087b00000| Untracked 
|  94|0x0000000087c00000, 0x0000000087c00000, 0x0000000087d00000|  0%| F|  |TAMS 0x0000000087c00000, 0x0000000087c00000| Untracked 
|  95|0x0000000087d00000, 0x0000000087d00000, 0x0000000087e00000|  0%| F|  |TAMS 0x0000000087d00000, 0x0000000087d00000| Untracked 
|  96|0x0000000087e00000, 0x0000000087e00000, 0x0000000087f00000|  0%| F|  |TAMS 0x0000000087e00000, 0x0000000087e00000| Untracked 
|  97|0x0000000087f00000, 0x0000000087f00000, 0x0000000088000000|  0%| F|  |TAMS 0x0000000087f00000, 0x0000000087f00000| Untracked 
|  98|0x0000000088000000, 0x0000000088000000, 0x0000000088100000|  0%| F|  |TAMS 0x0000000088000000, 0x0000000088000000| Untracked 
|  99|0x0000000088100000, 0x0000000088100000, 0x0000000088200000|  0%| F|  |TAMS 0x0000000088100000, 0x0000000088100000| Untracked 
| 100|0x0000000088200000, 0x0000000088200000, 0x0000000088300000|  0%| F|  |TAMS 0x0000000088200000, 0x0000000088200000| Untracked 
| 101|0x0000000088300000, 0x0000000088300000, 0x0000000088400000|  0%| F|  |TAMS 0x0000000088300000, 0x0000000088300000| Untracked 
| 102|0x0000000088400000, 0x0000000088400000, 0x0000000088500000|  0%| F|  |TAMS 0x0000000088400000, 0x0000000088400000| Untracked 
| 103|0x0000000088500000, 0x0000000088500000, 0x0000000088600000|  0%| F|  |TAMS 0x0000000088500000, 0x0000000088500000| Untracked 
| 104|0x0000000088600000, 0x0000000088600000, 0x0000000088700000|  0%| F|  |TAMS 0x0000000088600000, 0x0000000088600000| Untracked 
| 105|0x0000000088700000, 0x0000000088700000, 0x0000000088800000|  0%| F|  |TAMS 0x0000000088700000, 0x0000000088700000| Untracked 
| 106|0x0000000088800000, 0x0000000088800000, 0x0000000088900000|  0%| F|  |TAMS 0x0000000088800000, 0x0000000088800000| Untracked 
| 107|0x0000000088900000, 0x0000000088900000, 0x0000000088a00000|  0%| F|  |TAMS 0x0000000088900000, 0x0000000088900000| Untracked 
| 108|0x0000000088a00000, 0x0000000088a00000, 0x0000000088b00000|  0%| F|  |TAMS 0x0000000088a00000, 0x0000000088a00000| Untracked 
| 109|0x0000000088b00000, 0x0000000088b00000, 0x0000000088c00000|  0%| F|  |TAMS 0x0000000088b00000, 0x0000000088b00000| Untracked 
| 110|0x0000000088c00000, 0x0000000088c00000, 0x0000000088d00000|  0%| F|  |TAMS 0x0000000088c00000, 0x0000000088c00000| Untracked 
| 111|0x0000000088d00000, 0x0000000088d00000, 0x0000000088e00000|  0%| F|  |TAMS 0x0000000088d00000, 0x0000000088d00000| Untracked 
| 112|0x0000000088e00000, 0x0000000088e00000, 0x0000000088f00000|  0%| F|  |TAMS 0x0000000088e00000, 0x0000000088e00000| Untracked 
| 113|0x0000000088f00000, 0x0000000088f00000, 0x0000000089000000|  0%| F|  |TAMS 0x0000000088f00000, 0x0000000088f00000| Untracked 
| 114|0x0000000089000000, 0x0000000089000000, 0x0000000089100000|  0%| F|  |TAMS 0x0000000089000000, 0x0000000089000000| Untracked 
| 115|0x0000000089100000, 0x0000000089100000, 0x0000000089200000|  0%| F|  |TAMS 0x0000000089100000, 0x0000000089100000| Untracked 
| 116|0x0000000089200000, 0x0000000089200000, 0x0000000089300000|  0%| F|  |TAMS 0x0000000089200000, 0x0000000089200000| Untracked 
| 117|0x0000000089300000, 0x0000000089300000, 0x0000000089400000|  0%| F|  |TAMS 0x0000000089300000, 0x0000000089300000| Untracked 
| 118|0x0000000089400000, 0x0000000089400000, 0x0000000089500000|  0%| F|  |TAMS 0x0000000089400000, 0x0000000089400000| Untracked 
| 119|0x0000000089500000, 0x0000000089500000, 0x0000000089600000|  0%| F|  |TAMS 0x0000000089500000, 0x0000000089500000| Untracked 
| 120|0x0000000089600000, 0x0000000089600000, 0x0000000089700000|  0%| F|  |TAMS 0x0000000089600000, 0x0000000089600000| Untracked 
| 121|0x0000000089700000, 0x0000000089700000, 0x0000000089800000|  0%| F|  |TAMS 0x0000000089700000, 0x0000000089700000| Untracked 
| 122|0x0000000089800000, 0x00000000898ec5d0, 0x0000000089900000| 92%| E|  |TAMS 0x0000000089800000, 0x0000000089800000| Complete 
| 123|0x0000000089900000, 0x0000000089a00000, 0x0000000089a00000|100%| E|CS|TAMS 0x0000000089900000, 0x0000000089900000| Complete 
| 124|0x0000000089a00000, 0x0000000089b00000, 0x0000000089b00000|100%| E|CS|TAMS 0x0000000089a00000, 0x0000000089a00000| Complete 
| 125|0x0000000089b00000, 0x0000000089c00000, 0x0000000089c00000|100%| E|CS|TAMS 0x0000000089b00000, 0x0000000089b00000| Complete 
| 126|0x0000000089c00000, 0x0000000089d00000, 0x0000000089d00000|100%| E|CS|TAMS 0x0000000089c00000, 0x0000000089c00000| Complete 
| 127|0x0000000089d00000, 0x0000000089e00000, 0x0000000089e00000|100%| E|CS|TAMS 0x0000000089d00000, 0x0000000089d00000| Complete 

Card table byte_map: [0x000002a3b7ad0000,0x000002a3b7ed0000] _byte_map_base: 0x000002a3b76c1000

Marking Bits (Prev, Next): (CMBitMap*) 0x000002a3a019fec0, (CMBitMap*) 0x000002a3a019ff00
 Prev Bits: [0x000002a3b82d0000, 0x000002a3ba258000)
 Next Bits: [0x000002a3ba260000, 0x000002a3bc1e8000)

Polling page: 0x000002a39e050000

Metaspace:

Usage:
  Non-class:      5.32 MB capacity,     5.27 MB (>99%) used,    41.92 KB ( <1%) free+waste,     8.69 KB ( <1%) overhead. 
      Class:    734.00 KB capacity,   662.95 KB ( 90%) used,    66.86 KB (  9%) free+waste,     4.19 KB ( <1%) overhead. 
       Both:      6.04 MB capacity,     5.92 MB ( 98%) used,   108.78 KB (  2%) free+waste,    12.88 KB ( <1%) overhead. 

Virtual space:
  Non-class space:        8.00 MB reserved,       5.50 MB ( 69%) committed 
      Class space:        1.00 GB reserved,     768.00 KB ( <1%) committed 
             Both:        1.01 GB reserved,       6.25 MB ( <1%) committed 

Chunk freelists:
   Non-Class:  58.00 KB
       Class:  2.00 KB
        Both:  60.00 KB

MaxMetaspaceSize: 17179869184.00 GB
CompressedClassSpaceSize: 1.00 GB

CodeHeap 'non-profiled nmethods': size=120000Kb used=158Kb max_used=158Kb free=119841Kb
 bounds [0x000002a3afe70000, 0x000002a3b00e0000, 0x000002a3b73a0000]
CodeHeap 'profiled nmethods': size=120000Kb used=745Kb max_used=745Kb free=119254Kb
 bounds [0x000002a3a8940000, 0x000002a3a8bb0000, 0x000002a3afe70000]
CodeHeap 'non-nmethods': size=5760Kb used=1233Kb max_used=1246Kb free=4527Kb
 bounds [0x000002a3a83a0000, 0x000002a3a8610000, 0x000002a3a8940000]
 total_blobs=1066 nmethods=555 adapters=424
 compilation: enabled
              stopped_count=0, restarted_count=0
 full_count=0

Compilation events (20 events):
Event: 1.917 Thread 0x000002a3bec3a550 nmethod 545 0x000002a3a89f7d90 code [0x000002a3a89f7fc0, 0x000002a3a89f8c88]
Event: 1.917 Thread 0x000002a3bec3a550  546       3       jdk.internal.logger.SimpleConsoleLogger::isLoggable (29 bytes)
Event: 1.918 Thread 0x000002a3bec3a550 nmethod 546 0x000002a3a89f8f90 code [0x000002a3a89f9140, 0x000002a3a89f9488]
Event: 1.918 Thread 0x000002a3bec3a550  547       3       jdk.internal.logger.SimpleConsoleLogger::effectiveLevel (17 bytes)
Event: 1.918 Thread 0x000002a3bec3a550 nmethod 547 0x000002a3a89f9590 code [0x000002a3a89f9740, 0x000002a3a89f9948]
Event: 1.918 Thread 0x000002a3bec3a550  548       3       jdk.internal.logger.SurrogateLogger::defaultPlatformLevel (4 bytes)
Event: 1.918 Thread 0x000002a3bec3a550 nmethod 548 0x000002a3a89f9a10 code [0x000002a3a89f9ba0, 0x000002a3a89f9cb8]
Event: 1076.026 Thread 0x000002a3bec2e4a0  551       4       jdk.internal.org.objectweb.asm.ByteVector::putShort (52 bytes)
Event: 1076.027 Thread 0x000002a3bec3a550  552       1       java.util.concurrent.locks.AbstractOwnableSynchronizer::getExclusiveOwnerThread (5 bytes)
Event: 1076.027 Thread 0x000002a3bec3a550 nmethod 552 0x000002a3afe96990 code [0x000002a3afe96b20, 0x000002a3afe96bd8]
Event: 1076.027 Thread 0x000002a3bec3a550  550       3       java.lang.Class::reflectionData (43 bytes)
Event: 1076.028 Thread 0x000002a3bec2e4a0 nmethod 551 0x000002a3afe96c90 code [0x000002a3afe96e20, 0x000002a3afe96f38]
Event: 1076.028 Thread 0x000002a3bec3a550 nmethod 550 0x000002a3a89f9d90 code [0x000002a3a89f9f60, 0x000002a3a89fa358]
Event: 1076.029 Thread 0x000002a3bec3a550  553       1       java.beans.PropertyChangeEvent::getNewValue (5 bytes)
Event: 1076.029 Thread 0x000002a3bec3a550 nmethod 553 0x000002a3afe97090 code [0x000002a3afe97220, 0x000002a3afe972d8]
Event: 1282.102 Thread 0x000002a3bec3a550  554       1       java.util.EventObject::getSource (5 bytes)
Event: 1282.102 Thread 0x000002a3bec3a550 nmethod 554 0x000002a3afe97390 code [0x000002a3afe97520, 0x000002a3afe975d8]
Event: 1282.102 Thread 0x000002a3bec3a550  555       1       java.util.concurrent.locks.AbstractQueuedSynchronizer::getState (5 bytes)
Event: 1282.102 Thread 0x000002a3bec3a550 nmethod 555 0x000002a3afe97690 code [0x000002a3afe97820, 0x000002a3afe978d8]
Event: 1282.105 Thread 0x000002a3bec2e4a0  556       4       java.util.Arrays::binarySearch0 (95 bytes)

GC Heap History (0 events):
No events

Deoptimization events (8 events):
Event: 0.051 Thread 0x000002a3a015f410 Uncommon trap: trap_request=0xffffff45 fr.pc=0x000002a3afe744bc relative=0x000000000000021c
Event: 0.051 Thread 0x000002a3a015f410 Uncommon trap: reason=unstable_if action=reinterpret pc=0x000002a3afe744bc method=java.lang.String.hashCode()I @ 13 c2
Event: 0.051 Thread 0x000002a3a015f410 DEOPT PACKING pc=0x000002a3afe744bc sp=0x000000fe36efcec0
Event: 0.051 Thread 0x000002a3a015f410 DEOPT UNPACKING pc=0x000002a3a83ee42f sp=0x000000fe36efce58 mode 2
Event: 0.182 Thread 0x000002a3a015f410 Uncommon trap: trap_request=0xffffffe5 fr.pc=0x000002a3afe88ac0 relative=0x00000000000001a0
Event: 0.182 Thread 0x000002a3a015f410 Uncommon trap: reason=range_check action=reinterpret pc=0x000002a3afe88ac0 method=java.lang.StringLatin1.indexOf([BII)I @ 13 c2
Event: 0.182 Thread 0x000002a3a015f410 DEOPT PACKING pc=0x000002a3afe88ac0 sp=0x000000fe36efc580
Event: 0.182 Thread 0x000002a3a015f410 DEOPT UNPACKING pc=0x000002a3a83ee42f sp=0x000000fe36efc500 mode 2

Classes unloaded (0 events):
No events

Classes redefined (0 events):
No events

Internal exceptions (14 events):
Event: 0.043 Thread 0x000002a3a015f410 Exception <a 'java/lang/NoSuchMethodError'{0x0000000089c20678}: 'void java.lang.invoke.DirectMethodHandle$Holder.invokeSpecial(java.lang.Object, java.lang.Object, java.lang.Object)'> (0x0000000089c20678) 
thrown [./open/src/hotspot/share/interpreter/linkResolver.cpp, line 782]
Event: 0.051 Thread 0x000002a3a015f410 Exception <a 'java/lang/ClassNotFoundException'{0x0000000089c40668}: sun/awt/resources/spi/awtProvider> (0x0000000089c40668) 
thrown [./open/src/hotspot/share/classfile/systemDictionary.cpp, line 295]
Event: 0.067 Thread 0x000002a3a015f410 Exception <a 'java/io/FileNotFoundException'{0x0000000089c9c510}> (0x0000000089c9c510) 
thrown [./open/src/hotspot/share/prims/jni.cpp, line 578]
Event: 0.073 Thread 0x000002a3a015f410 Exception <a 'java/io/FileNotFoundException'{0x0000000089ccadb0}> (0x0000000089ccadb0) 
thrown [./open/src/hotspot/share/prims/jni.cpp, line 578]
Event: 0.073 Thread 0x000002a3a015f410 Exception <a 'java/lang/NoSuchMethodError'{0x0000000089ccbfa8}: 'java.lang.Object java.lang.invoke.DirectMethodHandle$Holder.invokeStatic(java.lang.Object)'> (0x0000000089ccbfa8) 
thrown [./open/src/hotspot/share/interpreter/linkResolver.cpp, line 782]
Event: 0.099 Thread 0x000002a3a015f410 Exception <a 'java/lang/NoSuchMethodError'{0x0000000089b28160}: 'java.lang.Object java.lang.invoke.DirectMethodHandle$Holder.invokeStaticInit(java.lang.Object)'> (0x0000000089b28160) 
thrown [./open/src/hotspot/share/interpreter/linkResolver.cpp, line 782]
Event: 0.127 Thread 0x000002a3a015f410 Exception <a 'java/lang/NoSuchMethodError'{0x0000000089a112c8}: 'java.lang.Object java.lang.invoke.DirectMethodHandle$Holder.newInvokeSpecial(java.lang.Object, java.lang.Object, java.lang.Object, java.lang.Object, java.lang.Object)'> (0x0000000089a112c8) 
thrown [./open/src/hotspot/share/interpreter/linkResolver.cpp, line 782]
Event: 0.128 Thread 0x000002a3a015f410 Exception <a 'java/lang/NoSuchMethodError'{0x0000000089a1cd58}: 'java.lang.Object java.lang.invoke.DirectMethodHandle$Holder.invokeStatic(java.lang.Object, int, java.lang.Object, java.lang.Object, java.lang.Object, java.lang.Object)'> (0x0000000089a1cd58) 
thrown [./open/src/hotspot/share/interpreter/linkResolver.cpp, line 782]
Event: 0.131 Thread 0x000002a3a015f410 Exception <a 'java/lang/NoSuchMethodError'{0x0000000089a43000}: 'java.lang.Object java.lang.invoke.DirectMethodHandle$Holder.invokeStatic(java.lang.Object, int, java.lang.Object)'> (0x0000000089a43000) 
thrown [./open/src/hotspot/share/interpreter/linkResolver.cpp, line 782]
Event: 0.146 Thread 0x000002a3a015f410 Exception <a 'java/lang/ClassNotFoundException'{0x0000000089afb860}: com/sun/swing/internal/plaf/metal/resources/spi/metalProvider> (0x0000000089afb860) 
thrown [./open/src/hotspot/share/classfile/systemDictionary.cpp, line 295]
Event: 0.147 Thread 0x000002a3a015f410 Exception <a 'java/lang/ClassNotFoundException'{0x0000000089affc28}: com/sun/swing/internal/plaf/basic/resources/spi/basicProvider> (0x0000000089affc28) 
thrown [./open/src/hotspot/share/classfile/systemDictionary.cpp, line 295]
Event: 0.168 Thread 0x000002a3a015f410 Exception <a 'java/lang/NoSuchMethodError'{0x000000008993ab68}: 'void java.lang.invoke.DirectMethodHandle$Holder.invokeStaticInit(java.lang.Object)'> (0x000000008993ab68) 
thrown [./open/src/hotspot/share/interpreter/linkResolver.cpp, line 782]
Event: 0.174 Thread 0x000002a3a015f410 Exception <a 'java/io/FileNotFoundException'{0x00000000899472e0}> (0x00000000899472e0) 
thrown [./open/src/hotspot/share/prims/jni.cpp, line 578]
Event: 1076.026 Thread 0x000002a3bf92fde0 Exception <a 'java/lang/NoSuchMethodError'{0x000000008998e250}: 'void java.lang.invoke.DirectMethodHandle$Holder.invokeVirtual(java.lang.Object, java.lang.Object)'> (0x000000008998e250) 
thrown [./open/src/hotspot/share/interpreter/linkResolver.cpp, line 782]

Events (20 events):
Event: 1.740 loading class javax/swing/JComponent$IntVector
Event: 1.740 loading class javax/swing/JComponent$IntVector done
Event: 1.740 loading class java/applet/Applet
Event: 1.740 loading class java/awt/Panel
Event: 1.740 loading class java/awt/Panel done
Event: 1.740 loading class java/applet/Applet done
Event: 1.740 loading class javax/swing/KeyboardManager
Event: 1.741 loading class javax/swing/KeyboardManager done
Event: 1.741 loading class javax/swing/Popup$HeavyWeightWindow
Event: 1.741 loading class sun/awt/ModalExclude
Event: 1.741 loading class sun/awt/ModalExclude done
Event: 1.741 loading class javax/swing/JWindow
Event: 1.741 loading class javax/swing/JWindow done
Event: 1.741 loading class javax/swing/Popup$HeavyWeightWindow done
Event: 1076.025 loading class java/util/WeakHashMap$KeyIterator
Event: 1076.025 loading class java/util/WeakHashMap$HashIterator
Event: 1076.025 loading class java/util/WeakHashMap$HashIterator done
Event: 1076.025 loading class java/util/WeakHashMap$KeyIterator done
Event: 1076.026 loading class javax/swing/RepaintManager$DisplayChangedRunnable
Event: 1076.027 loading class javax/swing/RepaintManager$DisplayChangedRunnable done


Dynamic libraries:
0x00007ff627440000 - 0x00007ff62744f000 	C:\Program Files\Java\jdk-15.0.2\bin\java.exe
0x00007ffce25d0000 - 0x00007ffce27c6000 	C:\WINDOWS\SYSTEM32\ntdll.dll
0x00007ffce11c0000 - 0x00007ffce127d000 	C:\WINDOWS\System32\KERNEL32.DLL
0x00007ffcdff90000 - 0x00007ffce0259000 	C:\WINDOWS\System32\KERNELBASE.dll
0x00007ffcdfde0000 - 0x00007ffcdfee0000 	C:\WINDOWS\System32\ucrtbase.dll
0x00007ffcb8bb0000 - 0x00007ffcb8bc9000 	C:\Program Files\Java\jdk-15.0.2\bin\VCRUNTIME140.dll
0x00007ffcc4d10000 - 0x00007ffcc4d28000 	C:\Program Files\Java\jdk-15.0.2\bin\jli.dll
0x00007ffce0630000 - 0x00007ffce06dc000 	C:\WINDOWS\System32\ADVAPI32.dll
0x00007ffce0f70000 - 0x00007ffce100e000 	C:\WINDOWS\System32\msvcrt.dll
0x00007ffce0d10000 - 0x00007ffce0dac000 	C:\WINDOWS\System32\sechost.dll
0x00007ffce1450000 - 0x00007ffce157b000 	C:\WINDOWS\System32\RPCRT4.dll
0x00007ffce2260000 - 0x00007ffce2400000 	C:\WINDOWS\System32\USER32.dll
0x00007ffcdff60000 - 0x00007ffcdff82000 	C:\WINDOWS\System32\win32u.dll
0x00007ffcc8500000 - 0x00007ffcc879b000 	C:\WINDOWS\WinSxS\amd64_microsoft.windows.common-controls_6595b64144ccf1df_6.0.19041.746_none_ca02b4b61b8320a4\COMCTL32.dll
0x00007ffce1cd0000 - 0x00007ffce1cfa000 	C:\WINDOWS\System32\GDI32.dll
0x00007ffce0260000 - 0x00007ffce036b000 	C:\WINDOWS\System32\gdi32full.dll
0x00007ffcdfd10000 - 0x00007ffcdfdad000 	C:\WINDOWS\System32\msvcp_win.dll
0x00007ffcd8760000 - 0x00007ffcd876a000 	C:\WINDOWS\SYSTEM32\VERSION.dll
0x00007ffce2560000 - 0x00007ffce2590000 	C:\WINDOWS\System32\IMM32.DLL
0x00007ffcd3b00000 - 0x00007ffcd3b0c000 	C:\Program Files\Java\jdk-15.0.2\bin\vcruntime140_1.dll
0x00007ffca8130000 - 0x00007ffca81c1000 	C:\Program Files\Java\jdk-15.0.2\bin\msvcp140.dll
0x00007ffc9df40000 - 0x00007ffc9ea9e000 	C:\Program Files\Java\jdk-15.0.2\bin\server\jvm.dll
0x00007ffce0cf0000 - 0x00007ffce0cf8000 	C:\WINDOWS\System32\PSAPI.DLL
0x00007ffcd42b0000 - 0x00007ffcd42b9000 	C:\WINDOWS\SYSTEM32\WSOCK32.dll
0x00007ffcd0fb0000 - 0x00007ffcd0fd7000 	C:\WINDOWS\SYSTEM32\WINMM.dll
0x00007ffce1d00000 - 0x00007ffce1d6b000 	C:\WINDOWS\System32\WS2_32.dll
0x00007ffcde750000 - 0x00007ffcde762000 	C:\WINDOWS\SYSTEM32\kernel.appcore.dll
0x00007ffcd33d0000 - 0x00007ffcd33da000 	C:\Program Files\Java\jdk-15.0.2\bin\jimage.dll
0x00007ffcdd9d0000 - 0x00007ffcddbb4000 	C:\WINDOWS\SYSTEM32\DBGHELP.DLL
0x00007ffcd1a70000 - 0x00007ffcd1a9c000 	C:\WINDOWS\SYSTEM32\dbgcore.DLL
0x00007ffcdfee0000 - 0x00007ffcdff60000 	C:\WINDOWS\System32\bcryptPrimitives.dll
0x00007ffcb5010000 - 0x00007ffcb5035000 	C:\Program Files\Java\jdk-15.0.2\bin\java.dll
0x00007ffce1580000 - 0x00007ffce1cc2000 	C:\WINDOWS\System32\SHELL32.dll
0x00007ffcddd50000 - 0x00007ffcde4e0000 	C:\WINDOWS\SYSTEM32\windows.storage.dll
0x00007ffce1d70000 - 0x00007ffce20c6000 	C:\WINDOWS\System32\combase.dll
0x00007ffcdf770000 - 0x00007ffcdf79c000 	C:\WINDOWS\SYSTEM32\Wldp.dll
0x00007ffce0db0000 - 0x00007ffce0e5e000 	C:\WINDOWS\System32\SHCORE.dll
0x00007ffce20d0000 - 0x00007ffce2125000 	C:\WINDOWS\System32\shlwapi.dll
0x00007ffcdfc40000 - 0x00007ffcdfc66000 	C:\WINDOWS\SYSTEM32\profapi.dll
0x00007ffca54b0000 - 0x00007ffca5630000 	C:\Program Files\Java\jdk-15.0.2\bin\awt.dll
0x00007ffce12f0000 - 0x00007ffce13bd000 	C:\WINDOWS\System32\OLEAUT32.dll
0x00007ffcdd230000 - 0x00007ffcdd2c0000 	C:\WINDOWS\SYSTEM32\apphelp.dll
0x00007ffcdd690000 - 0x00007ffcdd6bf000 	C:\WINDOWS\system32\DWMAPI.DLL
0x00007ffcdd400000 - 0x00007ffcdd49e000 	C:\WINDOWS\system32\uxtheme.dll
0x00007ffcbed80000 - 0x00007ffcbeea5000 	C:\WINDOWS\system32\opengl32.dll
0x00007ffcc7470000 - 0x00007ffcc749c000 	C:\WINDOWS\SYSTEM32\GLU32.dll
0x00007ffce0700000 - 0x00007ffce0815000 	C:\WINDOWS\System32\MSCTF.dll
0x00007ffce2130000 - 0x00007ffce225a000 	C:\WINDOWS\System32\ole32.dll
0x00007ffca64e0000 - 0x00007ffca6565000 	C:\Program Files\Java\jdk-15.0.2\bin\freetype.dll
0x00007ffca4b00000 - 0x00007ffca4ba9000 	C:\Program Files\Java\jdk-15.0.2\bin\fontmanager.dll
0x00007ffccedd0000 - 0x00007ffcceecb000 	C:\WINDOWS\SYSTEM32\textinputframework.dll
0x00007ffcdd000000 - 0x00007ffcdd0f2000 	C:\WINDOWS\System32\CoreMessaging.dll
0x00007ffcdcca0000 - 0x00007ffcdcffe000 	C:\WINDOWS\System32\CoreUIComponents.dll
0x00007ffcdea90000 - 0x00007ffcdeac3000 	C:\WINDOWS\SYSTEM32\ntmarta.dll
0x00007ffcdb940000 - 0x00007ffcdba94000 	C:\WINDOWS\SYSTEM32\wintypes.dll
0x00007ffce0e60000 - 0x00007ffce0f09000 	C:\WINDOWS\System32\clbcatq.dll
0x00007ffccc580000 - 0x00007ffccc62c000 	C:\WINDOWS\SYSTEM32\TextShaping.dll

dbghelp: loaded successfully - version: 4.0.5 - missing functions: none
symbol engine: initialized successfully - sym options: 0x614 - pdb path: .;C:\Program Files\Java\jdk-15.0.2\bin;C:\WINDOWS\SYSTEM32;C:\WINDOWS\WinSxS\amd64_microsoft.windows.common-controls_6595b64144ccf1df_6.0.19041.746_none_ca02b4b61b8320a4;C:\Program Files\Java\jdk-15.0.2\bin\server

VM Arguments:
jvm_args: -Dfile.encoding=UTF-8 
java_command: travel.management.system.Signup
java_class_path (initial): D:\java\Travel Management System\build\classes
Launcher Type: SUN_STANDARD

[Global flags]
     intx CICompilerCount                          = 4                                         {product} {ergonomic}
     uint ConcGCThreads                            = 2                                         {product} {ergonomic}
     uint G1ConcRefinementThreads                  = 8                                         {product} {ergonomic}
   size_t G1HeapRegionSize                         = 1048576                                   {product} {ergonomic}
    uintx GCDrainStackTargetSize                   = 64                                        {product} {ergonomic}
   size_t InitialHeapSize                          = 134217728                                 {product} {ergonomic}
   size_t MarkStackSize                            = 4194304                                   {product} {ergonomic}
   size_t MaxHeapSize                              = 2116026368                                {product} {ergonomic}
   size_t MaxNewSize                               = 1268776960                                {product} {ergonomic}
   size_t MinHeapDeltaBytes                        = 1048576                                   {product} {ergonomic}
   size_t MinHeapSize                              = 8388608                                   {product} {ergonomic}
    uintx NonNMethodCodeHeapSize                   = 5839372                                {pd product} {ergonomic}
    uintx NonProfiledCodeHeapSize                  = 122909434                              {pd product} {ergonomic}
    uintx ProfiledCodeHeapSize                     = 122909434                              {pd product} {ergonomic}
    uintx ReservedCodeCacheSize                    = 251658240                              {pd product} {ergonomic}
     bool SegmentedCodeCache                       = true                                      {product} {ergonomic}
   size_t SoftMaxHeapSize                          = 2116026368                             {manageable} {ergonomic}
     bool UseCompressedClassPointers               = true                                 {lp64_product} {ergonomic}
     bool UseCompressedOops                        = true                                 {lp64_product} {ergonomic}
     bool UseG1GC                                  = true                                      {product} {ergonomic}
     bool UseLargePagesIndividualAllocation        = false                                  {pd product} {ergonomic}

Logging:
Log output configuration:
 #0: stdout all=warning uptime,level,tags
 #1: stderr all=off uptime,level,tags

Environment Variables:
JAVA_HOME=C:\Program Files\Java\jdk-15
CLASSPATH=C:\Program Files\Java\jdk-12.0.1\lib;
PATH=C:\Python39\Scripts\;C:\Python39\;C:\Program Files\Common Files\Oracle\Java\javapath;C:\ProgramData\Oracle\Java\javapath;C:\Windows\system32;C:\Windows;C:\Windows\System32\Wbem;C:\Windows\System32\WindowsPowerShell\v1.0\;C:\Windows\System32\OpenSSH\;C:\Program Files (x86)\NVIDIA Corporation\PhysX\Common;C:\Program Files\NVIDIA Corporation\NVIDIA NvDLISR;C:\Program Files (x86)\Common Files\Oracle\Java\javapath;C:\WINDOWS\system32;C:\WINDOWS;C:\WINDOWS\System32\Wbem;C:\WINDOWS\System32\WindowsPowerShell\v1.0\;C:\WINDOWS\System32\OpenSSH\;C:\Program Files\Java\jre-10\bin;C:\Program Files\Java\jdk-15\bin;C:\nodejs\;C:\ProgramData\chocolatey\bin;C:\Program Files\MiKTeX\miktex\bin\x64\;C:\Users\kunjpatel\AppData\Local\Programs\Python\Python39\Scripts\;C:\Users\kunjpatel\AppData\Local\Programs\Python\Python39\;C:\Program Files\Java\jdk-12.0.1\bin;D:\pycharm\PyCharm Community Edition 2020.1\bin;;C:\Users\kunjpatel\AppData\Local\Programs\Microsoft VS Code\bin;C:\Users\kunjpatel\AppData\Local\Programs\Python\Python38-32\Scripts;C:\Users\kunjpatel\AppData\Local\Programs\Python\Python38-32;C:\Users\kunjpatel\AppData\Local\Microsoft\WindowsApps;C:\Program Files\JetBrains\IntelliJ IDEA Community Edition 2020.2.2\bin;;C:\Users\kunjpatel\AppData\Roaming\npm;
USERNAME=kunjpatel
OS=Windows_NT
PROCESSOR_IDENTIFIER=Intel64 Family 6 Model 158 Stepping 10, GenuineIntel



---------------  S Y S T E M  ---------------

OS:
 Windows 10 , 64 bit Build 19041 (10.0.19041.804)
OS uptime: 0 days 20:31 hours

CPU: total 8 (initial active 8) (4 cores per cpu, 2 threads per core) family 6 model 158 stepping 10 microcode 0xb4, cmov, cx8, fxsr, mmx, sse, sse2, sse3, ssse3, sse4.1, sse4.2, popcnt, vzeroupper, avx, avx2, aes, clmul, erms, 3dnowpref, lzcnt, ht, tsc, tscinvbit, bmi1, bmi2, adx, fma, clflush, clflushopt

Memory: 4k page, system-wide physical 8066M (735M free)
TotalPageFile size 32642M (AvailPageFile size 0M)
current process WorkingSet (physical memory assigned to process): 53M, peak: 54M
current process commit charge ("private bytes"): 220M, peak: 221M

vm_info: Java HotSpot(TM) 64-Bit Server VM (15.0.2+7-27) for windows-amd64 JRE (15.0.2+7-27), built on Dec  7 2020 20:07:01 by "mach5one" with unknown MS VC++:1925

END.
