#
# There is insufficient memory for the Java Runtime Environment to continue.
# Native memory allocation (mmap) failed to map 134217728 bytes for G1 virtual space
# Possible reasons:
#   The system is out of physical RAM or swap space
#   The process is running with CompressedOops enabled, and the Java Heap may be blocking the growth of the native heap
# Possible solutions:
#   Reduce memory load on the system
#   Increase physical memory or swap space
#   Check if swap backing store is full
#   Decrease Java heap size (-Xmx/-Xms)
#   Decrease number of Java threads
#   Decrease Java thread stack sizes (-Xss)
#   Set larger code cache with -XX:ReservedCodeCacheSize=
#   JVM is running with Unscaled Compressed Oops mode in which the Java heap is
#     placed in the first 4GB address space. The Java Heap base address is the
#     maximum limit for the native heap growth. Please use -XX:HeapBaseMinAddress
#     to set the Java Heap base and to place the Java Heap above 4GB virtual address.
# This output file may be truncated or incomplete.
#
#  Out of Memory Error (./open/src/hotspot/os/windows/os_windows.cpp:3321), pid=22536, tid=23996
#
# JRE version:  (15.0.2+7) (build )
# Java VM: Java HotSpot(TM) 64-Bit Server VM (15.0.2+7-27, mixed mode, sharing, tiered, compressed oops, g1 gc, windows-amd64)
# No core dump will be written. Minidumps are not enabled by default on client versions of Windows
#

---------------  S U M M A R Y ------------

Command Line: -Dfile.encoding=UTF-8 travel.management.system.ForgotPassword

Host: Intel(R) Core(TM) i5-8300H CPU @ 2.30GHz, 8 cores, 7G,  Windows 10 , 64 bit Build 19041 (10.0.19041.804)
Time: Wed Mar  3 14:15:51 2021 India Standard Time elapsed time: 0.228636 seconds (0d 0h 0m 0s)

---------------  T H R E A D  ---------------

Current thread (0x000001de7e820420):  JavaThread "Unknown thread" [_thread_in_vm, id=23996, stack(0x0000000f59000000,0x0000000f59100000)]

Stack: [0x0000000f59000000,0x0000000f59100000]
Native frames: (J=compiled Java code, j=interpreted, Vv=VM code, C=native code)
V  [jvm.dll+0x62ae9a]
V  [jvm.dll+0x7817a9]
V  [jvm.dll+0x782f03]
V  [jvm.dll+0x783563]
V  [jvm.dll+0x216325]
V  [jvm.dll+0x6281d9]
V  [jvm.dll+0x61cf55]
V  [jvm.dll+0x2cffdd]
V  [jvm.dll+0x2cfe42]
V  [jvm.dll+0x2d5e1c]
V  [jvm.dll+0x32590a]
V  [jvm.dll+0x324fd4]
V  [jvm.dll+0x2a6f5a]
V  [jvm.dll+0x2a80f8]
V  [jvm.dll+0x75e241]
V  [jvm.dll+0x3341c4]
V  [jvm.dll+0x73e926]
V  [jvm.dll+0x3b7557]
V  [jvm.dll+0x3b8fe1]
C  [jli.dll+0x52fb]
C  [ucrtbase.dll+0x21bb2]
C  [KERNEL32.DLL+0x17034]
C  [ntdll.dll+0x4d241]


---------------  P R O C E S S  ---------------

Threads class SMR info:
_java_thread_list=0x00007ff9329e4ff0, length=0, elements={
}

Java Threads: ( => current thread )

Other Threads:
  0x000001de7e861660 GCTaskThread "GC Thread#0" [stack: 0x0000000f59100000,0x0000000f59200000] [id=3704]
  0x000001de7e873500 ConcurrentGCThread "G1 Main Marker" [stack: 0x0000000f59200000,0x0000000f59300000] [id=15820]
  0x000001de7e8740f0 ConcurrentGCThread "G1 Conc#0" [stack: 0x0000000f59300000,0x0000000f59400000] [id=23984]

[error occurred during error reporting (printing all threads), id 0xc0000005, EXCEPTION_ACCESS_VIOLATION (0xc0000005) at pc=0x00007ff9321d7e27]

VM state: not at safepoint (not fully initialized)

VM Mutex/Monitor currently owned by a thread:  ([mutex/lock_event])
[0x000001de7e81c400] Heap_lock - owner thread: 0x000001de7e820420

Heap address: 0x0000000081e00000, size: 2018 MB, Compressed Oops mode: 32-bit
CDS archive(s) mapped at: [0x0000000000000000-0x0000000000000000-0x0000000000000000), size 0, SharedBaseAddress: 0x0000000800000000, ArchiveRelocationMode: 0.
Narrow klass base: 0x0000000000000000, Narrow klass shift: 0, Narrow klass range: 0x0

Heap:
 garbage-first heap   total 131072K, used 0K [0x0000000081e00000, 0x0000000100000000)
  region size 1024K, 0 young (0K), 0 survivors (0K)
 Metaspace       used 0K, capacity 0K, committed 0K, reserved 0K
  class space    used 0K, capacity 0K, committed 0K, reserved 0K

Heap Regions: E=young(eden), S=young(survivor), O=old, HS=humongous(starts), HC=humongous(continues), CS=collection set, F=free, OA=open archive, CA=closed archive, TAMS=top-at-mark-start (previous, next)

Card table byte_map: [0x000001de7f040000,0x000001de7f440000] _byte_map_base: 0x000001de7ec31000

Marking Bits (Prev, Next): (CMBitMap*) 0x000001de7e861ed0, (CMBitMap*) 0x000001de7e861f10
 Prev Bits: [0x000001de17160000, 0x000001de190e8000)
 Next Bits: [0x000001de190f0000, 0x000001de1b078000)

GC Heap History (0 events):
No events

Deoptimization events (0 events):
No events

Classes unloaded (0 events):
No events

Classes redefined (0 events):
No events

Internal exceptions (0 events):
No events

Events (1 events):
Event: 0.019 Loaded shared library C:\Program Files\Java\jdk-15.0.2\bin\java.dll


Dynamic libraries:
0x00007ff707860000 - 0x00007ff70786f000 	C:\Program Files\Java\jdk-15.0.2\bin\java.exe
0x00007ff98f6f0000 - 0x00007ff98f8e6000 	C:\WINDOWS\SYSTEM32\ntdll.dll
0x00007ff98e9a0000 - 0x00007ff98ea5d000 	C:\WINDOWS\System32\KERNEL32.DLL
0x00007ff98d390000 - 0x00007ff98d659000 	C:\WINDOWS\System32\KERNELBASE.dll
0x00007ff98ce90000 - 0x00007ff98cf90000 	C:\WINDOWS\System32\ucrtbase.dll
0x00007ff970220000 - 0x00007ff970239000 	C:\Program Files\Java\jdk-15.0.2\bin\VCRUNTIME140.dll
0x00007ff96a1a0000 - 0x00007ff96a1b8000 	C:\Program Files\Java\jdk-15.0.2\bin\jli.dll
0x00007ff98e2b0000 - 0x00007ff98e35c000 	C:\WINDOWS\System32\ADVAPI32.dll
0x00007ff98de10000 - 0x00007ff98deae000 	C:\WINDOWS\System32\msvcrt.dll
0x00007ff98e210000 - 0x00007ff98e2ac000 	C:\WINDOWS\System32\sechost.dll
0x00007ff98e360000 - 0x00007ff98e48b000 	C:\WINDOWS\System32\RPCRT4.dll
0x00007ff98da00000 - 0x00007ff98dba0000 	C:\WINDOWS\System32\USER32.dll
0x00007ff98ce60000 - 0x00007ff98ce82000 	C:\WINDOWS\System32\win32u.dll
0x00007ff98d9d0000 - 0x00007ff98d9fa000 	C:\WINDOWS\System32\GDI32.dll
0x00007ff9713d0000 - 0x00007ff97166b000 	C:\WINDOWS\WinSxS\amd64_microsoft.windows.common-controls_6595b64144ccf1df_6.0.19041.746_none_ca02b4b61b8320a4\COMCTL32.dll
0x00007ff98cff0000 - 0x00007ff98d0fb000 	C:\WINDOWS\System32\gdi32full.dll
0x00007ff98d6b0000 - 0x00007ff98d74d000 	C:\WINDOWS\System32\msvcp_win.dll
0x00007ff986e90000 - 0x00007ff986e9a000 	C:\WINDOWS\SYSTEM32\VERSION.dll
0x00007ff98e960000 - 0x00007ff98e990000 	C:\WINDOWS\System32\IMM32.DLL
0x00007ff974180000 - 0x00007ff97418c000 	C:\Program Files\Java\jdk-15.0.2\bin\vcruntime140_1.dll
0x00007ff92e1b0000 - 0x00007ff92e241000 	C:\Program Files\Java\jdk-15.0.2\bin\msvcp140.dll
0x00007ff931f20000 - 0x00007ff932a7e000 	C:\Program Files\Java\jdk-15.0.2\bin\server\jvm.dll
0x00007ff98ec40000 - 0x00007ff98ec48000 	C:\WINDOWS\System32\PSAPI.DLL
0x00007ff9741a0000 - 0x00007ff9741a9000 	C:\WINDOWS\SYSTEM32\WSOCK32.dll
0x00007ff978480000 - 0x00007ff9784a7000 	C:\WINDOWS\SYSTEM32\WINMM.dll
0x00007ff98dd40000 - 0x00007ff98ddab000 	C:\WINDOWS\System32\WS2_32.dll
0x00007ff98b870000 - 0x00007ff98b882000 	C:\WINDOWS\SYSTEM32\kernel.appcore.dll
0x00007ff970210000 - 0x00007ff97021a000 	C:\Program Files\Java\jdk-15.0.2\bin\jimage.dll
0x00007ff98b410000 - 0x00007ff98b5f4000 	C:\WINDOWS\SYSTEM32\DBGHELP.DLL
0x00007ff97a420000 - 0x00007ff97a44c000 	C:\WINDOWS\SYSTEM32\dbgcore.DLL
0x00007ff98d100000 - 0x00007ff98d180000 	C:\WINDOWS\System32\bcryptPrimitives.dll
0x00007ff95baa0000 - 0x00007ff95bac5000 	C:\Program Files\Java\jdk-15.0.2\bin\java.dll

dbghelp: loaded successfully - version: 4.0.5 - missing functions: none
symbol engine: initialized successfully - sym options: 0x614 - pdb path: .;C:\Program Files\Java\jdk-15.0.2\bin;C:\WINDOWS\SYSTEM32;C:\WINDOWS\WinSxS\amd64_microsoft.windows.common-controls_6595b64144ccf1df_6.0.19041.746_none_ca02b4b61b8320a4;C:\Program Files\Java\jdk-15.0.2\bin\server

VM Arguments:
jvm_args: -Dfile.encoding=UTF-8 
java_command: travel.management.system.ForgotPassword
java_class_path (initial): C:\mysql-connector-java-8.0.21\mysql-connector-java-8.0.21.jar;D:\java\Travel Management System\build\classes
Launcher Type: SUN_STANDARD

[Global flags]
     intx CICompilerCount                          = 4                                         {product} {ergonomic}
     uint ConcGCThreads                            = 2                                         {product} {ergonomic}
     uint G1ConcRefinementThreads                  = 8                                         {product} {ergonomic}
   size_t G1HeapRegionSize                         = 1048576                                   {product} {ergonomic}
    uintx GCDrainStackTargetSize                   = 64                                        {product} {ergonomic}
   size_t InitialHeapSize                          = 134217728                                 {product} {ergonomic}
   size_t MarkStackSize                            = 4194304                                   {product} {ergonomic}
   size_t MaxHeapSize                              = 2116026368                                {product} {ergonomic}
   size_t MinHeapDeltaBytes                        = 1048576                                   {product} {ergonomic}
   size_t MinHeapSize                              = 8388608                                   {product} {ergonomic}
    uintx NonNMethodCodeHeapSize                   = 5839372                                {pd product} {ergonomic}
    uintx NonProfiledCodeHeapSize                  = 122909434                              {pd product} {ergonomic}
    uintx ProfiledCodeHeapSize                     = 122909434                              {pd product} {ergonomic}
    uintx ReservedCodeCacheSize                    = 251658240                              {pd product} {ergonomic}
     bool SegmentedCodeCache                       = true                                      {product} {ergonomic}
   size_t SoftMaxHeapSize                          = 2116026368                             {manageable} {ergonomic}
     bool UseCompressedClassPointers               = true                                 {lp64_product} {ergonomic}
     bool UseCompressedOops                        = true                                 {lp64_product} {ergonomic}
     bool UseG1GC                                  = true                                      {product} {ergonomic}
     bool UseLargePagesIndividualAllocation        = false                                  {pd product} {ergonomic}

Logging:
Log output configuration:
 #0: stdout all=warning uptime,level,tags
 #1: stderr all=off uptime,level,tags

Environment Variables:
JAVA_HOME=C:\Program Files\Java\jdk-15
CLASSPATH=C:\Program Files\Java\jdk-12.0.1\lib;
PATH=C:\Python39\Scripts\;C:\Python39\;C:\Program Files\Common Files\Oracle\Java\javapath;C:\ProgramData\Oracle\Java\javapath;C:\Windows\system32;C:\Windows;C:\Windows\System32\Wbem;C:\Windows\System32\WindowsPowerShell\v1.0\;C:\Windows\System32\OpenSSH\;C:\Program Files (x86)\NVIDIA Corporation\PhysX\Common;C:\Program Files\NVIDIA Corporation\NVIDIA NvDLISR;C:\Program Files (x86)\Common Files\Oracle\Java\javapath;C:\WINDOWS\system32;C:\WINDOWS;C:\WINDOWS\System32\Wbem;C:\WINDOWS\System32\WindowsPowerShell\v1.0\;C:\WINDOWS\System32\OpenSSH\;C:\Program Files\Java\jre-10\bin;C:\Program Files\Java\jdk-15\bin;C:\nodejs\;C:\ProgramData\chocolatey\bin;C:\Program Files\MiKTeX\miktex\bin\x64\;C:\Users\kunjpatel\AppData\Local\Programs\Python\Python39\Scripts\;C:\Users\kunjpatel\AppData\Local\Programs\Python\Python39\;C:\Program Files\Java\jdk-12.0.1\bin;D:\pycharm\PyCharm Community Edition 2020.1\bin;;C:\Users\kunjpatel\AppData\Local\Programs\Microsoft VS Code\bin;C:\Users\kunjpatel\AppData\Local\Programs\Python\Python38-32\Scripts;C:\Users\kunjpatel\AppData\Local\Programs\Python\Python38-32;C:\Users\kunjpatel\AppData\Local\Microsoft\WindowsApps;C:\Program Files\JetBrains\IntelliJ IDEA Community Edition 2020.2.2\bin;;C:\Users\kunjpatel\AppData\Roaming\npm;
USERNAME=kunjpatel
OS=Windows_NT
PROCESSOR_IDENTIFIER=Intel64 Family 6 Model 158 Stepping 10, GenuineIntel



---------------  S Y S T E M  ---------------

OS:
 Windows 10 , 64 bit Build 19041 (10.0.19041.804)
OS uptime: 0 days 4:12 hours

CPU: total 8 (initial active 8) (4 cores per cpu, 2 threads per core) family 6 model 158 stepping 10 microcode 0xb4, cmov, cx8, fxsr, mmx, sse, sse2, sse3, ssse3, sse4.1, sse4.2, popcnt, vzeroupper, avx, avx2, aes, clmul, erms, 3dnowpref, lzcnt, ht, tsc, tscinvbit, bmi1, bmi2, adx, fma, clflush, clflushopt

Memory: 4k page, system-wide physical 8066M (907M free)
TotalPageFile size 32642M (AvailPageFile size 128M)
current process WorkingSet (physical memory assigned to process): 10M, peak: 10M
current process commit charge ("private bytes"): 60M, peak: 188M

vm_info: Java HotSpot(TM) 64-Bit Server VM (15.0.2+7-27) for windows-amd64 JRE (15.0.2+7-27), built on Dec  7 2020 20:07:01 by "mach5one" with unknown MS VC++:1925

END.
